red 1603962583317795 1603962583317931
red 1603962583318007 1603962583318013
red 1603962583318057 1603962583318067
red 1603962583318125 1603962583318130
red 1603962583318163 1603962583318168
red 1603962583318215 1603962583318222
red 1603962583318285 1603962583318296
red 1603962583318352 1603962583318358
red 1603962583318417 1603962583318424
red 1603962583318475 1603962583318485
red 1603962583318521 1603962583318526
red 1603962583318573 1603962583318583
red 1603962583318628 1603962583318642
red 1603962583318687 1603962583318692
red 1603962583318724 1603962583318729
red 1603962583318774 1603962583318781
red 1603962583318814 1603962583318823
red 1603962583318859 1603962583318864
red 1603962583318914 1603962583318921
red 1603962583318966 1603962583318972
red 1603962583319011 1603962583319018
red 1603962583319057 1603962583319065
red 1603962583319111 1603962583319117
red 1603962583319156 1603962583319162
red 1603962583319204 1603962583319211
red 1603962583319250 1603962583319257
red 1603962583319298 1603962583319304
red 1603962583319352 1603962583319359
red 1603962583319400 1603962583319407
red 1603962583319452 1603962583319458
red 1603962583319501 1603962583319508
red 1603962583319550 1603962583319557
red 1603962583319600 1603962583319606
red 1603962583319649 1603962583319657
red 1603962583319698 1603962583319705
red 1603962583319748 1603962583319755
red 1603962583319797 1603962583319804
red 1603962583319846 1603962583319854
red 1603962583319895 1603962583319902
red 1603962583319945 1603962583319952
red 1603962583319994 1603962583320001
red 1603962583320043 1603962583320050
red 1603962583320092 1603962583320099
red 1603962583320142 1603962583320149
red 1603962583320191 1603962583320199
red 1603962583320240 1603962583320247
red 1603962583320290 1603962583320297
red 1603962583320339 1603962583320347
red 1603962583320388 1603962583320396
red 1603962583320437 1603962583320444
red 1603962583320486 1603962583320493
red 1603962583320535 1603962583320542
red 1603962583320585 1603962583320592
red 1603962583320633 1603962583320641
red 1603962583320682 1603962583320690
red 1603962583320732 1603962583320739
red 1603962583320781 1603962583320789
red 1603962583320830 1603962583320836
red 1603962583320880 1603962583320887
red 1603962583320930 1603962583320937
red 1603962583320979 1603962583320986
red 1603962583321028 1603962583321035
red 1603962583321079 1603962583321086
red 1603962583321129 1603962583321135
red 1603962583321178 1603962583321185
red 1603962583321227 1603962583321234
red 1603962583321275 1603962583321282
red 1603962583321325 1603962583321331
red 1603962583321374 1603962583321381
red 1603962583321423 1603962583321430
red 1603962583321473 1603962583321480
red 1603962583321531 1603962583321538
red 1603962583321574 1603962583321581
red 1603962583321617 1603962583321624
red 1603962583321662 1603962583321668
red 1603962583321705 1603962583321711
red 1603962583321749 1603962583321755
red 1603962583321792 1603962583321799
red 1603962583321835 1603962583321842
red 1603962583321879 1603962583321885
red 1603962583321925 1603962583321932
red 1603962583321970 1603962583321976
red 1603962583322013 1603962583322019
red 1603962583322055 1603962583322061
red 1603962583322098 1603962583322105
red 1603962583322142 1603962583322148
red 1603962583322186 1603962583322192
red 1603962583322230 1603962583322236
red 1603962583322274 1603962583322280
red 1603962583322318 1603962583322324
red 1603962583322362 1603962583322368
red 1603962583322406 1603962583322412
red 1603962583322450 1603962583322456
red 1603962583322493 1603962583322500
red 1603962583322536 1603962583322543
red 1603962583322579 1603962583322585
red 1603962583322623 1603962583322629
red 1603962583322667 1603962583322673
red 1603962583322710 1603962583322716
red 1603962583322754 1603962583322760
red 1603962583322797 1603962583322803
red 1603962583322841 1603962583322847
red 1603962583322884 1603962583322890
red 1603962583322964 1603962583322971
red 1603962583323009 1603962583323015
red 1603962583323052 1603962583323058
red 1603962583323125 1603962583323131
red 1603962583323169 1603962583323175
red 1603962583323238 1603962583323244
red 1603962583323282 1603962583323288
red 1603962583323324 1603962583323330
red 1603962583323368 1603962583323374
red 1603962583323410 1603962583323417
red 1603962583323454 1603962583323460
red 1603962583323498 1603962583323504
red 1603962583323542 1603962583323548
red 1603962583323585 1603962583323591
red 1603962583323629 1603962583323635
red 1603962583323672 1603962583323678
red 1603962583323716 1603962583323723
red 1603962583323761 1603962583323767
red 1603962583323804 1603962583323810
red 1603962583323847 1603962583323854
red 1603962583323891 1603962583323897
red 1603962583323934 1603962583323940
red 1603962583323978 1603962583323984
red 1603962583324030 1603962583324036
red 1603962583324071 1603962583324076
red 1603962583324112 1603962583324118
red 1603962583324153 1603962583324158
red 1603962583324193 1603962583324199
red 1603962583324234 1603962583324239
red 1603962583324273 1603962583324279
red 1603962583324315 1603962583324321
red 1603962583324354 1603962583324360
red 1603962583324394 1603962583324400
red 1603962583324434 1603962583324440
red 1603962583324474 1603962583324480
red 1603962583324514 1603962583324520
red 1603962583324554 1603962583324560
red 1603962583324595 1603962583324601
red 1603962583324636 1603962583324642
red 1603962583324676 1603962583324681
red 1603962583324716 1603962583324722
red 1603962583324757 1603962583324763
red 1603962583324798 1603962583324804
red 1603962583324838 1603962583324843
red 1603962583324878 1603962583324883
red 1603962583324918 1603962583324924
red 1603962583324959 1603962583324964
red 1603962583324999 1603962583325005
red 1603962583325041 1603962583325047
red 1603962583325081 1603962583325086
red 1603962583325121 1603962583325127
red 1603962583325161 1603962583325167
red 1603962583325200 1603962583325206
red 1603962583325241 1603962583325247
red 1603962583325281 1603962583325287
red 1603962583325320 1603962583325326
red 1603962583325360 1603962583325366
red 1603962583325401 1603962583325407
red 1603962583325442 1603962583325448
red 1603962583325483 1603962583325488
red 1603962583325523 1603962583325529
red 1603962583325563 1603962583325570
red 1603962583325605 1603962583325611
red 1603962583325646 1603962583325651
red 1603962583325686 1603962583325692
red 1603962583325726 1603962583325732
red 1603962583325767 1603962583325773
red 1603962583325806 1603962583325812
red 1603962583325847 1603962583325852
red 1603962583325887 1603962583325893
red 1603962583325928 1603962583325933
red 1603962583325967 1603962583325973
red 1603962583326008 1603962583326014
red 1603962583326049 1603962583326054
red 1603962583326089 1603962583326095
red 1603962583326131 1603962583326136
red 1603962583326200 1603962583326206
red 1603962583326242 1603962583326248
red 1603962583326282 1603962583326288
red 1603962583326323 1603962583326329
red 1603962583326363 1603962583326369
red 1603962583326403 1603962583326410
red 1603962583326444 1603962583326450
red 1603962583326485 1603962583326491
red 1603962583326569 1603962583326574
red 1603962583326609 1603962583326614
red 1603962583326649 1603962583326654
red 1603962583326689 1603962583326695
red 1603962583326730 1603962583326736
red 1603962583326770 1603962583326775
red 1603962583326810 1603962583326816
red 1603962583326851 1603962583326857
red 1603962583326892 1603962583326923
red 1603962583326959 1603962583326964
red 1603962583326999 1603962583327005
red 1603962583327040 1603962583327045
red 1603962583327079 1603962583327085
red 1603962583327120 1603962583327126
red 1603962583327161 1603962583327167
red 1603962583327202 1603962583327208
red 1603962583327242 1603962583327248
red 1603962583327283 1603962583327288
red 1603962583327343 1603962583327350
red 1603962583327383 1603962583327389
red 1603962583327423 1603962583327429
red 1603962583327463 1603962583327469
red 1603962583327505 1603962583327510
red 1603962583327545 1603962583327551
red 1603962583327611 1603962583327617
red 1603962583327651 1603962583327658
red 1603962583327692 1603962583327698
red 1603962583327732 1603962583327738
red 1603962583327771 1603962583327777
red 1603962583327834 1603962583327841
red 1603962583327874 1603962583327880
red 1603962583327914 1603962583327920
red 1603962583327954 1603962583327961
red 1603962583327995 1603962583328002
red 1603962583328038 1603962583328044
red 1603962583328080 1603962583328086
red 1603962583328122 1603962583328128
red 1603962583328164 1603962583328170
red 1603962583328206 1603962583328212
red 1603962583328247 1603962583328253
red 1603962583328289 1603962583328295
red 1603962583328330 1603962583328336
red 1603962583328372 1603962583328378
red 1603962583328414 1603962583328420
red 1603962583328456 1603962583328462
red 1603962583328497 1603962583328503
red 1603962583328539 1603962583328545
red 1603962583328581 1603962583328587
red 1603962583328624 1603962583328630
red 1603962583328693 1603962583328699
red 1603962583328738 1603962583328744
red 1603962583328782 1603962583328789
red 1603962583328843 1603962583328854
red 1603962583328895 1603962583328901
red 1603962583328933 1603962583328938
red 1603962583328978 1603962583328984
red 1603962583329017 1603962583329022
red 1603962583329057 1603962583329063
red 1603962583329096 1603962583329102
red 1603962583329136 1603962583329141
red 1603962583329175 1603962583329181
red 1603962583329215 1603962583329221
red 1603962583329255 1603962583329260
red 1603962583329294 1603962583329299
red 1603962583329333 1603962583329338
red 1603962583329371 1603962583329376
red 1603962583329410 1603962583329416
red 1603962583329449 1603962583329455
red 1603962583329489 1603962583329495
red 1603962583329529 1603962583329534
red 1603962583329568 1603962583329574
red 1603962583329608 1603962583329613
red 1603962583329646 1603962583329652
red 1603962583329686 1603962583329691
red 1603962583329725 1603962583329731
red 1603962583329765 1603962583329771
red 1603962583329804 1603962583329810
red 1603962583329844 1603962583329849
red 1603962583329882 1603962583329888
red 1603962583329922 1603962583329927
red 1603962583329961 1603962583329967
red 1603962583330001 1603962583330007
red 1603962583330040 1603962583330046
red 1603962583330080 1603962583330086
red 1603962583330120 1603962583330125
red 1603962583330159 1603962583330165
red 1603962583330199 1603962583330205
red 1603962583330239 1603962583330244
red 1603962583330278 1603962583330284
red 1603962583330318 1603962583330323
red 1603962583330357 1603962583330363
red 1603962583330396 1603962583330401
red 1603962583330436 1603962583330442
red 1603962583330475 1603962583330481
red 1603962583330515 1603962583330521
red 1603962583330555 1603962583330561
red 1603962583330594 1603962583330600
red 1603962583330633 1603962583330639
red 1603962583330673 1603962583330679
red 1603962583330713 1603962583330719
red 1603962583330754 1603962583330759
red 1603962583330793 1603962583330799
red 1603962583330833 1603962583330838
red 1603962583330872 1603962583330877
red 1603962583330909 1603962583330915
red 1603962583330948 1603962583330954
red 1603962583330988 1603962583330993
red 1603962583331027 1603962583331033
red 1603962583331067 1603962583331073
red 1603962583331106 1603962583331111
red 1603962583331149 1603962583331156
red 1603962583331183 1603962583331188
red 1603962583331215 1603962583331219
red 1603962583331272 1603962583331277
red 1603962583331310 1603962583331316
red 1603962583331349 1603962583331355
red 1603962583331388 1603962583331393
red 1603962583331429 1603962583331434
red 1603962583331468 1603962583331473
red 1603962583331507 1603962583331513
red 1603962583331547 1603962583331552
red 1603962583331614 1603962583331619
red 1603962583331653 1603962583331658
red 1603962583331692 1603962583331698
red 1603962583331732 1603962583331737
red 1603962583331797 1603962583331803
red 1603962583331854 1603962583331860
red 1603962583331901 1603962583331907
red 1603962583331944 1603962583331951
red 1603962583332013 1603962583332020
red 1603962583332056 1603962583332067
red 1603962583332107 1603962583332113
red 1603962583332187 1603962583332194
red 1603962583332247 1603962583332254
red 1603962583332290 1603962583332295
red 1603962583332328 1603962583332334
red 1603962583332368 1603962583332374
red 1603962583332436 1603962583332441
red 1603962583332475 1603962583332481
red 1603962583332515 1603962583332520
red 1603962583332555 1603962583332560
red 1603962583332586 1603962583332591
red 1603962583332618 1603962583332629
red 1603962583332677 1603962583332683
red 1603962583332716 1603962583332722
red 1603962583332756 1603962583332761
red 1603962583332795 1603962583332801
red 1603962583332835 1603962583332840
red 1603962583332874 1603962583332879
red 1603962583332912 1603962583332919
red 1603962583332953 1603962583332959
red 1603962583333003 1603962583333008
red 1603962583333040 1603962583333045
red 1603962583333077 1603962583333082
red 1603962583333116 1603962583333121
red 1603962583333153 1603962583333160
red 1603962583333198 1603962583333205
red 1603962583333239 1603962583333243
red 1603962583333268 1603962583333272
red 1603962583333317 1603962583333321
red 1603962583333357 1603962583333362
red 1603962583333394 1603962583333399
red 1603962583333429 1603962583333434
red 1603962583333491 1603962583333499
red 1603962583333536 1603962583333541
red 1603962583333571 1603962583333575
red 1603962583333612 1603962583333616
red 1603962583333653 1603962583333658
red 1603962583333693 1603962583333699
red 1603962583333737 1603962583333742
red 1603962583333802 1603962583333809
red 1603962583333843 1603962583333848
red 1603962583333890 1603962583333896
red 1603962583333927 1603962583333933
red 1603962583333965 1603962583333971
red 1603962583334002 1603962583334008
red 1603962583334039 1603962583334045
red 1603962583334076 1603962583334081
red 1603962583334113 1603962583334118
red 1603962583334150 1603962583334155
red 1603962583334187 1603962583334192
red 1603962583334224 1603962583334230
red 1603962583334262 1603962583334268
red 1603962583334300 1603962583334305
red 1603962583334337 1603962583334342
red 1603962583334375 1603962583334380
red 1603962583334433 1603962583334439
red 1603962583334470 1603962583334475
red 1603962583334506 1603962583334511
red 1603962583334543 1603962583334548
red 1603962583334579 1603962583334587
red 1603962583334647 1603962583334655
red 1603962583334706 1603962583334728
red 1603962583334765 1603962583334769
red 1603962583334799 1603962583334805
red 1603962583334836 1603962583334841
red 1603962583334873 1603962583334878
red 1603962583334919 1603962583334924
red 1603962583334960 1603962583334966
red 1603962583335013 1603962583335018
red 1603962583335053 1603962583335058
red 1603962583335091 1603962583335095
red 1603962583335120 1603962583335124
red 1603962583335157 1603962583335200
red 1603962583335246 1603962583335251
red 1603962583335275 1603962583335283
red 1603962583335316 1603962583335322
red 1603962583335352 1603962583335357
red 1603962583335388 1603962583335393
red 1603962583335432 1603962583335441
red 1603962583335482 1603962583335487
red 1603962583335525 1603962583335530
red 1603962583335561 1603962583335566
red 1603962583335596 1603962583335603
red 1603962583335631 1603962583335637
red 1603962583335674 1603962583335679
red 1603962583335712 1603962583335717
red 1603962583335746 1603962583335752
red 1603962583335781 1603962583335786
red 1603962583335819 1603962583335825
red 1603962583335859 1603962583335865
red 1603962583335897 1603962583335902
red 1603962583335934 1603962583335939
red 1603962583335999 1603962583336004
red 1603962583336041 1603962583336046
red 1603962583336075 1603962583336079
red 1603962583336109 1603962583336114
red 1603962583336144 1603962583336150
red 1603962583336194 1603962583336202
red 1603962583336252 1603962583336258
red 1603962583336293 1603962583336297
red 1603962583336326 1603962583336331
red 1603962583336361 1603962583336366
red 1603962583336396 1603962583336401
red 1603962583336461 1603962583336467
red 1603962583336496 1603962583336501
red 1603962583336540 1603962583336545
red 1603962583336581 1603962583336585
red 1603962583336617 1603962583336622
red 1603962583336654 1603962583336659
red 1603962583336689 1603962583336695
red 1603962583336728 1603962583336737
red 1603962583336768 1603962583336773
red 1603962583336804 1603962583336810
red 1603962583336837 1603962583336842
red 1603962583336906 1603962583336910
red 1603962583336941 1603962583336945
red 1603962583336981 1603962583336986
red 1603962583337023 1603962583337029
red 1603962583337063 1603962583337070
red 1603962583337102 1603962583337110
red 1603962583337139 1603962583337145
red 1603962583337175 1603962583337181
red 1603962583337212 1603962583337220
red 1603962583337254 1603962583337258
red 1603962583337300 1603962583337306
red 1603962583337339 1603962583337344
red 1603962583337375 1603962583337382
red 1603962583337414 1603962583337419
red 1603962583337452 1603962583337457
red 1603962583337490 1603962583337496
red 1603962583337527 1603962583337532
red 1603962583337562 1603962583337567
red 1603962583337598 1603962583337603
red 1603962583337634 1603962583337639
red 1603962583337669 1603962583337675
red 1603962583337706 1603962583337711
red 1603962583337742 1603962583337747
red 1603962583337778 1603962583337783
red 1603962583337814 1603962583337819
red 1603962583337856 1603962583337862
red 1603962583337894 1603962583337899
red 1603962583337930 1603962583337935
red 1603962583337967 1603962583337972
red 1603962583338004 1603962583338009
red 1603962583338041 1603962583338046
red 1603962583338078 1603962583338084
red 1603962583338114 1603962583338120
red 1603962583338153 1603962583338159
red 1603962583338192 1603962583338197
red 1603962583338230 1603962583338235
red 1603962583338267 1603962583338273
red 1603962583338305 1603962583338311
red 1603962583338345 1603962583338351
red 1603962583338385 1603962583338392
red 1603962583338424 1603962583338429
red 1603962583338460 1603962583338465
red 1603962583338495 1603962583338500
red 1603962583338532 1603962583338538
red 1603962583338578 1603962583338584
red 1603962583338616 1603962583338622
red 1603962583338658 1603962583338665
red 1603962583338705 1603962583338712
red 1603962583338744 1603962583338750
red 1603962583338782 1603962583338788
red 1603962583338820 1603962583338826
red 1603962583338858 1603962583338863
red 1603962583338895 1603962583338901
red 1603962583338934 1603962583338941
red 1603962583338971 1603962583338977
red 1603962583339008 1603962583339013
red 1603962583339044 1603962583339049
red 1603962583339079 1603962583339084
red 1603962583339116 1603962583339120
red 1603962583339151 1603962583339156
red 1603962583339188 1603962583339193
red 1603962583339224 1603962583339229
red 1603962583339260 1603962583339265
red 1603962583339296 1603962583339301
red 1603962583339332 1603962583339337
red 1603962583339368 1603962583339373
red 1603962583339405 1603962583339410
red 1603962583339446 1603962583339452
red 1603962583339485 1603962583339490
red 1603962583339520 1603962583339526
red 1603962583339558 1603962583339563
red 1603962583339598 1603962583339607
red 1603962583339649 1603962583339655
red 1603962583339690 1603962583339696
red 1603962583339729 1603962583339734
red 1603962583339767 1603962583339772
red 1603962583339803 1603962583339808
red 1603962583339841 1603962583339846
red 1603962583339877 1603962583339883
red 1603962583339915 1603962583339920
red 1603962583339953 1603962583339958
red 1603962583340017 1603962583340023
red 1603962583340054 1603962583340060
red 1603962583340092 1603962583340098
red 1603962583340130 1603962583340135
red 1603962583340167 1603962583340173
red 1603962583340205 1603962583340212
red 1603962583340247 1603962583340252
red 1603962583340283 1603962583340288
red 1603962583340319 1603962583340324
red 1603962583340355 1603962583340360
red 1603962583340392 1603962583340397
red 1603962583340427 1603962583340432
red 1603962583340463 1603962583340468
red 1603962583340529 1603962583340534
red 1603962583340566 1603962583340572
red 1603962583340602 1603962583340607
red 1603962583340638 1603962583340643
red 1603962583340674 1603962583340680
red 1603962583340713 1603962583340719
red 1603962583340755 1603962583340761
red 1603962583340792 1603962583340797
red 1603962583340828 1603962583340833
red 1603962583340893 1603962583340899
red 1603962583340930 1603962583340943
red 1603962583340976 1603962583340983
red 1603962583341015 1603962583341020
red 1603962583341078 1603962583341083
red 1603962583341114 1603962583341120
red 1603962583341150 1603962583341155
red 1603962583341186 1603962583341191
red 1603962583341228 1603962583341234
red 1603962583341265 1603962583341270
red 1603962583341302 1603962583341307
red 1603962583341338 1603962583341343
red 1603962583341374 1603962583341379
red 1603962583341410 1603962583341415
red 1603962583341446 1603962583341452
red 1603962583341482 1603962583341487
red 1603962583341518 1603962583341524
red 1603962583341554 1603962583341559
red 1603962583341590 1603962583341596
red 1603962583341627 1603962583341632
red 1603962583341663 1603962583341668
red 1603962583341702 1603962583341707
red 1603962583341739 1603962583341747
red 1603962583341780 1603962583341786
red 1603962583341848 1603962583341853
red 1603962583341885 1603962583341892
red 1603962583341933 1603962583341940
red 1603962583341972 1603962583341977
red 1603962583342008 1603962583342013
red 1603962583342046 1603962583342051
red 1603962583342087 1603962583342093
red 1603962583342125 1603962583342131
red 1603962583342163 1603962583342168
red 1603962583342200 1603962583342206
red 1603962583342238 1603962583342243
red 1603962583342275 1603962583342280
red 1603962583342312 1603962583342318
red 1603962583342349 1603962583342354
red 1603962583342386 1603962583342392
red 1603962583342423 1603962583342428
red 1603962583342460 1603962583342466
red 1603962583342497 1603962583342502
red 1603962583342535 1603962583342540
red 1603962583342572 1603962583342577
red 1603962583342609 1603962583342615
red 1603962583342647 1603962583342652
red 1603962583342683 1603962583342689
red 1603962583342720 1603962583342725
red 1603962583342756 1603962583342762
red 1603962583342793 1603962583342798
red 1603962583342830 1603962583342857
red 1603962583342889 1603962583342895
red 1603962583342926 1603962583342931
red 1603962583342962 1603962583342968
red 1603962583343000 1603962583343005
red 1603962583343037 1603962583343042
red 1603962583343074 1603962583343079
red 1603962583343110 1603962583343116
red 1603962583343147 1603962583343152
red 1603962583343183 1603962583343189
red 1603962583343226 1603962583343231
red 1603962583343263 1603962583343268
red 1603962583343303 1603962583343310
red 1603962583343342 1603962583343348
red 1603962583343380 1603962583343386
red 1603962583343418 1603962583343424
red 1603962583343458 1603962583343463
red 1603962583343497 1603962583343502
red 1603962583343534 1603962583343539
red 1603962583343570 1603962583343575
red 1603962583343607 1603962583343614
red 1603962583343647 1603962583343652
red 1603962583343683 1603962583343688
red 1603962583343725 1603962583343730
red 1603962583343761 1603962583343766
red 1603962583343798 1603962583343803
red 1603962583343834 1603962583343840
red 1603962583343872 1603962583343878
red 1603962583343910 1603962583343915
red 1603962583343949 1603962583343954
red 1603962583344011 1603962583344017
red 1603962583344050 1603962583344056
red 1603962583344088 1603962583344093
red 1603962583344135 1603962583344141
red 1603962583344177 1603962583344183
red 1603962583344215 1603962583344222
red 1603962583344260 1603962583344267
red 1603962583344302 1603962583344307
red 1603962583344343 1603962583344349
red 1603962583344383 1603962583344388
red 1603962583344420 1603962583344425
red 1603962583344458 1603962583344463
red 1603962583344496 1603962583344501
red 1603962583344532 1603962583344537
red 1603962583344567 1603962583344572
red 1603962583344603 1603962583344608
red 1603962583344667 1603962583344672
red 1603962583344705 1603962583344711
red 1603962583344742 1603962583344747
red 1603962583344778 1603962583344783
red 1603962583344814 1603962583344819
red 1603962583344850 1603962583344855
red 1603962583344886 1603962583344892
red 1603962583344924 1603962583344929
red 1603962583344960 1603962583344965
red 1603962583344998 1603962583345002
red 1603962583345041 1603962583345046
red 1603962583345077 1603962583345083
red 1603962583345119 1603962583345125
red 1603962583345156 1603962583345161
red 1603962583345193 1603962583345199
red 1603962583345230 1603962583345235
red 1603962583345302 1603962583345308
red 1603962583345341 1603962583345347
red 1603962583345380 1603962583345386
red 1603962583345420 1603962583345426
red 1603962583345460 1603962583345465
red 1603962583345499 1603962583345505
red 1603962583345538 1603962583345544
red 1603962583345577 1603962583345583
red 1603962583345617 1603962583345623
red 1603962583345656 1603962583345661
red 1603962583345695 1603962583345700
red 1603962583345734 1603962583345740
red 1603962583345773 1603962583345779
red 1603962583345812 1603962583345818
red 1603962583345852 1603962583345858
red 1603962583345892 1603962583345898
red 1603962583345938 1603962583345943
red 1603962583345977 1603962583345983
red 1603962583346015 1603962583346020
red 1603962583346054 1603962583346060
red 1603962583346094 1603962583346099
red 1603962583346133 1603962583346138
red 1603962583346172 1603962583346178
red 1603962583346212 1603962583346218
red 1603962583346251 1603962583346256
red 1603962583346289 1603962583346295
red 1603962583346329 1603962583346335
red 1603962583346367 1603962583346373
red 1603962583346406 1603962583346412
red 1603962583346445 1603962583346451
red 1603962583346484 1603962583346490
red 1603962583346523 1603962583346529
red 1603962583346563 1603962583346569
red 1603962583346602 1603962583346608
red 1603962583346642 1603962583346648
red 1603962583346681 1603962583346687
red 1603962583346733 1603962583346739
red 1603962583346775 1603962583346781
red 1603962583346818 1603962583346824
red 1603962583346859 1603962583346866
red 1603962583346902 1603962583346907
red 1603962583346943 1603962583346949
red 1603962583346986 1603962583346992
red 1603962583347028 1603962583347035
red 1603962583347070 1603962583347076
red 1603962583347112 1603962583347118
red 1603962583347154 1603962583347160
red 1603962583347196 1603962583347202
red 1603962583347238 1603962583347244
red 1603962583347280 1603962583347287
red 1603962583347323 1603962583347329
red 1603962583347365 1603962583347372
red 1603962583347407 1603962583347413
red 1603962583347449 1603962583347455
red 1603962583347491 1603962583347497
red 1603962583347533 1603962583347539
red 1603962583347574 1603962583347580
red 1603962583347616 1603962583347622
red 1603962583347658 1603962583347664
red 1603962583347699 1603962583347705
red 1603962583347741 1603962583347747
red 1603962583347783 1603962583347789
red 1603962583347824 1603962583347831
red 1603962583347867 1603962583347873
red 1603962583347910 1603962583347916
red 1603962583347951 1603962583347958
red 1603962583348032 1603962583348037
red 1603962583348071 1603962583348077
red 1603962583348111 1603962583348117
red 1603962583348149 1603962583348155
red 1603962583348216 1603962583348222
red 1603962583348255 1603962583348261
red 1603962583348294 1603962583348300
red 1603962583348333 1603962583348339
red 1603962583348372 1603962583348378
red 1603962583348412 1603962583348418
red 1603962583348451 1603962583348457
red 1603962583348489 1603962583348495
red 1603962583348529 1603962583348535
red 1603962583348568 1603962583348574
red 1603962583348608 1603962583348614
red 1603962583348648 1603962583348655
red 1603962583348691 1603962583348697
red 1603962583348731 1603962583348736
red 1603962583348767 1603962583348773
red 1603962583348805 1603962583348812
red 1603962583348843 1603962583348849
red 1603962583348881 1603962583348887
red 1603962583348921 1603962583348927
red 1603962583348979 1603962583348984
red 1603962583349016 1603962583349022
red 1603962583349055 1603962583349061
red 1603962583349094 1603962583349100
red 1603962583349133 1603962583349139
red 1603962583349173 1603962583349179
red 1603962583349213 1603962583349219
red 1603962583349251 1603962583349257
red 1603962583349291 1603962583349297
red 1603962583349346 1603962583349352
red 1603962583349386 1603962583349392
red 1603962583349425 1603962583349441
red 1603962583349478 1603962583349484
red 1603962583349520 1603962583349526
red 1603962583349563 1603962583349569
red 1603962583349604 1603962583349610
red 1603962583349646 1603962583349652
red 1603962583349706 1603962583349712
red 1603962583349748 1603962583349754
red 1603962583349808 1603962583349814
red 1603962583349848 1603962583349855
red 1603962583349891 1603962583349897
red 1603962583349934 1603962583349940
red 1603962583349983 1603962583349990
red 1603962583350027 1603962583350034
red 1603962583350069 1603962583350075
red 1603962583350116 1603962583350122
red 1603962583350165 1603962583350171
red 1603962583350208 1603962583350215
red 1603962583350251 1603962583350257
red 1603962583350294 1603962583350299
red 1603962583350335 1603962583350341
red 1603962583350378 1603962583350384
red 1603962583350419 1603962583350426
red 1603962583350462 1603962583350470
red 1603962583350511 1603962583350519
red 1603962583350592 1603962583350601
red 1603962583350649 1603962583350660
red 1603962583350713 1603962583350722
red 1603962583350777 1603962583350785
red 1603962583350843 1603962583350853
red 1603962583350915 1603962583350924
red 1603962583350989 1603962583350999
red 1603962583351048 1603962583351056
red 1603962583351099 1603962583351203
red 1603962583351248 1603962583351255
red 1603962583351298 1603962583351305
red 1603962583351359 1603962583351367
red 1603962583351404 1603962583351412
red 1603962583351450 1603962583351455
red 1603962583351488 1603962583351493
red 1603962583351532 1603962583351538
red 1603962583351574 1603962583351580
red 1603962583351614 1603962583351620
red 1603962583351654 1603962583351659
red 1603962583351704 1603962583351711
red 1603962583351754 1603962583351760
red 1603962583351794 1603962583351799
red 1603962583351832 1603962583351838
red 1603962583351872 1603962583351878
red 1603962583351912 1603962583351919
red 1603962583351952 1603962583351968
red 1603962583352002 1603962583352008
red 1603962583352041 1603962583352048
red 1603962583352083 1603962583352089
red 1603962583352123 1603962583352129
red 1603962583352161 1603962583352167
red 1603962583352199 1603962583352205
red 1603962583352240 1603962583352246
red 1603962583352278 1603962583352284
red 1603962583352318 1603962583352325
red 1603962583352358 1603962583352364
red 1603962583352413 1603962583352420
red 1603962583352454 1603962583352470
red 1603962583352523 1603962583352529
red 1603962583352597 1603962583352602
red 1603962583352639 1603962583352644
red 1603962583352685 1603962583352690
red 1603962583352725 1603962583352734
red 1603962583352772 1603962583352780
red 1603962583352819 1603962583352824
red 1603962583352861 1603962583352866
red 1603962583352904 1603962583352911
red 1603962583352949 1603962583352954
red 1603962583353046 1603962583353054
red 1603962583353086 1603962583353092
red 1603962583353123 1603962583353129
red 1603962583353173 1603962583353178
red 1603962583353212 1603962583353218
red 1603962583353251 1603962583353257
red 1603962583353291 1603962583353297
red 1603962583353332 1603962583353337
red 1603962583353371 1603962583353377
red 1603962583353411 1603962583353417
red 1603962583353452 1603962583353457
red 1603962583353491 1603962583353496
red 1603962583353529 1603962583353535
red 1603962583353570 1603962583353576
red 1603962583353610 1603962583353616
red 1603962583353654 1603962583353659
red 1603962583353692 1603962583353698
red 1603962583353732 1603962583353738
red 1603962583353784 1603962583353791
red 1603962583353824 1603962583353829
red 1603962583353886 1603962583353892
red 1603962583353963 1603962583353967
red 1603962583354007 1603962583354012
red 1603962583354044 1603962583354050
red 1603962583354085 1603962583354091
red 1603962583354125 1603962583354131
red 1603962583354184 1603962583354197
red 1603962583354247 1603962583354255
red 1603962583354307 1603962583354317
red 1603962583354348 1603962583354355
red 1603962583354390 1603962583354395
red 1603962583354427 1603962583354433
red 1603962583354469 1603962583354475
red 1603962583354507 1603962583354513
red 1603962583354548 1603962583354553
red 1603962583354585 1603962583354592
red 1603962583354626 1603962583354632
red 1603962583354663 1603962583354670
red 1603962583354705 1603962583354710
red 1603962583354742 1603962583354748
red 1603962583354783 1603962583354788
red 1603962583354820 1603962583354826
red 1603962583354861 1603962583354866
red 1603962583354940 1603962583354945
red 1603962583354983 1603962583354991
red 1603962583355042 1603962583355049
red 1603962583355098 1603962583355107
red 1603962583355160 1603962583355168
red 1603962583355220 1603962583355225
red 1603962583355258 1603962583355281
red 1603962583355323 1603962583355334
red 1603962583355378 1603962583355415
red 1603962583355480 1603962583355485
red 1603962583355518 1603962583355525
red 1603962583355577 1603962583355584
red 1603962583355621 1603962583355626
red 1603962583355658 1603962583355664
red 1603962583355698 1603962583355703
red 1603962583355740 1603962583355747
red 1603962583355796 1603962583355804
red 1603962583355855 1603962583355864
red 1603962583355910 1603962583355939
red 1603962583355999 1603962583356005
red 1603962583356043 1603962583356049
red 1603962583356094 1603962583356105
red 1603962583356154 1603962583356161
red 1603962583356210 1603962583356217
red 1603962583356266 1603962583356272
red 1603962583356312 1603962583356318
red 1603962583356352 1603962583356361
red 1603962583356398 1603962583356407
red 1603962583356527 1603962583356542
red 1603962583356635 1603962583356645
red 1603962583356693 1603962583356699
red 1603962583356752 1603962583356760
red 1603962583356810 1603962583356815
red 1603962583356866 1603962583356874
red 1603962583356909 1603962583356914
red 1603962583356951 1603962583356956
red 1603962583356996 1603962583357001
red 1603962583357048 1603962583357054
red 1603962583357098 1603962583357104
red 1603962583357141 1603962583357148
red 1603962583357181 1603962583357191
red 1603962583357229 1603962583357234
red 1603962583357270 1603962583357276
red 1603962583357311 1603962583357318
red 1603962583357355 1603962583357361
red 1603962583357396 1603962583357402
red 1603962583357439 1603962583357445
red 1603962583357481 1603962583357487
red 1603962583357523 1603962583357530
red 1603962583357565 1603962583357571
red 1603962583357608 1603962583357614
red 1603962583357650 1603962583357656
red 1603962583357691 1603962583357698
red 1603962583357734 1603962583357741
red 1603962583357776 1603962583357782
red 1603962583357818 1603962583357824
red 1603962583357860 1603962583357867
red 1603962583357902 1603962583357908
red 1603962583357944 1603962583357951
red 1603962583358019 1603962583358025
red 1603962583358061 1603962583358067
red 1603962583358102 1603962583358109
red 1603962583358145 1603962583358152
red 1603962583358188 1603962583358194
red 1603962583358231 1603962583358237
red 1603962583358273 1603962583358279
red 1603962583358316 1603962583358322
red 1603962583358357 1603962583358363
red 1603962583358434 1603962583358440
red 1603962583358477 1603962583358483
red 1603962583358521 1603962583358527
red 1603962583358564 1603962583358570
red 1603962583358607 1603962583358614
red 1603962583358649 1603962583358656
red 1603962583358692 1603962583358698
red 1603962583358735 1603962583358741
red 1603962583358778 1603962583358784
red 1603962583358820 1603962583358827
red 1603962583358863 1603962583358870
red 1603962583358906 1603962583358912
red 1603962583358950 1603962583358956
red 1603962583358992 1603962583358998
red 1603962583359033 1603962583359039
red 1603962583359095 1603962583359101
red 1603962583359137 1603962583359143
red 1603962583359179 1603962583359186
red 1603962583359222 1603962583359229
red 1603962583359263 1603962583359269
red 1603962583359305 1603962583359311
red 1603962583359347 1603962583359354
red 1603962583359390 1603962583359396
red 1603962583359432 1603962583359439
red 1603962583359475 1603962583359481
red 1603962583359518 1603962583359524
red 1603962583359560 1603962583359566
red 1603962583359603 1603962583359609
red 1603962583359644 1603962583359651
red 1603962583359686 1603962583359692
red 1603962583359729 1603962583359736
red 1603962583359771 1603962583359777
red 1603962583359813 1603962583359820
red 1603962583359856 1603962583359862
red 1603962583359898 1603962583359904
red 1603962583359941 1603962583359947
red 1603962583359983 1603962583359989
red 1603962583360026 1603962583360032
red 1603962583360068 1603962583360075
red 1603962583360111 1603962583360117
red 1603962583360171 1603962583360177
red 1603962583360214 1603962583360220
red 1603962583360256 1603962583360262
red 1603962583360298 1603962583360305
red 1603962583360340 1603962583360364
red 1603962583360400 1603962583360406
red 1603962583360440 1603962583360446
red 1603962583360482 1603962583360488
red 1603962583360525 1603962583360531
red 1603962583360573 1603962583360590
red 1603962583360628 1603962583360638
red 1603962583360674 1603962583360680
red 1603962583360717 1603962583360724
red 1603962583360760 1603962583360766
red 1603962583360803 1603962583360809
red 1603962583360845 1603962583360851
red 1603962583360886 1603962583360893
red 1603962583360928 1603962583360934
red 1603962583360970 1603962583360976
red 1603962583361012 1603962583361018
red 1603962583361055 1603962583361061
red 1603962583361097 1603962583361104
red 1603962583361139 1603962583361146
red 1603962583361182 1603962583361188
red 1603962583361223 1603962583361229
red 1603962583361266 1603962583361272
red 1603962583361308 1603962583361314
red 1603962583361350 1603962583361356
red 1603962583361391 1603962583361397
red 1603962583361433 1603962583361440
red 1603962583361476 1603962583361482
red 1603962583361518 1603962583361525
red 1603962583361561 1603962583361568
red 1603962583361604 1603962583361610
red 1603962583361646 1603962583361652
red 1603962583361689 1603962583361695
red 1603962583361731 1603962583361737
red 1603962583361773 1603962583361779
red 1603962583361815 1603962583361821
red 1603962583361858 1603962583361864
red 1603962583361899 1603962583361905
red 1603962583361940 1603962583361946
red 1603962583361982 1603962583361989
red 1603962583362025 1603962583362031
red 1603962583362068 1603962583362074
red 1603962583362110 1603962583362116
red 1603962583362152 1603962583362158
red 1603962583362192 1603962583362198
red 1603962583362233 1603962583362240
red 1603962583362275 1603962583362281
red 1603962583362317 1603962583362323
red 1603962583362360 1603962583362366
red 1603962583362402 1603962583362409
red 1603962583362445 1603962583362451
red 1603962583362510 1603962583362516
red 1603962583362552 1603962583362558
red 1603962583362595 1603962583362601
red 1603962583362638 1603962583362644
red 1603962583362682 1603962583362688
red 1603962583362726 1603962583362732
red 1603962583362769 1603962583362775
red 1603962583362812 1603962583362819
red 1603962583362854 1603962583362861
red 1603962583362898 1603962583362904
red 1603962583362942 1603962583362949
red 1603962583362986 1603962583362992
red 1603962583363030 1603962583363037
red 1603962583363074 1603962583363081
red 1603962583363118 1603962583363125
red 1603962583363161 1603962583363167
red 1603962583363203 1603962583363209
red 1603962583363247 1603962583363253
red 1603962583363291 1603962583363298
red 1603962583363335 1603962583363342
red 1603962583363378 1603962583363384
red 1603962583363422 1603962583363428
red 1603962583363465 1603962583363472
red 1603962583363509 1603962583363515
red 1603962583363551 1603962583363557
red 1603962583363594 1603962583363600
red 1603962583363658 1603962583363664
red 1603962583363700 1603962583363706
red 1603962583363743 1603962583363749
red 1603962583363786 1603962583363793
red 1603962583363830 1603962583363837
red 1603962583363874 1603962583363880
red 1603962583363918 1603962583363924
red 1603962583363961 1603962583363967
red 1603962583364003 1603962583364009
red 1603962583364046 1603962583364052
red 1603962583364088 1603962583364094
red 1603962583364130 1603962583364136
red 1603962583364172 1603962583364178
red 1603962583364214 1603962583364220
red 1603962583364257 1603962583364263
red 1603962583364300 1603962583364306
red 1603962583364343 1603962583364349
red 1603962583364384 1603962583364391
red 1603962583364443 1603962583364449
red 1603962583364485 1603962583364492
red 1603962583364528 1603962583364534
red 1603962583364570 1603962583364576
red 1603962583364612 1603962583364618
red 1603962583364654 1603962583364660
red 1603962583364696 1603962583364702
red 1603962583364738 1603962583364744
red 1603962583364790 1603962583364803
red 1603962583364870 1603962583364882
red 1603962583364922 1603962583364931
red 1603962583364972 1603962583364978
red 1603962583365005 1603962583365015
red 1603962583365050 1603962583365056
red 1603962583365076 1603962583365083
red 1603962583365117 1603962583365127
red 1603962583365150 1603962583365160
red 1603962583365181 1603962583365185
red 1603962583365208 1603962583365213
red 1603962583365239 1603962583365244
red 1603962583365274 1603962583365280
red 1603962583365304 1603962583365311
red 1603962583365333 1603962583365340
red 1603962583365373 1603962583365383
red 1603962583365412 1603962583365419
red 1603962583365447 1603962583365456
red 1603962583365475 1603962583365480
red 1603962583365507 1603962583365511
red 1603962583365540 1603962583365546
red 1603962583365571 1603962583365577
red 1603962583365600 1603962583365608
red 1603962583365640 1603962583365644
red 1603962583365665 1603962583365670
red 1603962583365698 1603962583365703
red 1603962583365729 1603962583365735
red 1603962583365754 1603962583365763
red 1603962583365790 1603962583365795
red 1603962583365817 1603962583365823
red 1603962583365845 1603962583365850
red 1603962583365873 1603962583365879
red 1603962583365902 1603962583365908
red 1603962583365930 1603962583365935
red 1603962583365958 1603962583365964
red 1603962583365987 1603962583365993
red 1603962583366015 1603962583366021
red 1603962583366043 1603962583366048
red 1603962583366071 1603962583366077
red 1603962583366099 1603962583366105
red 1603962583366127 1603962583366133
red 1603962583366193 1603962583366198
red 1603962583366220 1603962583366225
red 1603962583366247 1603962583366252
red 1603962583366274 1603962583366279
red 1603962583366300 1603962583366305
red 1603962583366328 1603962583366334
red 1603962583366357 1603962583366365
red 1603962583366390 1603962583366396
red 1603962583366432 1603962583366438
red 1603962583366490 1603962583366496
red 1603962583366520 1603962583366525
red 1603962583366547 1603962583366553
red 1603962583366575 1603962583366581
red 1603962583366604 1603962583366610
red 1603962583366632 1603962583366637
red 1603962583366660 1603962583366666
red 1603962583366689 1603962583366694
red 1603962583366715 1603962583366721
red 1603962583366744 1603962583366750
red 1603962583366772 1603962583366778
red 1603962583366800 1603962583366806
red 1603962583366829 1603962583366835
red 1603962583366858 1603962583366863
red 1603962583366887 1603962583366892
red 1603962583366914 1603962583366919
red 1603962583366943 1603962583366948
red 1603962583366970 1603962583366976
red 1603962583366998 1603962583367003
red 1603962583367025 1603962583367031
red 1603962583367053 1603962583367058
red 1603962583367081 1603962583367087
red 1603962583367110 1603962583367115
red 1603962583367137 1603962583367143
red 1603962583367167 1603962583367172
red 1603962583367195 1603962583367200
red 1603962583367223 1603962583367228
red 1603962583367252 1603962583367258
red 1603962583367280 1603962583367286
red 1603962583367343 1603962583367348
red 1603962583367370 1603962583367375
red 1603962583367397 1603962583367403
red 1603962583367425 1603962583367430
red 1603962583367453 1603962583367459
red 1603962583367482 1603962583367488
red 1603962583367511 1603962583367517
red 1603962583367540 1603962583367546
red 1603962583367569 1603962583367574
red 1603962583367596 1603962583367601
red 1603962583367625 1603962583367631
red 1603962583367655 1603962583367660
red 1603962583367682 1603962583367687
red 1603962583367709 1603962583367714
red 1603962583367737 1603962583367763
red 1603962583367785 1603962583367790
red 1603962583367812 1603962583367817
red 1603962583367839 1603962583367844
red 1603962583367867 1603962583367872
red 1603962583367894 1603962583367899
red 1603962583367921 1603962583367927
red 1603962583367949 1603962583367954
red 1603962583367977 1603962583367982
red 1603962583368005 1603962583368010
red 1603962583368041 1603962583368046
red 1603962583368066 1603962583368071
red 1603962583368091 1603962583368096
red 1603962583368116 1603962583368121
red 1603962583368141 1603962583368146
red 1603962583368167 1603962583368172
red 1603962583368214 1603962583368219
red 1603962583368240 1603962583368245
red 1603962583368265 1603962583368270
red 1603962583368291 1603962583368296
red 1603962583368317 1603962583368322
red 1603962583368343 1603962583368348
red 1603962583368369 1603962583368374
red 1603962583368395 1603962583368400
red 1603962583368421 1603962583368426
red 1603962583368447 1603962583368452
red 1603962583368473 1603962583368477
red 1603962583368498 1603962583368503
red 1603962583368524 1603962583368529
red 1603962583368550 1603962583368555
red 1603962583368576 1603962583368581
red 1603962583368602 1603962583368607
red 1603962583368628 1603962583368633
red 1603962583368653 1603962583368658
red 1603962583368679 1603962583368685
red 1603962583368707 1603962583368712
red 1603962583368732 1603962583368737
red 1603962583368757 1603962583368762
red 1603962583368782 1603962583368787
red 1603962583368807 1603962583368813
red 1603962583368833 1603962583368838
red 1603962583368859 1603962583368864
red 1603962583368884 1603962583368889
red 1603962583368909 1603962583368914
red 1603962583368935 1603962583368940
red 1603962583368960 1603962583368965
red 1603962583368985 1603962583368991
red 1603962583369011 1603962583369016
red 1603962583369037 1603962583369042
red 1603962583369063 1603962583369068
red 1603962583369089 1603962583369094
red 1603962583369115 1603962583369120
red 1603962583369141 1603962583369146
red 1603962583369166 1603962583369171
red 1603962583369192 1603962583369197
red 1603962583369218 1603962583369223
red 1603962583369244 1603962583369249
red 1603962583369270 1603962583369276
red 1603962583369297 1603962583369302
red 1603962583369341 1603962583369346
red 1603962583369367 1603962583369372
red 1603962583369393 1603962583369398
red 1603962583369419 1603962583369424
red 1603962583369445 1603962583369450
red 1603962583369470 1603962583369476
red 1603962583369496 1603962583369501
red 1603962583369522 1603962583369527
red 1603962583369548 1603962583369553
red 1603962583369582 1603962583369591
red 1603962583369646 1603962583369676
red 1603962583369704 1603962583369711
red 1603962583369733 1603962583369739
red 1603962583369775 1603962583369790
red 1603962583369832 1603962583369837
red 1603962583369856 1603962583369861
red 1603962583369882 1603962583369887
red 1603962583369914 1603962583369921
red 1603962583369978 1603962583369983
red 1603962583370006 1603962583370010
red 1603962583370031 1603962583370036
red 1603962583370056 1603962583370062
red 1603962583370082 1603962583370087
red 1603962583370107 1603962583370113
red 1603962583370134 1603962583370139
red 1603962583370160 1603962583370164
red 1603962583370185 1603962583370190
red 1603962583370211 1603962583370216
red 1603962583370236 1603962583370241
red 1603962583370262 1603962583370267
red 1603962583370288 1603962583370294
red 1603962583370315 1603962583370320
red 1603962583370364 1603962583370369
red 1603962583370390 1603962583370395
red 1603962583370415 1603962583370420
red 1603962583370441 1603962583370446
red 1603962583370466 1603962583370471
red 1603962583370491 1603962583370496
red 1603962583370517 1603962583370522
red 1603962583370542 1603962583370547
red 1603962583370569 1603962583370574
red 1603962583370594 1603962583370599
red 1603962583370620 1603962583370625
red 1603962583370646 1603962583370651
red 1603962583370672 1603962583370676
red 1603962583370697 1603962583370702
red 1603962583370722 1603962583370726
red 1603962583370748 1603962583370753
red 1603962583370774 1603962583370781
red 1603962583370824 1603962583370831
red 1603962583370861 1603962583370867
red 1603962583370892 1603962583370898
red 1603962583370921 1603962583370927
red 1603962583370950 1603962583370956
red 1603962583370978 1603962583370984
red 1603962583371008 1603962583371014
red 1603962583371037 1603962583371043
red 1603962583371067 1603962583371073
red 1603962583371097 1603962583371104
red 1603962583371131 1603962583371138
red 1603962583371162 1603962583371168
red 1603962583371192 1603962583371197
red 1603962583371219 1603962583371225
red 1603962583371245 1603962583371250
red 1603962583371271 1603962583371276
red 1603962583371320 1603962583371325
red 1603962583371345 1603962583371350
red 1603962583371370 1603962583371375
red 1603962583371396 1603962583371401
red 1603962583371421 1603962583371426
red 1603962583371447 1603962583371452
red 1603962583371472 1603962583371477
red 1603962583371497 1603962583371502
red 1603962583371523 1603962583371527
red 1603962583371548 1603962583371553
red 1603962583371596 1603962583371601
red 1603962583371621 1603962583371626
red 1603962583371647 1603962583371651
red 1603962583371672 1603962583371677
red 1603962583371698 1603962583371702
red 1603962583371722 1603962583371727
red 1603962583371749 1603962583371754
red 1603962583371774 1603962583371779
red 1603962583371800 1603962583371804
red 1603962583371825 1603962583371830
red 1603962583371850 1603962583371855
red 1603962583371876 1603962583371881
red 1603962583371901 1603962583371906
red 1603962583371927 1603962583371932
red 1603962583371952 1603962583371958
red 1603962583371979 1603962583371984
red 1603962583372005 1603962583372010
red 1603962583372030 1603962583372034
red 1603962583372055 1603962583372059
red 1603962583372079 1603962583372084
red 1603962583372106 1603962583372111
red 1603962583372132 1603962583372137
red 1603962583372157 1603962583372162
red 1603962583372183 1603962583372188
red 1603962583372208 1603962583372213
red 1603962583372233 1603962583372238
red 1603962583372260 1603962583372265
red 1603962583372286 1603962583372291
red 1603962583372329 1603962583372334
red 1603962583372355 1603962583372360
red 1603962583372380 1603962583372385
red 1603962583372405 1603962583372410
red 1603962583372431 1603962583372436
red 1603962583372456 1603962583372461
red 1603962583372481 1603962583372486
red 1603962583372508 1603962583372512
red 1603962583372533 1603962583372538
red 1603962583372559 1603962583372564
red 1603962583372586 1603962583372591
red 1603962583372612 1603962583372616
red 1603962583372637 1603962583372642
red 1603962583372663 1603962583372668
red 1603962583372688 1603962583372694
red 1603962583372714 1603962583372720
red 1603962583372741 1603962583372746
red 1603962583372767 1603962583372772
red 1603962583372792 1603962583372797
red 1603962583372819 1603962583372824
red 1603962583372845 1603962583372850
red 1603962583372871 1603962583372876
red 1603962583372897 1603962583372902
red 1603962583372924 1603962583372929
red 1603962583372949 1603962583372954
red 1603962583372975 1603962583372980
red 1603962583373002 1603962583373007
red 1603962583373028 1603962583373032
red 1603962583373053 1603962583373058
red 1603962583373079 1603962583373084
red 1603962583373105 1603962583373110
red 1603962583373131 1603962583373136
red 1603962583373157 1603962583373162
red 1603962583373183 1603962583373214
red 1603962583373253 1603962583373258
red 1603962583373278 1603962583373283
red 1603962583373303 1603962583373308
red 1603962583373329 1603962583373334
red 1603962583373356 1603962583373360
red 1603962583373381 1603962583373386
red 1603962583373407 1603962583373412
red 1603962583373434 1603962583373439
red 1603962583373461 1603962583373466
red 1603962583373486 1603962583373491
red 1603962583373513 1603962583373518
red 1603962583373539 1603962583373544
red 1603962583373565 1603962583373570
red 1603962583373591 1603962583373596
red 1603962583373618 1603962583373623
red 1603962583373644 1603962583373649
red 1603962583373671 1603962583373676
red 1603962583373697 1603962583373702
red 1603962583373722 1603962583373726
red 1603962583373748 1603962583373753
red 1603962583373774 1603962583373778
red 1603962583373800 1603962583373805
red 1603962583373826 1603962583373831
red 1603962583373852 1603962583373856
red 1603962583373883 1603962583373888
red 1603962583373915 1603962583373920
red 1603962583373957 1603962583373965
red 1603962583373995 1603962583374001
red 1603962583374034 1603962583374041
red 1603962583374065 1603962583374074
red 1603962583374097 1603962583374103
red 1603962583374123 1603962583374138
red 1603962583374179 1603962583374190
red 1603962583374209 1603962583374213
red 1603962583374250 1603962583374255
red 1603962583374277 1603962583374281
red 1603962583374332 1603962583374337
red 1603962583374357 1603962583374362
red 1603962583374394 1603962583374399
red 1603962583374420 1603962583374426
red 1603962583374462 1603962583374471
red 1603962583374495 1603962583374500
red 1603962583374530 1603962583374535
red 1603962583374572 1603962583374579
red 1603962583374606 1603962583374611
red 1603962583374647 1603962583374655
red 1603962583374684 1603962583374689
red 1603962583374718 1603962583374723
red 1603962583374748 1603962583374754
red 1603962583374776 1603962583374780
red 1603962583374803 1603962583374808
red 1603962583374828 1603962583374833
red 1603962583374853 1603962583374857
red 1603962583374878 1603962583374884
red 1603962583374905 1603962583374911
red 1603962583374933 1603962583374938
red 1603962583374959 1603962583374964
red 1603962583374985 1603962583374991
red 1603962583375013 1603962583375018
red 1603962583375064 1603962583375069
red 1603962583375090 1603962583375095
red 1603962583375115 1603962583375120
red 1603962583375143 1603962583375148
red 1603962583375169 1603962583375174
red 1603962583375195 1603962583375200
red 1603962583375221 1603962583375227
red 1603962583375249 1603962583375254
red 1603962583375275 1603962583375280
red 1603962583375327 1603962583375333
red 1603962583375354 1603962583375358
red 1603962583375379 1603962583375384
red 1603962583375404 1603962583375409
red 1603962583375430 1603962583375435
red 1603962583375456 1603962583375462
red 1603962583375482 1603962583375488
red 1603962583375509 1603962583375515
red 1603962583375536 1603962583375541
red 1603962583375562 1603962583375567
red 1603962583375587 1603962583375592
red 1603962583375613 1603962583375619
red 1603962583375640 1603962583375645
red 1603962583375666 1603962583375671
red 1603962583375693 1603962583375698
red 1603962583375719 1603962583375725
red 1603962583375746 1603962583375751
red 1603962583375772 1603962583375777
red 1603962583375799 1603962583375804
red 1603962583375826 1603962583375831
red 1603962583375853 1603962583375858
red 1603962583375880 1603962583375885
red 1603962583375907 1603962583375913
red 1603962583375934 1603962583375940
red 1603962583375961 1603962583375966
red 1603962583375992 1603962583375998
red 1603962583376022 1603962583376031
red 1603962583376215 1603962583376222
red 1603962583376244 1603962583376248
red 1603962583376269 1603962583376274
red 1603962583376295 1603962583376300
red 1603962583376321 1603962583376326
red 1603962583376347 1603962583376352
red 1603962583376373 1603962583376378
red 1603962583376400 1603962583376405
red 1603962583376426 1603962583376431
red 1603962583376452 1603962583376457
red 1603962583376506 1603962583376510
red 1603962583376531 1603962583376537
red 1603962583376558 1603962583376563
red 1603962583376584 1603962583376589
red 1603962583376611 1603962583376616
red 1603962583376637 1603962583376642
red 1603962583376663 1603962583376669
red 1603962583376689 1603962583376695
red 1603962583376715 1603962583376720
red 1603962583376741 1603962583376746
red 1603962583376766 1603962583376771
red 1603962583376793 1603962583376798
red 1603962583376818 1603962583376823
red 1603962583376844 1603962583376849
red 1603962583376871 1603962583376876
red 1603962583376898 1603962583376902
red 1603962583376923 1603962583376928
red 1603962583376949 1603962583376954
red 1603962583376975 1603962583376979
red 1603962583377029 1603962583377034
red 1603962583377056 1603962583377061
red 1603962583377083 1603962583377088
red 1603962583377108 1603962583377113
red 1603962583377133 1603962583377138
red 1603962583377159 1603962583377164
red 1603962583377185 1603962583377190
red 1603962583377211 1603962583377216
red 1603962583377237 1603962583377242
red 1603962583377263 1603962583377268
red 1603962583377289 1603962583377294
red 1603962583377316 1603962583377321
red 1603962583377343 1603962583377348
red 1603962583377370 1603962583377374
red 1603962583377396 1603962583377401
red 1603962583377422 1603962583377427
red 1603962583377449 1603962583377453
red 1603962583377475 1603962583377480
red 1603962583377501 1603962583377507
red 1603962583377528 1603962583377533
red 1603962583377584 1603962583377591
red 1603962583377625 1603962583377631
red 1603962583377654 1603962583377660
red 1603962583377682 1603962583377687
red 1603962583377709 1603962583377717
red 1603962583377739 1603962583377744
red 1603962583377772 1603962583377778
red 1603962583377798 1603962583377803
red 1603962583377825 1603962583377830
red 1603962583377851 1603962583377858
red 1603962583377882 1603962583377887
red 1603962583377909 1603962583377914
red 1603962583377936 1603962583377941
red 1603962583377963 1603962583377969
red 1603962583377990 1603962583377996
red 1603962583378017 1603962583378022
red 1603962583378043 1603962583378049
red 1603962583378070 1603962583378075
red 1603962583378097 1603962583378102
red 1603962583378124 1603962583378129
red 1603962583378151 1603962583378156
red 1603962583378178 1603962583378183
red 1603962583378205 1603962583378210
red 1603962583378232 1603962583378238
red 1603962583378259 1603962583378265
red 1603962583378287 1603962583378292
red 1603962583378314 1603962583378320
red 1603962583378365 1603962583378371
red 1603962583378393 1603962583378398
red 1603962583378420 1603962583378425
red 1603962583378447 1603962583378453
red 1603962583378474 1603962583378480
red 1603962583378502 1603962583378507
red 1603962583378529 1603962583378534
red 1603962583378556 1603962583378561
red 1603962583378583 1603962583378589
red 1603962583378611 1603962583378616
red 1603962583378638 1603962583378643
red 1603962583378665 1603962583378670
red 1603962583378692 1603962583378697
red 1603962583378719 1603962583378724
red 1603962583378746 1603962583378751
red 1603962583378773 1603962583378778
red 1603962583378800 1603962583378805
red 1603962583378827 1603962583378833
red 1603962583378854 1603962583378860
red 1603962583378882 1603962583378887
red 1603962583378909 1603962583378915
red 1603962583378937 1603962583378942
red 1603962583378963 1603962583378968
red 1603962583378989 1603962583379024
red 1603962583379046 1603962583379052
red 1603962583379073 1603962583379078
red 1603962583379100 1603962583379106
red 1603962583379127 1603962583379132
red 1603962583379154 1603962583379159
red 1603962583379181 1603962583379187
red 1603962583379208 1603962583379213
red 1603962583379235 1603962583379240
red 1603962583379261 1603962583379267
red 1603962583379288 1603962583379293
red 1603962583379314 1603962583379319
red 1603962583379341 1603962583379346
red 1603962583379367 1603962583379373
red 1603962583379394 1603962583379400
red 1603962583379420 1603962583379426
red 1603962583379464 1603962583379470
red 1603962583379491 1603962583379497
red 1603962583379518 1603962583379524
red 1603962583379545 1603962583379551
red 1603962583379572 1603962583379578
red 1603962583379599 1603962583379605
red 1603962583379626 1603962583379632
red 1603962583379653 1603962583379658
red 1603962583379680 1603962583379685
red 1603962583379707 1603962583379712
red 1603962583379734 1603962583379740
red 1603962583379761 1603962583379767
red 1603962583379788 1603962583379794
red 1603962583379816 1603962583379821
red 1603962583379843 1603962583379848
red 1603962583379870 1603962583379875
red 1603962583379897 1603962583379902
red 1603962583379924 1603962583379930
red 1603962583379951 1603962583379957
red 1603962583379978 1603962583379984
red 1603962583380006 1603962583380011
red 1603962583380033 1603962583380038
red 1603962583380060 1603962583380065
red 1603962583380087 1603962583380093
red 1603962583380114 1603962583380120
red 1603962583380142 1603962583380147
red 1603962583380169 1603962583380175
red 1603962583380215 1603962583380221
red 1603962583380251 1603962583380258
red 1603962583380285 1603962583380290
red 1603962583380317 1603962583380323
red 1603962583380343 1603962583380348
red 1603962583380370 1603962583380375
red 1603962583380396 1603962583380401
red 1603962583380421 1603962583380427
red 1603962583380448 1603962583380453
red 1603962583380474 1603962583380479
red 1603962583380500 1603962583380505
red 1603962583380540 1603962583380546
red 1603962583380568 1603962583380573
red 1603962583380593 1603962583380599
red 1603962583380643 1603962583380647
red 1603962583380669 1603962583380674
red 1603962583380698 1603962583380706
red 1603962583380751 1603962583380761
red 1603962583380804 1603962583380822
red 1603962583380899 1603962583380906
red 1603962583380929 1603962583380935
red 1603962583380971 1603962583380977
red 1603962583381007 1603962583381012
red 1603962583381041 1603962583381047
red 1603962583381069 1603962583381074
red 1603962583381111 1603962583381119
red 1603962583381152 1603962583381158
red 1603962583381181 1603962583381186
red 1603962583381220 1603962583381226
red 1603962583381248 1603962583381261
red 1603962583381283 1603962583381288
red 1603962583381318 1603962583381324
red 1603962583381359 1603962583381365
red 1603962583381393 1603962583381401
red 1603962583381424 1603962583381429
red 1603962583381449 1603962583381454
red 1603962583381501 1603962583381506
red 1603962583381528 1603962583381533
red 1603962583381554 1603962583381559
red 1603962583381579 1603962583381583
red 1603962583381604 1603962583381609
red 1603962583381631 1603962583381636
red 1603962583381657 1603962583381662
red 1603962583381683 1603962583381688
red 1603962583381708 1603962583381714
red 1603962583381734 1603962583381739
red 1603962583381761 1603962583381766
red 1603962583381786 1603962583381792
red 1603962583381812 1603962583381817
red 1603962583381839 1603962583381843
red 1603962583381865 1603962583381870
red 1603962583381891 1603962583381896
red 1603962583381916 1603962583381921
red 1603962583381942 1603962583381947
red 1603962583381967 1603962583381972
red 1603962583381994 1603962583381999
red 1603962583382020 1603962583382025
red 1603962583382047 1603962583382052
red 1603962583382073 1603962583382079
red 1603962583382099 1603962583382104
red 1603962583382125 1603962583382130
red 1603962583382152 1603962583382157
red 1603962583382178 1603962583382183
red 1603962583382204 1603962583382209
red 1603962583382230 1603962583382236
red 1603962583382257 1603962583382262
red 1603962583382283 1603962583382288
red 1603962583382309 1603962583382314
red 1603962583382335 1603962583382340
red 1603962583382361 1603962583382366
red 1603962583382387 1603962583382392
red 1603962583382413 1603962583382418
red 1603962583382438 1603962583382443
red 1603962583382491 1603962583382496
red 1603962583382518 1603962583382523
red 1603962583382544 1603962583382549
red 1603962583382570 1603962583382575
red 1603962583382596 1603962583382601
red 1603962583382641 1603962583382646
red 1603962583382667 1603962583382672
red 1603962583382694 1603962583382698
red 1603962583382719 1603962583382728
red 1603962583382753 1603962583382759
red 1603962583382781 1603962583382786
red 1603962583382809 1603962583382816
red 1603962583382839 1603962583382844
red 1603962583382865 1603962583382870
red 1603962583382891 1603962583382896
red 1603962583382917 1603962583382922
red 1603962583382943 1603962583382948
red 1603962583382969 1603962583382974
red 1603962583382995 1603962583383001
red 1603962583383022 1603962583383026
red 1603962583383047 1603962583383053
red 1603962583383074 1603962583383079
red 1603962583383100 1603962583383105
red 1603962583383126 1603962583383131
red 1603962583383151 1603962583383156
red 1603962583383177 1603962583383182
red 1603962583383203 1603962583383208
red 1603962583383229 1603962583383234
red 1603962583383254 1603962583383259
red 1603962583383281 1603962583383285
red 1603962583383307 1603962583383312
red 1603962583383332 1603962583383337
red 1603962583383358 1603962583383363
red 1603962583383385 1603962583383389
red 1603962583383410 1603962583383415
red 1603962583383435 1603962583383441
red 1603962583383462 1603962583383467
red 1603962583383488 1603962583383493
red 1603962583383513 1603962583383519
red 1603962583383540 1603962583383545
red 1603962583383565 1603962583383570
red 1603962583383591 1603962583383596
red 1603962583383618 1603962583383622
red 1603962583383643 1603962583383648
red 1603962583383670 1603962583383675
red 1603962583383696 1603962583383701
red 1603962583383722 1603962583383726
red 1603962583383747 1603962583383752
red 1603962583383772 1603962583383777
red 1603962583383815 1603962583383823
red 1603962583383846 1603962583383851
red 1603962583383872 1603962583383877
red 1603962583383899 1603962583383904
red 1603962583383925 1603962583383930
red 1603962583383952 1603962583383958
red 1603962583383980 1603962583383985
red 1603962583384007 1603962583384013
red 1603962583384035 1603962583384041
red 1603962583384063 1603962583384068
red 1603962583384090 1603962583384095
red 1603962583384117 1603962583384122
red 1603962583384143 1603962583384149
red 1603962583384170 1603962583384176
red 1603962583384197 1603962583384202
red 1603962583384224 1603962583384229
red 1603962583384278 1603962583384284
red 1603962583384305 1603962583384311
red 1603962583384333 1603962583384338
red 1603962583384359 1603962583384365
red 1603962583384396 1603962583384402
red 1603962583384425 1603962583384430
red 1603962583384453 1603962583384458
red 1603962583384481 1603962583384487
red 1603962583384510 1603962583384515
red 1603962583384539 1603962583384545
red 1603962583384568 1603962583384573
red 1603962583384597 1603962583384602
red 1603962583384625 1603962583384631
red 1603962583384654 1603962583384660
red 1603962583384682 1603962583384714
red 1603962583384743 1603962583384760
red 1603962583384787 1603962583384793
red 1603962583384816 1603962583384822
red 1603962583384845 1603962583384851
red 1603962583384875 1603962583384880
red 1603962583384904 1603962583384910
red 1603962583384941 1603962583384947
red 1603962583384970 1603962583384975
red 1603962583384997 1603962583385003
red 1603962583385026 1603962583385032
red 1603962583385054 1603962583385059
red 1603962583385081 1603962583385086
red 1603962583385108 1603962583385113
red 1603962583385135 1603962583385148
red 1603962583385192 1603962583385203
red 1603962583385280 1603962583385289
red 1603962583385319 1603962583385325
red 1603962583385351 1603962583385357
red 1603962583385383 1603962583385389
red 1603962583385415 1603962583385421
red 1603962583385446 1603962583385452
red 1603962583385478 1603962583385484
red 1603962583385509 1603962583385516
red 1603962583385544 1603962583385549
red 1603962583385577 1603962583385583
red 1603962583385656 1603962583385662
red 1603962583385691 1603962583385698
red 1603962583385722 1603962583385729
red 1603962583385756 1603962583385763
red 1603962583385792 1603962583385798
red 1603962583385856 1603962583385865
red 1603962583385891 1603962583385901
red 1603962583385930 1603962583385936
red 1603962583385978 1603962583385988
red 1603962583386035 1603962583386046
red 1603962583386088 1603962583386095
red 1603962583386132 1603962583386136
red 1603962583386157 1603962583386162
red 1603962583386183 1603962583386188
red 1603962583386210 1603962583386215
red 1603962583386237 1603962583386242
red 1603962583386264 1603962583386269
red 1603962583386291 1603962583386298
red 1603962583386328 1603962583386341
red 1603962583386375 1603962583386381
red 1603962583386410 1603962583386423
red 1603962583386459 1603962583386465
red 1603962583386490 1603962583386500
red 1603962583386549 1603962583386560
red 1603962583386624 1603962583386639
red 1603962583386673 1603962583386679
red 1603962583386712 1603962583386719
red 1603962583386748 1603962583386761
red 1603962583386813 1603962583386820
red 1603962583386852 1603962583386858
red 1603962583386882 1603962583386887
red 1603962583386950 1603962583386958
red 1603962583386994 1603962583387000
red 1603962583387029 1603962583387035
red 1603962583387059 1603962583387067
red 1603962583387092 1603962583387097
red 1603962583387120 1603962583387126
red 1603962583387148 1603962583387153
red 1603962583387175 1603962583387180
red 1603962583387203 1603962583387209
red 1603962583387231 1603962583387236
red 1603962583387258 1603962583387263
red 1603962583387285 1603962583387291
red 1603962583387312 1603962583387317
red 1603962583387339 1603962583387344
red 1603962583387366 1603962583387371
red 1603962583387394 1603962583387399
red 1603962583387420 1603962583387425
red 1603962583387448 1603962583387453
red 1603962583387475 1603962583387480
red 1603962583387503 1603962583387508
red 1603962583387530 1603962583387535
red 1603962583387590 1603962583387596
red 1603962583387617 1603962583387623
red 1603962583387645 1603962583387650
red 1603962583387672 1603962583387677
red 1603962583387700 1603962583387705
red 1603962583387728 1603962583387733
red 1603962583387755 1603962583387761
red 1603962583387782 1603962583387788
red 1603962583387810 1603962583387815
red 1603962583387837 1603962583387842
red 1603962583387865 1603962583387870
red 1603962583387912 1603962583387917
red 1603962583387939 1603962583387944
red 1603962583387966 1603962583387971
red 1603962583387993 1603962583387998
red 1603962583388045 1603962583388052
red 1603962583388085 1603962583388090
red 1603962583388114 1603962583388133
red 1603962583388159 1603962583388164
red 1603962583388187 1603962583388193
red 1603962583388216 1603962583388222
red 1603962583388245 1603962583388250
red 1603962583388288 1603962583388339
red 1603962583388383 1603962583388388
red 1603962583388413 1603962583388418
red 1603962583388443 1603962583388449
red 1603962583388471 1603962583388477
red 1603962583388500 1603962583388506
red 1603962583388529 1603962583388535
red 1603962583388599 1603962583388604
red 1603962583388629 1603962583388634
red 1603962583388660 1603962583388666
red 1603962583388691 1603962583388697
red 1603962583388722 1603962583388729
red 1603962583388754 1603962583388759
red 1603962583388784 1603962583388789
red 1603962583388817 1603962583388823
red 1603962583388849 1603962583388855
red 1603962583388881 1603962583388889
red 1603962583388925 1603962583388931
red 1603962583388960 1603962583388966
red 1603962583388993 1603962583389002
red 1603962583389036 1603962583389044
red 1603962583389073 1603962583389079
red 1603962583389108 1603962583389170
red 1603962583389198 1603962583389206
red 1603962583389233 1603962583389240
red 1603962583389276 1603962583389284
red 1603962583389315 1603962583389321
red 1603962583389348 1603962583389354
red 1603962583389387 1603962583389393
red 1603962583389420 1603962583389425
red 1603962583389455 1603962583389461
red 1603962583389491 1603962583389498
red 1603962583389526 1603962583389533
red 1603962583389565 1603962583389570
red 1603962583389599 1603962583389606
red 1603962583389634 1603962583389640
red 1603962583389708 1603962583389713
red 1603962583389741 1603962583389748
red 1603962583389775 1603962583389782
red 1603962583389811 1603962583389817
red 1603962583389852 1603962583389860
red 1603962583389895 1603962583389904
red 1603962583389940 1603962583389946
red 1603962583389971 1603962583389976
red 1603962583390001 1603962583390007
red 1603962583390032 1603962583390038
red 1603962583390063 1603962583390068
red 1603962583390133 1603962583390157
red 1603962583390198 1603962583390209
red 1603962583390243 1603962583390251
red 1603962583390288 1603962583390296
red 1603962583390340 1603962583390346
red 1603962583390390 1603962583390397
red 1603962583390430 1603962583390439
red 1603962583390473 1603962583390481
red 1603962583390506 1603962583390511
red 1603962583390533 1603962583390539
red 1603962583390563 1603962583390569
red 1603962583390592 1603962583390597
red 1603962583390618 1603962583390623
red 1603962583390644 1603962583390649
red 1603962583390670 1603962583390676
red 1603962583390697 1603962583390702
red 1603962583390724 1603962583390729
red 1603962583390753 1603962583390758
red 1603962583390780 1603962583390785
red 1603962583390808 1603962583390814
red 1603962583390841 1603962583390847
red 1603962583390871 1603962583390876
red 1603962583390898 1603962583390904
red 1603962583390927 1603962583390933
red 1603962583390956 1603962583390962
red 1603962583390983 1603962583390989
red 1603962583391012 1603962583391018
red 1603962583391040 1603962583391046
red 1603962583391069 1603962583391075
red 1603962583391098 1603962583391103
red 1603962583391125 1603962583391131
red 1603962583391154 1603962583391160
red 1603962583391182 1603962583391188
red 1603962583391215 1603962583391221
red 1603962583391243 1603962583391248
red 1603962583391268 1603962583391274
red 1603962583391296 1603962583391301
red 1603962583391323 1603962583391328
red 1603962583391350 1603962583391355
red 1603962583391400 1603962583391405
red 1603962583391426 1603962583391432
red 1603962583391453 1603962583391458
red 1603962583391479 1603962583391484
red 1603962583391505 1603962583391510
red 1603962583391548 1603962583391553
red 1603962583391574 1603962583391579
red 1603962583391601 1603962583391606
red 1603962583391628 1603962583391633
red 1603962583391654 1603962583391688
red 1603962583391710 1603962583391715
red 1603962583391737 1603962583391741
red 1603962583391763 1603962583391768
red 1603962583391789 1603962583391794
red 1603962583391814 1603962583391820
red 1603962583391841 1603962583391846
red 1603962583391867 1603962583391872
red 1603962583391894 1603962583391899
red 1603962583391939 1603962583391945
red 1603962583391965 1603962583391970
red 1603962583391990 1603962583391995
red 1603962583392016 1603962583392021
red 1603962583392042 1603962583392048
red 1603962583392069 1603962583392074
red 1603962583392096 1603962583392101
red 1603962583392124 1603962583392130
red 1603962583392150 1603962583392155
red 1603962583392176 1603962583392181
red 1603962583392202 1603962583392207
red 1603962583392228 1603962583392234
red 1603962583392267 1603962583392279
red 1603962583392304 1603962583392309
red 1603962583392330 1603962583392335
red 1603962583392356 1603962583392361
red 1603962583392383 1603962583392388
red 1603962583392409 1603962583392414
red 1603962583392434 1603962583392439
red 1603962583392461 1603962583392466
red 1603962583392487 1603962583392493
red 1603962583392513 1603962583392518
red 1603962583392540 1603962583392545
red 1603962583392566 1603962583392571
red 1603962583392593 1603962583392598
red 1603962583392621 1603962583392626
red 1603962583392647 1603962583392652
red 1603962583392673 1603962583392678
red 1603962583392698 1603962583392704
red 1603962583392725 1603962583392730
red 1603962583392752 1603962583392757
red 1603962583392778 1603962583392783
red 1603962583392804 1603962583392809
red 1603962583392830 1603962583392835
red 1603962583392856 1603962583392861
red 1603962583392883 1603962583392888
red 1603962583392909 1603962583392914
red 1603962583392944 1603962583392949
red 1603962583392970 1603962583392975
red 1603962583392996 1603962583393001
red 1603962583393022 1603962583393027
