blue 1603962583317963 1603962583317975
blue 1603962583318021 1603962583318027
blue 1603962583318087 1603962583318102
blue 1603962583318138 1603962583318143
blue 1603962583318175 1603962583318180
blue 1603962583318233 1603962583318245
blue 1603962583318305 1603962583318313
blue 1603962583318375 1603962583318385
blue 1603962583318431 1603962583318440
blue 1603962583318494 1603962583318500
blue 1603962583318533 1603962583318539
blue 1603962583318597 1603962583318603
blue 1603962583318651 1603962583318657
blue 1603962583318699 1603962583318705
blue 1603962583318736 1603962583318742
blue 1603962583318788 1603962583318793
blue 1603962583318833 1603962583318839
blue 1603962583318878 1603962583318885
blue 1603962583318935 1603962583318942
blue 1603962583318981 1603962583318988
blue 1603962583319027 1603962583319033
blue 1603962583319074 1603962583319080
blue 1603962583319125 1603962583319132
blue 1603962583319171 1603962583319179
blue 1603962583319220 1603962583319227
blue 1603962583319266 1603962583319272
blue 1603962583319313 1603962583319325
blue 1603962583319370 1603962583319377
blue 1603962583319417 1603962583319425
blue 1603962583319468 1603962583319475
blue 1603962583319517 1603962583319524
blue 1603962583319566 1603962583319573
blue 1603962583319616 1603962583319624
blue 1603962583319666 1603962583319673
blue 1603962583319714 1603962583319721
blue 1603962583319764 1603962583319771
blue 1603962583319814 1603962583319821
blue 1603962583319863 1603962583319870
blue 1603962583319911 1603962583319918
blue 1603962583319961 1603962583319969
blue 1603962583320011 1603962583320018
blue 1603962583320059 1603962583320066
blue 1603962583320109 1603962583320116
blue 1603962583320158 1603962583320166
blue 1603962583320208 1603962583320215
blue 1603962583320257 1603962583320264
blue 1603962583320306 1603962583320313
blue 1603962583320356 1603962583320363
blue 1603962583320404 1603962583320411
blue 1603962583320453 1603962583320460
blue 1603962583320502 1603962583320509
blue 1603962583320552 1603962583320559
blue 1603962583320601 1603962583320608
blue 1603962583320649 1603962583320657
blue 1603962583320699 1603962583320706
blue 1603962583320749 1603962583320756
blue 1603962583320798 1603962583320805
blue 1603962583320846 1603962583320854
blue 1603962583320896 1603962583320903
blue 1603962583320946 1603962583320954
blue 1603962583320995 1603962583321002
blue 1603962583321045 1603962583321052
blue 1603962583321095 1603962583321102
blue 1603962583321145 1603962583321152
blue 1603962583321194 1603962583321201
blue 1603962583321243 1603962583321250
blue 1603962583321291 1603962583321298
blue 1603962583321341 1603962583321348
blue 1603962583321390 1603962583321397
blue 1603962583321440 1603962583321447
blue 1603962583321490 1603962583321497
blue 1603962583321546 1603962583321552
blue 1603962583321589 1603962583321595
blue 1603962583321632 1603962583321638
blue 1603962583321676 1603962583321682
blue 1603962583321720 1603962583321726
blue 1603962583321764 1603962583321770
blue 1603962583321807 1603962583321813
blue 1603962583321850 1603962583321856
blue 1603962583321894 1603962583321900
blue 1603962583321941 1603962583321947
blue 1603962583321985 1603962583321991
blue 1603962583322027 1603962583322032
blue 1603962583322069 1603962583322076
blue 1603962583322113 1603962583322119
blue 1603962583322157 1603962583322163
blue 1603962583322201 1603962583322207
blue 1603962583322245 1603962583322251
blue 1603962583322288 1603962583322294
blue 1603962583322333 1603962583322339
blue 1603962583322377 1603962583322383
blue 1603962583322420 1603962583322427
blue 1603962583322464 1603962583322470
blue 1603962583322508 1603962583322514
blue 1603962583322550 1603962583322556
blue 1603962583322594 1603962583322600
blue 1603962583322637 1603962583322643
blue 1603962583322681 1603962583322688
blue 1603962583322724 1603962583322730
blue 1603962583322768 1603962583322774
blue 1603962583322812 1603962583322818
blue 1603962583322855 1603962583322861
blue 1603962583322899 1603962583322905
blue 1603962583322979 1603962583322985
blue 1603962583323023 1603962583323029
blue 1603962583323067 1603962583323072
blue 1603962583323139 1603962583323146
blue 1603962583323209 1603962583323215
blue 1603962583323253 1603962583323259
blue 1603962583323295 1603962583323302
blue 1603962583323338 1603962583323344
blue 1603962583323382 1603962583323388
blue 1603962583323425 1603962583323431
blue 1603962583323469 1603962583323475
blue 1603962583323513 1603962583323519
blue 1603962583323556 1603962583323563
blue 1603962583323600 1603962583323606
blue 1603962583323643 1603962583323649
blue 1603962583323687 1603962583323693
blue 1603962583323731 1603962583323737
blue 1603962583323775 1603962583323782
blue 1603962583323819 1603962583323825
blue 1603962583323861 1603962583323868
blue 1603962583323906 1603962583323912
blue 1603962583323949 1603962583323954
blue 1603962583323993 1603962583323999
blue 1603962583324044 1603962583324050
blue 1603962583324085 1603962583324091
blue 1603962583324125 1603962583324131
blue 1603962583324166 1603962583324172
blue 1603962583324207 1603962583324212
blue 1603962583324247 1603962583324252
blue 1603962583324287 1603962583324293
blue 1603962583324328 1603962583324334
blue 1603962583324367 1603962583324373
blue 1603962583324407 1603962583324413
blue 1603962583324448 1603962583324454
blue 1603962583324488 1603962583324493
blue 1603962583324527 1603962583324533
blue 1603962583324568 1603962583324574
blue 1603962583324609 1603962583324615
blue 1603962583324649 1603962583324654
blue 1603962583324689 1603962583324695
blue 1603962583324729 1603962583324735
blue 1603962583324770 1603962583324776
blue 1603962583324811 1603962583324817
blue 1603962583324851 1603962583324857
blue 1603962583324891 1603962583324897
blue 1603962583324932 1603962583324938
blue 1603962583324972 1603962583324978
blue 1603962583325013 1603962583325019
blue 1603962583325054 1603962583325060
blue 1603962583325094 1603962583325100
blue 1603962583325134 1603962583325140
blue 1603962583325174 1603962583325180
blue 1603962583325214 1603962583325219
blue 1603962583325254 1603962583325260
blue 1603962583325294 1603962583325300
blue 1603962583325334 1603962583325339
blue 1603962583325374 1603962583325380
blue 1603962583325415 1603962583325421
blue 1603962583325455 1603962583325461
blue 1603962583325496 1603962583325502
blue 1603962583325536 1603962583325542
blue 1603962583325578 1603962583325584
blue 1603962583325619 1603962583325625
blue 1603962583325659 1603962583325665
blue 1603962583325699 1603962583325705
blue 1603962583325740 1603962583325746
blue 1603962583325780 1603962583325786
blue 1603962583325819 1603962583325825
blue 1603962583325860 1603962583325866
blue 1603962583325901 1603962583325906
blue 1603962583325941 1603962583325947
blue 1603962583325981 1603962583325987
blue 1603962583326022 1603962583326028
blue 1603962583326062 1603962583326068
blue 1603962583326103 1603962583326109
blue 1603962583326144 1603962583326150
blue 1603962583326214 1603962583326220
blue 1603962583326255 1603962583326261
blue 1603962583326296 1603962583326302
blue 1603962583326336 1603962583326342
blue 1603962583326377 1603962583326383
blue 1603962583326417 1603962583326423
blue 1603962583326459 1603962583326464
blue 1603962583326499 1603962583326547
blue 1603962583326582 1603962583326588
blue 1603962583326622 1603962583326628
blue 1603962583326662 1603962583326668
blue 1603962583326702 1603962583326708
blue 1603962583326743 1603962583326749
blue 1603962583326783 1603962583326789
blue 1603962583326823 1603962583326829
blue 1603962583326864 1603962583326870
blue 1603962583326931 1603962583326937
blue 1603962583326972 1603962583326978
blue 1603962583327013 1603962583327018
blue 1603962583327053 1603962583327058
blue 1603962583327093 1603962583327099
blue 1603962583327134 1603962583327140
blue 1603962583327174 1603962583327180
blue 1603962583327215 1603962583327221
blue 1603962583327255 1603962583327261
blue 1603962583327296 1603962583327302
blue 1603962583327357 1603962583327363
blue 1603962583327396 1603962583327402
blue 1603962583327436 1603962583327442
blue 1603962583327477 1603962583327483
blue 1603962583327518 1603962583327524
blue 1603962583327559 1603962583327565
blue 1603962583327624 1603962583327630
blue 1603962583327665 1603962583327671
blue 1603962583327705 1603962583327711
blue 1603962583327745 1603962583327751
blue 1603962583327807 1603962583327813
blue 1603962583327848 1603962583327854
blue 1603962583327888 1603962583327893
blue 1603962583327928 1603962583327933
blue 1603962583327968 1603962583327974
blue 1603962583328010 1603962583328016
blue 1603962583328052 1603962583328058
blue 1603962583328094 1603962583328100
blue 1603962583328136 1603962583328142
blue 1603962583328178 1603962583328184
blue 1603962583328220 1603962583328226
blue 1603962583328261 1603962583328267
blue 1603962583328303 1603962583328308
blue 1603962583328344 1603962583328350
blue 1603962583328386 1603962583328393
blue 1603962583328428 1603962583328434
blue 1603962583328469 1603962583328476
blue 1603962583328511 1603962583328517
blue 1603962583328553 1603962583328559
blue 1603962583328595 1603962583328602
blue 1603962583328638 1603962583328649
blue 1603962583328706 1603962583328711
blue 1603962583328753 1603962583328759
blue 1603962583328800 1603962583328810
blue 1603962583328865 1603962583328872
blue 1603962583328909 1603962583328914
blue 1603962583328947 1603962583328955
blue 1603962583328991 1603962583328997
blue 1603962583329030 1603962583329036
blue 1603962583329070 1603962583329076
blue 1603962583329110 1603962583329115
blue 1603962583329149 1603962583329155
blue 1603962583329189 1603962583329194
blue 1603962583329229 1603962583329234
blue 1603962583329268 1603962583329274
blue 1603962583329306 1603962583329312
blue 1603962583329346 1603962583329351
blue 1603962583329384 1603962583329390
blue 1603962583329423 1603962583329429
blue 1603962583329463 1603962583329468
blue 1603962583329502 1603962583329508
blue 1603962583329542 1603962583329547
blue 1603962583329581 1603962583329587
blue 1603962583329620 1603962583329626
blue 1603962583329659 1603962583329665
blue 1603962583329699 1603962583329704
blue 1603962583329739 1603962583329744
blue 1603962583329778 1603962583329784
blue 1603962583329817 1603962583329823
blue 1603962583329856 1603962583329862
blue 1603962583329895 1603962583329901
blue 1603962583329935 1603962583329940
blue 1603962583329974 1603962583329980
blue 1603962583330014 1603962583330020
blue 1603962583330054 1603962583330059
blue 1603962583330093 1603962583330099
blue 1603962583330133 1603962583330139
blue 1603962583330172 1603962583330178
blue 1603962583330212 1603962583330218
blue 1603962583330252 1603962583330257
blue 1603962583330291 1603962583330297
blue 1603962583330331 1603962583330336
blue 1603962583330371 1603962583330376
blue 1603962583330409 1603962583330415
blue 1603962583330449 1603962583330455
blue 1603962583330489 1603962583330494
blue 1603962583330529 1603962583330534
blue 1603962583330568 1603962583330574
blue 1603962583330607 1603962583330613
blue 1603962583330647 1603962583330652
blue 1603962583330686 1603962583330692
blue 1603962583330727 1603962583330732
blue 1603962583330767 1603962583330772
blue 1603962583330806 1603962583330812
blue 1603962583330846 1603962583330852
blue 1603962583330884 1603962583330890
blue 1603962583330923 1603962583330928
blue 1603962583330961 1603962583330967
blue 1603962583331001 1603962583331007
blue 1603962583331040 1603962583331046
blue 1603962583331080 1603962583331085
blue 1603962583331117 1603962583331126
blue 1603962583331162 1603962583331167
blue 1603962583331194 1603962583331198
blue 1603962583331225 1603962583331229
blue 1603962583331284 1603962583331290
blue 1603962583331323 1603962583331329
blue 1603962583331363 1603962583331368
blue 1603962583331402 1603962583331408
blue 1603962583331441 1603962583331447
blue 1603962583331481 1603962583331487
blue 1603962583331520 1603962583331526
blue 1603962583331560 1603962583331565
blue 1603962583331627 1603962583331632
blue 1603962583331666 1603962583331671
blue 1603962583331706 1603962583331711
blue 1603962583331750 1603962583331759
blue 1603962583331810 1603962583331817
blue 1603962583331870 1603962583331877
blue 1603962583331916 1603962583331922
blue 1603962583331959 1603962583331965
blue 1603962583332028 1603962583332034
blue 1603962583332076 1603962583332083
blue 1603962583332126 1603962583332133
blue 1603962583332201 1603962583332206
blue 1603962583332260 1603962583332268
blue 1603962583332302 1603962583332308
blue 1603962583332342 1603962583332347
blue 1603962583332410 1603962583332416
blue 1603962583332449 1603962583332454
blue 1603962583332488 1603962583332494
blue 1603962583332528 1603962583332534
blue 1603962583332566 1603962583332570
blue 1603962583332597 1603962583332601
blue 1603962583332635 1603962583332651
blue 1603962583332690 1603962583332696
blue 1603962583332729 1603962583332735
blue 1603962583332769 1603962583332775
blue 1603962583332808 1603962583332814
blue 1603962583332848 1603962583332853
blue 1603962583332887 1603962583332892
blue 1603962583332926 1603962583332932
blue 1603962583332966 1603962583332972
blue 1603962583333015 1603962583333021
blue 1603962583333052 1603962583333057
blue 1603962583333089 1603962583333094
blue 1603962583333127 1603962583333132
blue 1603962583333169 1603962583333174
blue 1603962583333213 1603962583333218
blue 1603962583333249 1603962583333253
blue 1603962583333294 1603962583333301
blue 1603962583333326 1603962583333330
blue 1603962583333368 1603962583333373
blue 1603962583333407 1603962583333414
blue 1603962583333452 1603962583333461
blue 1603962583333507 1603962583333514
blue 1603962583333549 1603962583333555
blue 1603962583333581 1603962583333585
blue 1603962583333622 1603962583333626
blue 1603962583333664 1603962583333671
blue 1603962583333709 1603962583333715
blue 1603962583333748 1603962583333753
blue 1603962583333817 1603962583333822
blue 1603962583333856 1603962583333862
blue 1603962583333903 1603962583333908
blue 1603962583333940 1603962583333946
blue 1603962583333978 1603962583333983
blue 1603962583334015 1603962583334020
blue 1603962583334051 1603962583334057
blue 1603962583334088 1603962583334094
blue 1603962583334125 1603962583334131
blue 1603962583334162 1603962583334168
blue 1603962583334199 1603962583334204
blue 1603962583334237 1603962583334242
blue 1603962583334275 1603962583334280
blue 1603962583334312 1603962583334317
blue 1603962583334349 1603962583334355
blue 1603962583334387 1603962583334413
blue 1603962583334445 1603962583334451
blue 1603962583334482 1603962583334487
blue 1603962583334518 1603962583334524
blue 1603962583334555 1603962583334561
blue 1603962583334599 1603962583334610
blue 1603962583334664 1603962583334669
blue 1603962583334738 1603962583334744
blue 1603962583334775 1603962583334779
blue 1603962583334812 1603962583334817
blue 1603962583334848 1603962583334853
blue 1603962583334885 1603962583334890
blue 1603962583334932 1603962583334938
blue 1603962583334979 1603962583334987
blue 1603962583335025 1603962583335032
blue 1603962583335064 1603962583335072
blue 1603962583335101 1603962583335105
blue 1603962583335129 1603962583335133
blue 1603962583335216 1603962583335226
blue 1603962583335256 1603962583335260
blue 1603962583335292 1603962583335298
blue 1603962583335329 1603962583335334
blue 1603962583335364 1603962583335368
blue 1603962583335405 1603962583335410
blue 1603962583335447 1603962583335454
blue 1603962583335495 1603962583335502
blue 1603962583335537 1603962583335542
blue 1603962583335573 1603962583335578
blue 1603962583335610 1603962583335614
blue 1603962583335643 1603962583335652
blue 1603962583335685 1603962583335692
blue 1603962583335723 1603962583335728
blue 1603962583335758 1603962583335762
blue 1603962583335793 1603962583335799
blue 1603962583335833 1603962583335839
blue 1603962583335872 1603962583335877
blue 1603962583335909 1603962583335914
blue 1603962583335946 1603962583335952
blue 1603962583336014 1603962583336022
blue 1603962583336052 1603962583336057
blue 1603962583336086 1603962583336090
blue 1603962583336120 1603962583336125
blue 1603962583336163 1603962583336174
blue 1603962583336212 1603962583336217
blue 1603962583336265 1603962583336270
blue 1603962583336304 1603962583336309
blue 1603962583336337 1603962583336343
blue 1603962583336372 1603962583336377
blue 1603962583336413 1603962583336418
blue 1603962583336473 1603962583336478
blue 1603962583336507 1603962583336516
blue 1603962583336551 1603962583336558
blue 1603962583336591 1603962583336597
blue 1603962583336629 1603962583336635
blue 1603962583336666 1603962583336671
blue 1603962583336702 1603962583336707
blue 1603962583336745 1603962583336749
blue 1603962583336780 1603962583336784
blue 1603962583336817 1603962583336821
blue 1603962583336881 1603962583336887
blue 1603962583336917 1603962583336922
blue 1603962583336952 1603962583336958
blue 1603962583336993 1603962583336999
blue 1603962583337036 1603962583337041
blue 1603962583337077 1603962583337082
blue 1603962583337116 1603962583337122
blue 1603962583337152 1603962583337157
blue 1603962583337188 1603962583337193
blue 1603962583337229 1603962583337234
blue 1603962583337269 1603962583337278
blue 1603962583337312 1603962583337318
blue 1603962583337351 1603962583337356
blue 1603962583337389 1603962583337396
blue 1603962583337427 1603962583337432
blue 1603962583337463 1603962583337469
blue 1603962583337503 1603962583337508
blue 1603962583337539 1603962583337544
blue 1603962583337574 1603962583337579
blue 1603962583337610 1603962583337615
blue 1603962583337646 1603962583337651
blue 1603962583337682 1603962583337687
blue 1603962583337717 1603962583337723
blue 1603962583337753 1603962583337759
blue 1603962583337790 1603962583337796
blue 1603962583337827 1603962583337834
blue 1603962583337869 1603962583337874
blue 1603962583337906 1603962583337911
blue 1603962583337942 1603962583337948
blue 1603962583337979 1603962583337985
blue 1603962583338017 1603962583338022
blue 1603962583338053 1603962583338059
blue 1603962583338090 1603962583338096
blue 1603962583338127 1603962583338134
blue 1603962583338166 1603962583338172
blue 1603962583338204 1603962583338210
blue 1603962583338242 1603962583338248
blue 1603962583338280 1603962583338285
blue 1603962583338319 1603962583338325
blue 1603962583338358 1603962583338364
blue 1603962583338399 1603962583338404
blue 1603962583338436 1603962583338441
blue 1603962583338472 1603962583338477
blue 1603962583338507 1603962583338513
blue 1603962583338547 1603962583338553
blue 1603962583338592 1603962583338597
blue 1603962583338631 1603962583338637
blue 1603962583338674 1603962583338682
blue 1603962583338719 1603962583338724
blue 1603962583338757 1603962583338762
blue 1603962583338795 1603962583338801
blue 1603962583338833 1603962583338838
blue 1603962583338870 1603962583338876
blue 1603962583338908 1603962583338913
blue 1603962583338948 1603962583338953
blue 1603962583338984 1603962583338989
blue 1603962583339019 1603962583339025
blue 1603962583339056 1603962583339061
blue 1603962583339092 1603962583339097
blue 1603962583339128 1603962583339133
blue 1603962583339163 1603962583339168
blue 1603962583339200 1603962583339205
blue 1603962583339236 1603962583339241
blue 1603962583339272 1603962583339278
blue 1603962583339308 1603962583339313
blue 1603962583339344 1603962583339349
blue 1603962583339380 1603962583339386
blue 1603962583339417 1603962583339423
blue 1603962583339461 1603962583339466
blue 1603962583339497 1603962583339502
blue 1603962583339533 1603962583339538
blue 1603962583339571 1603962583339576
blue 1603962583339616 1603962583339622
blue 1603962583339663 1603962583339668
blue 1603962583339703 1603962583339709
blue 1603962583339742 1603962583339747
blue 1603962583339779 1603962583339784
blue 1603962583339816 1603962583339821
blue 1603962583339853 1603962583339859
blue 1603962583339890 1603962583339895
blue 1603962583339927 1603962583339933
blue 1603962583339966 1603962583339971
blue 1603962583340030 1603962583340036
blue 1603962583340067 1603962583340072
blue 1603962583340105 1603962583340110
blue 1603962583340143 1603962583340148
blue 1603962583340180 1603962583340185
blue 1603962583340222 1603962583340227
blue 1603962583340259 1603962583340264
blue 1603962583340296 1603962583340301
blue 1603962583340331 1603962583340336
blue 1603962583340367 1603962583340372
blue 1603962583340403 1603962583340409
blue 1603962583340439 1603962583340444
blue 1603962583340475 1603962583340480
blue 1603962583340541 1603962583340546
blue 1603962583340579 1603962583340584
blue 1603962583340614 1603962583340619
blue 1603962583340650 1603962583340655
blue 1603962583340687 1603962583340693
blue 1603962583340726 1603962583340731
blue 1603962583340767 1603962583340772
blue 1603962583340804 1603962583340809
blue 1603962583340840 1603962583340845
blue 1603962583340906 1603962583340912
blue 1603962583340950 1603962583340955
blue 1603962583340990 1603962583340996
blue 1603962583341053 1603962583341058
blue 1603962583341090 1603962583341095
blue 1603962583341126 1603962583341131
blue 1603962583341162 1603962583341168
blue 1603962583341198 1603962583341204
blue 1603962583341240 1603962583341246
blue 1603962583341277 1603962583341283
blue 1603962583341314 1603962583341319
blue 1603962583341350 1603962583341355
blue 1603962583341386 1603962583341391
blue 1603962583341422 1603962583341427
blue 1603962583341458 1603962583341464
blue 1603962583341494 1603962583341499
blue 1603962583341530 1603962583341535
blue 1603962583341566 1603962583341572
blue 1603962583341602 1603962583341607
blue 1603962583341639 1603962583341645
blue 1603962583341675 1603962583341681
blue 1603962583341715 1603962583341720
blue 1603962583341756 1603962583341761
blue 1603962583341793 1603962583341827
blue 1603962583341860 1603962583341865
blue 1603962583341901 1603962583341907
blue 1603962583341948 1603962583341952
blue 1603962583341984 1603962583341989
blue 1603962583342020 1603962583342026
blue 1603962583342058 1603962583342064
blue 1603962583342100 1603962583342105
blue 1603962583342139 1603962583342144
blue 1603962583342176 1603962583342181
blue 1603962583342213 1603962583342219
blue 1603962583342251 1603962583342256
blue 1603962583342288 1603962583342293
blue 1603962583342325 1603962583342330
blue 1603962583342361 1603962583342367
blue 1603962583342399 1603962583342404
blue 1603962583342436 1603962583342441
blue 1603962583342472 1603962583342478
blue 1603962583342510 1603962583342515
blue 1603962583342547 1603962583342553
blue 1603962583342585 1603962583342590
blue 1603962583342622 1603962583342627
blue 1603962583342659 1603962583342664
blue 1603962583342696 1603962583342701
blue 1603962583342732 1603962583342737
blue 1603962583342769 1603962583342774
blue 1603962583342805 1603962583342810
blue 1603962583342864 1603962583342870
blue 1603962583342902 1603962583342907
blue 1603962583342938 1603962583342943
blue 1603962583342975 1603962583342980
blue 1603962583343012 1603962583343017
blue 1603962583343049 1603962583343055
blue 1603962583343086 1603962583343091
blue 1603962583343123 1603962583343128
blue 1603962583343159 1603962583343164
blue 1603962583343198 1603962583343206
blue 1603962583343238 1603962583343244
blue 1603962583343276 1603962583343281
blue 1603962583343317 1603962583343323
blue 1603962583343355 1603962583343360
blue 1603962583343393 1603962583343398
blue 1603962583343431 1603962583343436
blue 1603962583343471 1603962583343478
blue 1603962583343509 1603962583343515
blue 1603962583343545 1603962583343551
blue 1603962583343582 1603962583343587
blue 1603962583343621 1603962583343627
blue 1603962583343659 1603962583343664
blue 1603962583343698 1603962583343703
blue 1603962583343737 1603962583343742
blue 1603962583343773 1603962583343779
blue 1603962583343810 1603962583343815
blue 1603962583343847 1603962583343852
blue 1603962583343885 1603962583343891
blue 1603962583343922 1603962583343927
blue 1603962583343961 1603962583343966
blue 1603962583344025 1603962583344030
blue 1603962583344063 1603962583344069
blue 1603962583344099 1603962583344104
blue 1603962583344148 1603962583344153
blue 1603962583344190 1603962583344195
blue 1603962583344232 1603962583344239
blue 1603962583344276 1603962583344282
blue 1603962583344314 1603962583344319
blue 1603962583344357 1603962583344364
blue 1603962583344395 1603962583344400
blue 1603962583344432 1603962583344437
blue 1603962583344470 1603962583344476
blue 1603962583344508 1603962583344513
blue 1603962583344543 1603962583344548
blue 1603962583344579 1603962583344584
blue 1603962583344615 1603962583344620
blue 1603962583344679 1603962583344684
blue 1603962583344718 1603962583344724
blue 1603962583344754 1603962583344759
blue 1603962583344790 1603962583344795
blue 1603962583344826 1603962583344831
blue 1603962583344861 1603962583344866
blue 1603962583344898 1603962583344904
blue 1603962583344936 1603962583344941
blue 1603962583344972 1603962583344978
blue 1603962583345011 1603962583345019
blue 1603962583345053 1603962583345058
blue 1603962583345090 1603962583345097
blue 1603962583345132 1603962583345138
blue 1603962583345169 1603962583345174
blue 1603962583345205 1603962583345211
blue 1603962583345264 1603962583345276
blue 1603962583345316 1603962583345321
blue 1603962583345354 1603962583345360
blue 1603962583345393 1603962583345399
blue 1603962583345433 1603962583345439
blue 1603962583345473 1603962583345479
blue 1603962583345513 1603962583345519
blue 1603962583345551 1603962583345557
blue 1603962583345591 1603962583345596
blue 1603962583345630 1603962583345636
blue 1603962583345668 1603962583345674
blue 1603962583345707 1603962583345713
blue 1603962583345747 1603962583345753
blue 1603962583345786 1603962583345792
blue 1603962583345826 1603962583345832
blue 1603962583345865 1603962583345871
blue 1603962583345906 1603962583345912
blue 1603962583345951 1603962583345957
blue 1603962583345990 1603962583345995
blue 1603962583346028 1603962583346034
blue 1603962583346068 1603962583346073
blue 1603962583346106 1603962583346112
blue 1603962583346145 1603962583346151
blue 1603962583346185 1603962583346191
blue 1603962583346225 1603962583346231
blue 1603962583346264 1603962583346269
blue 1603962583346303 1603962583346308
blue 1603962583346342 1603962583346347
blue 1603962583346380 1603962583346386
blue 1603962583346418 1603962583346424
blue 1603962583346458 1603962583346464
blue 1603962583346497 1603962583346503
blue 1603962583346537 1603962583346543
blue 1603962583346576 1603962583346582
blue 1603962583346615 1603962583346621
blue 1603962583346655 1603962583346661
blue 1603962583346704 1603962583346711
blue 1603962583346747 1603962583346753
blue 1603962583346789 1603962583346796
blue 1603962583346832 1603962583346838
blue 1603962583346874 1603962583346880
blue 1603962583346915 1603962583346921
blue 1603962583346957 1603962583346964
blue 1603962583347000 1603962583347006
blue 1603962583347042 1603962583347048
blue 1603962583347083 1603962583347090
blue 1603962583347126 1603962583347132
blue 1603962583347167 1603962583347174
blue 1603962583347210 1603962583347216
blue 1603962583347252 1603962583347258
blue 1603962583347295 1603962583347301
blue 1603962583347337 1603962583347343
blue 1603962583347380 1603962583347386
blue 1603962583347421 1603962583347427
blue 1603962583347463 1603962583347469
blue 1603962583347505 1603962583347511
blue 1603962583347547 1603962583347552
blue 1603962583347588 1603962583347595
blue 1603962583347630 1603962583347636
blue 1603962583347672 1603962583347678
blue 1603962583347713 1603962583347719
blue 1603962583347755 1603962583347762
blue 1603962583347797 1603962583347802
blue 1603962583347839 1603962583347845
blue 1603962583347881 1603962583347888
blue 1603962583347923 1603962583347930
blue 1603962583347966 1603962583347972
blue 1603962583348045 1603962583348051
blue 1603962583348084 1603962583348090
blue 1603962583348124 1603962583348130
blue 1603962583348163 1603962583348169
blue 1603962583348229 1603962583348235
blue 1603962583348268 1603962583348273
blue 1603962583348307 1603962583348313
blue 1603962583348346 1603962583348352
blue 1603962583348386 1603962583348392
blue 1603962583348425 1603962583348431
blue 1603962583348464 1603962583348470
blue 1603962583348503 1603962583348509
blue 1603962583348542 1603962583348548
blue 1603962583348581 1603962583348587
blue 1603962583348621 1603962583348627
blue 1603962583348662 1603962583348667
blue 1603962583348704 1603962583348711
blue 1603962583348743 1603962583348748
blue 1603962583348779 1603962583348784
blue 1603962583348819 1603962583348825
blue 1603962583348856 1603962583348861
blue 1603962583348895 1603962583348901
blue 1603962583348934 1603962583348940
blue 1603962583348991 1603962583348996
blue 1603962583349029 1603962583349035
blue 1603962583349068 1603962583349074
blue 1603962583349107 1603962583349113
blue 1603962583349146 1603962583349152
blue 1603962583349186 1603962583349192
blue 1603962583349226 1603962583349231
blue 1603962583349264 1603962583349270
blue 1603962583349304 1603962583349327
blue 1603962583349360 1603962583349366
blue 1603962583349399 1603962583349405
blue 1603962583349449 1603962583349455
blue 1603962583349492 1603962583349498
blue 1603962583349534 1603962583349540
blue 1603962583349577 1603962583349583
blue 1603962583349618 1603962583349624
blue 1603962583349660 1603962583349666
blue 1603962583349720 1603962583349727
blue 1603962583349780 1603962583349786
blue 1603962583349822 1603962583349828
blue 1603962583349862 1603962583349869
blue 1603962583349905 1603962583349911
blue 1603962583349949 1603962583349956
blue 1603962583349998 1603962583350004
blue 1603962583350043 1603962583350049
blue 1603962583350082 1603962583350089
blue 1603962583350130 1603962583350136
blue 1603962583350179 1603962583350185
blue 1603962583350223 1603962583350229
blue 1603962583350265 1603962583350272
blue 1603962583350307 1603962583350313
blue 1603962583350349 1603962583350355
blue 1603962583350392 1603962583350398
blue 1603962583350434 1603962583350440
blue 1603962583350479 1603962583350486
blue 1603962583350546 1603962583350559
blue 1603962583350611 1603962583350620
blue 1603962583350674 1603962583350682
blue 1603962583350734 1603962583350743
blue 1603962583350798 1603962583350808
blue 1603962583350868 1603962583350878
blue 1603962583350937 1603962583350947
blue 1603962583351011 1603962583351019
blue 1603962583351065 1603962583351072
blue 1603962583351214 1603962583351221
blue 1603962583351264 1603962583351271
blue 1603962583351314 1603962583351330
blue 1603962583351374 1603962583351379
blue 1603962583351420 1603962583351427
blue 1603962583351462 1603962583351468
blue 1603962583351504 1603962583351512
blue 1603962583351546 1603962583351553
blue 1603962583351587 1603962583351594
blue 1603962583351627 1603962583351634
blue 1603962583351667 1603962583351678
blue 1603962583351719 1603962583351734
blue 1603962583351767 1603962583351772
blue 1603962583351806 1603962583351812
blue 1603962583351846 1603962583351853
blue 1603962583351885 1603962583351891
blue 1603962583351926 1603962583351931
blue 1603962583351976 1603962583351982
blue 1603962583352015 1603962583352020
blue 1603962583352055 1603962583352061
blue 1603962583352096 1603962583352101
blue 1603962583352136 1603962583352142
blue 1603962583352174 1603962583352180
blue 1603962583352213 1603962583352220
blue 1603962583352253 1603962583352258
blue 1603962583352291 1603962583352298
blue 1603962583352332 1603962583352338
blue 1603962583352371 1603962583352377
blue 1603962583352429 1603962583352435
blue 1603962583352477 1603962583352483
blue 1603962583352536 1603962583352542
blue 1603962583352613 1603962583352618
blue 1603962583352652 1603962583352661
blue 1603962583352699 1603962583352705
blue 1603962583352745 1603962583352750
blue 1603962583352788 1603962583352793
blue 1603962583352832 1603962583352837
blue 1603962583352873 1603962583352878
blue 1603962583352918 1603962583352926
blue 1603962583352961 1603962583352967
blue 1603962583353061 1603962583353066
blue 1603962583353098 1603962583353104
blue 1603962583353140 1603962583353151
blue 1603962583353184 1603962583353189
blue 1603962583353225 1603962583353231
blue 1603962583353264 1603962583353269
blue 1603962583353304 1603962583353311
blue 1603962583353345 1603962583353351
blue 1603962583353384 1603962583353390
blue 1603962583353424 1603962583353430
blue 1603962583353464 1603962583353470
blue 1603962583353503 1603962583353509
blue 1603962583353545 1603962583353550
blue 1603962583353584 1603962583353590
blue 1603962583353623 1603962583353629
blue 1603962583353665 1603962583353671
blue 1603962583353705 1603962583353710
blue 1603962583353745 1603962583353751
blue 1603962583353798 1603962583353804
blue 1603962583353836 1603962583353842
blue 1603962583353903 1603962583353910
blue 1603962583353974 1603962583353980
blue 1603962583354018 1603962583354024
blue 1603962583354057 1603962583354063
blue 1603962583354099 1603962583354105
blue 1603962583354138 1603962583354143
blue 1603962583354212 1603962583354221
blue 1603962583354264 1603962583354272
blue 1603962583354325 1603962583354330
blue 1603962583354362 1603962583354369
blue 1603962583354400 1603962583354407
blue 1603962583354443 1603962583354448
blue 1603962583354480 1603962583354487
blue 1603962583354522 1603962583354527
blue 1603962583354559 1603962583354565
blue 1603962583354600 1603962583354605
blue 1603962583354637 1603962583354644
blue 1603962583354679 1603962583354684
blue 1603962583354716 1603962583354722
blue 1603962583354757 1603962583354762
blue 1603962583354794 1603962583354800
blue 1603962583354835 1603962583354840
blue 1603962583354912 1603962583354918
blue 1603962583354952 1603962583354960
blue 1603962583354998 1603962583355007
blue 1603962583355058 1603962583355065
blue 1603962583355124 1603962583355132
blue 1603962583355181 1603962583355193
blue 1603962583355231 1603962583355238
blue 1603962583355288 1603962583355294
blue 1603962583355346 1603962583355353
blue 1603962583355436 1603962583355448
blue 1603962583355491 1603962583355496
blue 1603962583355554 1603962583355559
blue 1603962583355591 1603962583355598
blue 1603962583355632 1603962583355636
blue 1603962583355674 1603962583355681
blue 1603962583355710 1603962583355717
blue 1603962583355757 1603962583355763
blue 1603962583355810 1603962583355815
blue 1603962583355874 1603962583355879
blue 1603962583355966 1603962583355974
blue 1603962583356013 1603962583356018
blue 1603962583356056 1603962583356063
blue 1603962583356115 1603962583356125
blue 1603962583356169 1603962583356183
blue 1603962583356238 1603962583356243
blue 1603962583356279 1603962583356285
blue 1603962583356326 1603962583356331
blue 1603962583356371 1603962583356377
blue 1603962583356417 1603962583356429
blue 1603962583356557 1603962583356568
blue 1603962583356659 1603962583356666
blue 1603962583356706 1603962583356711
blue 1603962583356770 1603962583356776
blue 1603962583356827 1603962583356837
blue 1603962583356883 1603962583356888
blue 1603962583356920 1603962583356926
blue 1603962583356971 1603962583356976
blue 1603962583357006 1603962583357016
blue 1603962583357064 1603962583357076
blue 1603962583357111 1603962583357117
blue 1603962583357154 1603962583357160
blue 1603962583357201 1603962583357206
blue 1603962583357242 1603962583357249
blue 1603962583357284 1603962583357290
blue 1603962583357326 1603962583357332
blue 1603962583357368 1603962583357375
blue 1603962583357410 1603962583357417
blue 1603962583357452 1603962583357459
blue 1603962583357495 1603962583357501
blue 1603962583357538 1603962583357544
blue 1603962583357579 1603962583357586
blue 1603962583357622 1603962583357628
blue 1603962583357664 1603962583357670
blue 1603962583357706 1603962583357713
blue 1603962583357748 1603962583357754
blue 1603962583357790 1603962583357796
blue 1603962583357831 1603962583357838
blue 1603962583357874 1603962583357880
blue 1603962583357916 1603962583357922
blue 1603962583357958 1603962583357965
blue 1603962583358033 1603962583358039
blue 1603962583358075 1603962583358081
blue 1603962583358116 1603962583358123
blue 1603962583358159 1603962583358166
blue 1603962583358202 1603962583358209
blue 1603962583358244 1603962583358251
blue 1603962583358287 1603962583358294
blue 1603962583358330 1603962583358336
blue 1603962583358372 1603962583358411
blue 1603962583358448 1603962583358454
blue 1603962583358492 1603962583358498
blue 1603962583358535 1603962583358542
blue 1603962583358578 1603962583358585
blue 1603962583358622 1603962583358629
blue 1603962583358663 1603962583358670
blue 1603962583358706 1603962583358712
blue 1603962583358749 1603962583358755
blue 1603962583358792 1603962583358799
blue 1603962583358835 1603962583358841
blue 1603962583358878 1603962583358884
blue 1603962583358921 1603962583358927
blue 1603962583358965 1603962583358971
blue 1603962583359005 1603962583359012
blue 1603962583359047 1603962583359053
blue 1603962583359108 1603962583359115
blue 1603962583359151 1603962583359158
blue 1603962583359194 1603962583359200
blue 1603962583359236 1603962583359242
blue 1603962583359277 1603962583359283
blue 1603962583359319 1603962583359325
blue 1603962583359361 1603962583359368
blue 1603962583359404 1603962583359410
blue 1603962583359447 1603962583359453
blue 1603962583359489 1603962583359496
blue 1603962583359532 1603962583359538
blue 1603962583359575 1603962583359581
blue 1603962583359617 1603962583359623
blue 1603962583359659 1603962583359665
blue 1603962583359700 1603962583359707
blue 1603962583359743 1603962583359750
blue 1603962583359785 1603962583359791
blue 1603962583359828 1603962583359834
blue 1603962583359869 1603962583359876
blue 1603962583359912 1603962583359919
blue 1603962583359956 1603962583359962
blue 1603962583359997 1603962583360004
blue 1603962583360039 1603962583360046
blue 1603962583360083 1603962583360089
blue 1603962583360143 1603962583360150
blue 1603962583360185 1603962583360192
blue 1603962583360228 1603962583360234
blue 1603962583360270 1603962583360276
blue 1603962583360312 1603962583360318
blue 1603962583360371 1603962583360378
blue 1603962583360414 1603962583360419
blue 1603962583360454 1603962583360459
blue 1603962583360496 1603962583360503
blue 1603962583360539 1603962583360545
blue 1603962583360598 1603962583360604
blue 1603962583360646 1603962583360652
blue 1603962583360688 1603962583360694
blue 1603962583360732 1603962583360738
blue 1603962583360774 1603962583360780
blue 1603962583360817 1603962583360823
blue 1603962583360859 1603962583360865
blue 1603962583360901 1603962583360906
blue 1603962583360942 1603962583360949
blue 1603962583360984 1603962583360991
blue 1603962583361026 1603962583361032
blue 1603962583361069 1603962583361075
blue 1603962583361111 1603962583361118
blue 1603962583361154 1603962583361160
blue 1603962583361196 1603962583361202
blue 1603962583361237 1603962583361244
blue 1603962583361279 1603962583361285
blue 1603962583361322 1603962583361328
blue 1603962583361363 1603962583361370
blue 1603962583361405 1603962583361411
blue 1603962583361448 1603962583361454
blue 1603962583361490 1603962583361496
blue 1603962583361533 1603962583361539
blue 1603962583361576 1603962583361582
blue 1603962583361618 1603962583361624
blue 1603962583361660 1603962583361667
blue 1603962583361703 1603962583361709
blue 1603962583361745 1603962583361751
blue 1603962583361787 1603962583361793
blue 1603962583361830 1603962583361836
blue 1603962583361872 1603962583361878
blue 1603962583361913 1603962583361918
blue 1603962583361954 1603962583361961
blue 1603962583361996 1603962583362003
blue 1603962583362039 1603962583362045
blue 1603962583362082 1603962583362089
blue 1603962583362124 1603962583362130
blue 1603962583362165 1603962583362171
blue 1603962583362206 1603962583362212
blue 1603962583362247 1603962583362254
blue 1603962583362289 1603962583362295
blue 1603962583362331 1603962583362338
blue 1603962583362374 1603962583362381
blue 1603962583362416 1603962583362423
blue 1603962583362459 1603962583362465
blue 1603962583362524 1603962583362531
blue 1603962583362566 1603962583362572
blue 1603962583362609 1603962583362616
blue 1603962583362652 1603962583362659
blue 1603962583362696 1603962583362703
blue 1603962583362740 1603962583362747
blue 1603962583362783 1603962583362790
blue 1603962583362827 1603962583362832
blue 1603962583362868 1603962583362875
blue 1603962583362912 1603962583362919
blue 1603962583362958 1603962583362963
blue 1603962583363001 1603962583363008
blue 1603962583363045 1603962583363051
blue 1603962583363089 1603962583363095
blue 1603962583363132 1603962583363138
blue 1603962583363175 1603962583363182
blue 1603962583363217 1603962583363224
blue 1603962583363262 1603962583363268
blue 1603962583363305 1603962583363312
blue 1603962583363349 1603962583363356
blue 1603962583363393 1603962583363399
blue 1603962583363436 1603962583363443
blue 1603962583363480 1603962583363486
blue 1603962583363523 1603962583363529
blue 1603962583363565 1603962583363572
blue 1603962583363608 1603962583363614
blue 1603962583363672 1603962583363678
blue 1603962583363714 1603962583363721
blue 1603962583363757 1603962583363764
blue 1603962583363801 1603962583363808
blue 1603962583363845 1603962583363851
blue 1603962583363889 1603962583363895
blue 1603962583363932 1603962583363938
blue 1603962583363975 1603962583363981
blue 1603962583364018 1603962583364024
blue 1603962583364060 1603962583364066
blue 1603962583364102 1603962583364108
blue 1603962583364144 1603962583364150
blue 1603962583364186 1603962583364192
blue 1603962583364229 1603962583364235
blue 1603962583364271 1603962583364278
blue 1603962583364314 1603962583364321
blue 1603962583364357 1603962583364363
blue 1603962583364398 1603962583364404
blue 1603962583364457 1603962583364463
blue 1603962583364500 1603962583364506
blue 1603962583364542 1603962583364548
blue 1603962583364584 1603962583364590
blue 1603962583364626 1603962583364632
blue 1603962583364667 1603962583364674
blue 1603962583364710 1603962583364716
blue 1603962583364752 1603962583364759
blue 1603962583364839 1603962583364849
blue 1603962583364890 1603962583364898
blue 1603962583364938 1603962583364949
blue 1603962583364983 1603962583364990
blue 1603962583365020 1603962583365036
blue 1603962583365060 1603962583365064
blue 1603962583365088 1603962583365092
blue 1603962583365131 1603962583365135
blue 1603962583365164 1603962583365169
blue 1603962583365188 1603962583365193
blue 1603962583365219 1603962583365228
blue 1603962583365247 1603962583365258
blue 1603962583365283 1603962583365291
blue 1603962583365316 1603962583365322
blue 1603962583365347 1603962583365359
blue 1603962583365392 1603962583365398
blue 1603962583365423 1603962583365427
blue 1603962583365460 1603962583365464
blue 1603962583365483 1603962583365487
blue 1603962583365515 1603962583365519
blue 1603962583365550 1603962583365556
blue 1603962583365580 1603962583365587
blue 1603962583365613 1603962583365619
blue 1603962583365647 1603962583365652
blue 1603962583365678 1603962583365687
blue 1603962583365706 1603962583365711
blue 1603962583365739 1603962583365743
blue 1603962583365771 1603962583365777
blue 1603962583365799 1603962583365804
blue 1603962583365827 1603962583365832
blue 1603962583365855 1603962583365860
blue 1603962583365883 1603962583365889
blue 1603962583365912 1603962583365917
blue 1603962583365939 1603962583365945
blue 1603962583365968 1603962583365974
blue 1603962583365996 1603962583366002
blue 1603962583366024 1603962583366030
blue 1603962583366052 1603962583366057
blue 1603962583366081 1603962583366086
blue 1603962583366109 1603962583366115
blue 1603962583366137 1603962583366179
blue 1603962583366202 1603962583366207
blue 1603962583366229 1603962583366234
blue 1603962583366255 1603962583366261
blue 1603962583366282 1603962583366288
blue 1603962583366309 1603962583366315
blue 1603962583366338 1603962583366343
blue 1603962583366369 1603962583366376
blue 1603962583366412 1603962583366419
blue 1603962583366441 1603962583366447
blue 1603962583366500 1603962583366506
blue 1603962583366529 1603962583366534
blue 1603962583366557 1603962583366562
blue 1603962583366585 1603962583366591
blue 1603962583366613 1603962583366619
blue 1603962583366641 1603962583366647
blue 1603962583366670 1603962583366675
blue 1603962583366697 1603962583366703
blue 1603962583366725 1603962583366730
blue 1603962583366754 1603962583366759
blue 1603962583366782 1603962583366787
blue 1603962583366810 1603962583366815
blue 1603962583366838 1603962583366844
blue 1603962583366868 1603962583366873
blue 1603962583366896 1603962583366901
blue 1603962583366923 1603962583366929
blue 1603962583366952 1603962583366957
blue 1603962583366979 1603962583366985
blue 1603962583367007 1603962583367012
blue 1603962583367035 1603962583367040
blue 1603962583367062 1603962583367068
blue 1603962583367091 1603962583367096
blue 1603962583367118 1603962583367124
blue 1603962583367147 1603962583367152
blue 1603962583367176 1603962583367182
blue 1603962583367204 1603962583367209
blue 1603962583367233 1603962583367238
blue 1603962583367261 1603962583367267
blue 1603962583367290 1603962583367296
blue 1603962583367352 1603962583367357
blue 1603962583367379 1603962583367384
blue 1603962583367406 1603962583367412
blue 1603962583367434 1603962583367440
blue 1603962583367463 1603962583367469
blue 1603962583367492 1603962583367497
blue 1603962583367521 1603962583367526
blue 1603962583367550 1603962583367556
blue 1603962583367578 1603962583367583
blue 1603962583367605 1603962583367611
blue 1603962583367634 1603962583367642
blue 1603962583367664 1603962583367669
blue 1603962583367691 1603962583367696
blue 1603962583367718 1603962583367724
blue 1603962583367767 1603962583367773
blue 1603962583367795 1603962583367800
blue 1603962583367821 1603962583367827
blue 1603962583367848 1603962583367853
blue 1603962583367875 1603962583367881
blue 1603962583367903 1603962583367908
blue 1603962583367931 1603962583367936
blue 1603962583367958 1603962583367964
blue 1603962583367986 1603962583367992
blue 1603962583368024 1603962583368029
blue 1603962583368049 1603962583368054
blue 1603962583368074 1603962583368079
blue 1603962583368099 1603962583368104
blue 1603962583368124 1603962583368129
blue 1603962583368149 1603962583368154
blue 1603962583368197 1603962583368202
blue 1603962583368222 1603962583368227
blue 1603962583368248 1603962583368253
blue 1603962583368274 1603962583368279
blue 1603962583368300 1603962583368305
blue 1603962583368326 1603962583368331
blue 1603962583368352 1603962583368357
blue 1603962583368378 1603962583368383
blue 1603962583368403 1603962583368409
blue 1603962583368430 1603962583368435
blue 1603962583368456 1603962583368461
blue 1603962583368481 1603962583368486
blue 1603962583368507 1603962583368512
blue 1603962583368532 1603962583368537
blue 1603962583368558 1603962583368563
blue 1603962583368584 1603962583368589
blue 1603962583368610 1603962583368615
blue 1603962583368636 1603962583368641
blue 1603962583368662 1603962583368667
blue 1603962583368689 1603962583368695
blue 1603962583368715 1603962583368720
blue 1603962583368740 1603962583368745
blue 1603962583368765 1603962583368770
blue 1603962583368791 1603962583368796
blue 1603962583368816 1603962583368821
blue 1603962583368842 1603962583368847
blue 1603962583368867 1603962583368873
blue 1603962583368892 1603962583368897
blue 1603962583368917 1603962583368923
blue 1603962583368943 1603962583368948
blue 1603962583368968 1603962583368973
blue 1603962583368994 1603962583368999
blue 1603962583369020 1603962583369025
blue 1603962583369046 1603962583369051
blue 1603962583369072 1603962583369077
blue 1603962583369098 1603962583369103
blue 1603962583369124 1603962583369129
blue 1603962583369150 1603962583369154
blue 1603962583369175 1603962583369180
blue 1603962583369201 1603962583369206
blue 1603962583369226 1603962583369231
blue 1603962583369252 1603962583369258
blue 1603962583369279 1603962583369284
blue 1603962583369305 1603962583369311
blue 1603962583369350 1603962583369355
blue 1603962583369376 1603962583369381
blue 1603962583369402 1603962583369407
blue 1603962583369428 1603962583369433
blue 1603962583369454 1603962583369459
blue 1603962583369479 1603962583369484
blue 1603962583369505 1603962583369510
blue 1603962583369531 1603962583369536
blue 1603962583369557 1603962583369562
blue 1603962583369597 1603962583369618
blue 1603962583369681 1603962583369688
blue 1603962583369715 1603962583369720
blue 1603962583369743 1603962583369758
blue 1603962583369799 1603962583369816
blue 1603962583369840 1603962583369844
blue 1603962583369865 1603962583369870
blue 1603962583369896 1603962583369901
blue 1603962583369926 1603962583369932
blue 1603962583369987 1603962583369992
blue 1603962583370014 1603962583370019
blue 1603962583370039 1603962583370044
blue 1603962583370065 1603962583370070
blue 1603962583370091 1603962583370096
blue 1603962583370116 1603962583370121
blue 1603962583370142 1603962583370148
blue 1603962583370168 1603962583370173
blue 1603962583370193 1603962583370199
blue 1603962583370219 1603962583370224
blue 1603962583370245 1603962583370249
blue 1603962583370270 1603962583370276
blue 1603962583370297 1603962583370302
blue 1603962583370323 1603962583370328
blue 1603962583370372 1603962583370377
blue 1603962583370399 1603962583370403
blue 1603962583370424 1603962583370429
blue 1603962583370450 1603962583370454
blue 1603962583370475 1603962583370479
blue 1603962583370500 1603962583370505
blue 1603962583370525 1603962583370530
blue 1603962583370551 1603962583370556
blue 1603962583370577 1603962583370582
blue 1603962583370603 1603962583370608
blue 1603962583370629 1603962583370634
blue 1603962583370654 1603962583370659
blue 1603962583370680 1603962583370685
blue 1603962583370705 1603962583370710
blue 1603962583370730 1603962583370735
blue 1603962583370757 1603962583370762
blue 1603962583370794 1603962583370806
blue 1603962583370835 1603962583370841
blue 1603962583370871 1603962583370876
blue 1603962583370901 1603962583370906
blue 1603962583370930 1603962583370935
blue 1603962583370960 1603962583370965
blue 1603962583370987 1603962583370992
blue 1603962583371018 1603962583371023
blue 1603962583371047 1603962583371052
blue 1603962583371077 1603962583371082
blue 1603962583371109 1603962583371115
blue 1603962583371142 1603962583371147
blue 1603962583371172 1603962583371177
blue 1603962583371201 1603962583371206
blue 1603962583371228 1603962583371233
blue 1603962583371254 1603962583371258
blue 1603962583371302 1603962583371308
blue 1603962583371328 1603962583371333
blue 1603962583371353 1603962583371358
blue 1603962583371379 1603962583371384
blue 1603962583371405 1603962583371409
blue 1603962583371430 1603962583371435
blue 1603962583371455 1603962583371460
blue 1603962583371480 1603962583371485
blue 1603962583371506 1603962583371511
blue 1603962583371531 1603962583371536
blue 1603962583371556 1603962583371584
blue 1603962583371605 1603962583371610
blue 1603962583371630 1603962583371634
blue 1603962583371655 1603962583371660
blue 1603962583371680 1603962583371685
blue 1603962583371706 1603962583371711
blue 1603962583371731 1603962583371736
blue 1603962583371757 1603962583371762
blue 1603962583371783 1603962583371788
blue 1603962583371808 1603962583371813
blue 1603962583371833 1603962583371838
blue 1603962583371859 1603962583371864
blue 1603962583371884 1603962583371889
blue 1603962583371910 1603962583371915
blue 1603962583371936 1603962583371941
blue 1603962583371961 1603962583371966
blue 1603962583371988 1603962583371993
blue 1603962583372013 1603962583372018
blue 1603962583372038 1603962583372043
blue 1603962583372063 1603962583372068
blue 1603962583372088 1603962583372093
blue 1603962583372114 1603962583372120
blue 1603962583372140 1603962583372146
blue 1603962583372166 1603962583372171
blue 1603962583372191 1603962583372196
blue 1603962583372217 1603962583372221
blue 1603962583372242 1603962583372248
blue 1603962583372268 1603962583372274
blue 1603962583372294 1603962583372299
blue 1603962583372338 1603962583372343
blue 1603962583372363 1603962583372368
blue 1603962583372388 1603962583372393
blue 1603962583372414 1603962583372418
blue 1603962583372439 1603962583372444
blue 1603962583372465 1603962583372469
blue 1603962583372490 1603962583372495
blue 1603962583372516 1603962583372521
blue 1603962583372542 1603962583372547
blue 1603962583372568 1603962583372573
blue 1603962583372595 1603962583372600
blue 1603962583372620 1603962583372625
blue 1603962583372646 1603962583372651
blue 1603962583372671 1603962583372676
blue 1603962583372697 1603962583372703
blue 1603962583372723 1603962583372728
blue 1603962583372750 1603962583372755
blue 1603962583372775 1603962583372781
blue 1603962583372801 1603962583372807
blue 1603962583372827 1603962583372832
blue 1603962583372854 1603962583372859
blue 1603962583372879 1603962583372885
blue 1603962583372905 1603962583372911
blue 1603962583372932 1603962583372937
blue 1603962583372958 1603962583372963
blue 1603962583372984 1603962583372989
blue 1603962583373010 1603962583373016
blue 1603962583373036 1603962583373041
blue 1603962583373061 1603962583373067
blue 1603962583373087 1603962583373093
blue 1603962583373114 1603962583373119
blue 1603962583373139 1603962583373144
blue 1603962583373166 1603962583373171
blue 1603962583373218 1603962583373223
blue 1603962583373261 1603962583373267
blue 1603962583373287 1603962583373291
blue 1603962583373312 1603962583373317
blue 1603962583373338 1603962583373343
blue 1603962583373364 1603962583373369
blue 1603962583373390 1603962583373395
blue 1603962583373416 1603962583373421
blue 1603962583373443 1603962583373448
blue 1603962583373469 1603962583373474
blue 1603962583373495 1603962583373500
blue 1603962583373522 1603962583373527
blue 1603962583373547 1603962583373552
blue 1603962583373574 1603962583373579
blue 1603962583373600 1603962583373605
blue 1603962583373626 1603962583373632
blue 1603962583373652 1603962583373658
blue 1603962583373679 1603962583373685
blue 1603962583373705 1603962583373710
blue 1603962583373730 1603962583373736
blue 1603962583373756 1603962583373761
blue 1603962583373782 1603962583373788
blue 1603962583373808 1603962583373814
blue 1603962583373835 1603962583373840
blue 1603962583373860 1603962583373865
blue 1603962583373892 1603962583373900
blue 1603962583373924 1603962583373931
blue 1603962583373970 1603962583373977
blue 1603962583374005 1603962583374015
blue 1603962583374046 1603962583374052
blue 1603962583374079 1603962583374085
blue 1603962583374106 1603962583374111
blue 1603962583374144 1603962583374156
blue 1603962583374194 1603962583374198
blue 1603962583374219 1603962583374232
blue 1603962583374259 1603962583374264
blue 1603962583374311 1603962583374319
blue 1603962583374341 1603962583374346
blue 1603962583374366 1603962583374374
blue 1603962583374403 1603962583374408
blue 1603962583374429 1603962583374434
blue 1603962583374476 1603962583374483
blue 1603962583374504 1603962583374510
blue 1603962583374540 1603962583374547
blue 1603962583374584 1603962583374591
blue 1603962583374614 1603962583374620
blue 1603962583374660 1603962583374667
blue 1603962583374693 1603962583374700
blue 1603962583374726 1603962583374732
blue 1603962583374758 1603962583374763
blue 1603962583374784 1603962583374789
blue 1603962583374811 1603962583374816
blue 1603962583374836 1603962583374841
blue 1603962583374861 1603962583374866
blue 1603962583374888 1603962583374893
blue 1603962583374915 1603962583374921
blue 1603962583374942 1603962583374947
blue 1603962583374968 1603962583374973
blue 1603962583374994 1603962583374999
blue 1603962583375022 1603962583375027
blue 1603962583375073 1603962583375078
blue 1603962583375098 1603962583375103
blue 1603962583375124 1603962583375130
blue 1603962583375151 1603962583375156
blue 1603962583375178 1603962583375183
blue 1603962583375203 1603962583375209
blue 1603962583375231 1603962583375236
blue 1603962583375258 1603962583375263
blue 1603962583375284 1603962583375288
blue 1603962583375337 1603962583375342
blue 1603962583375362 1603962583375367
blue 1603962583375387 1603962583375392
blue 1603962583375413 1603962583375418
blue 1603962583375439 1603962583375444
blue 1603962583375465 1603962583375470
blue 1603962583375491 1603962583375496
blue 1603962583375518 1603962583375523
blue 1603962583375545 1603962583375550
blue 1603962583375570 1603962583375575
blue 1603962583375596 1603962583375601
blue 1603962583375623 1603962583375628
blue 1603962583375649 1603962583375654
blue 1603962583375676 1603962583375681
blue 1603962583375701 1603962583375707
blue 1603962583375728 1603962583375733
blue 1603962583375755 1603962583375760
blue 1603962583375781 1603962583375786
blue 1603962583375808 1603962583375813
blue 1603962583375835 1603962583375840
blue 1603962583375862 1603962583375868
blue 1603962583375889 1603962583375895
blue 1603962583375917 1603962583375922
blue 1603962583375943 1603962583375948
blue 1603962583375970 1603962583375975
blue 1603962583376003 1603962583376008
blue 1603962583376041 1603962583376051
blue 1603962583376226 1603962583376231
blue 1603962583376252 1603962583376257
blue 1603962583376278 1603962583376283
blue 1603962583376304 1603962583376309
blue 1603962583376330 1603962583376335
blue 1603962583376356 1603962583376360
blue 1603962583376382 1603962583376387
blue 1603962583376409 1603962583376414
blue 1603962583376435 1603962583376440
blue 1603962583376461 1603962583376466
blue 1603962583376514 1603962583376519
blue 1603962583376541 1603962583376545
blue 1603962583376567 1603962583376572
blue 1603962583376593 1603962583376598
blue 1603962583376619 1603962583376625
blue 1603962583376646 1603962583376651
blue 1603962583376672 1603962583376677
blue 1603962583376698 1603962583376703
blue 1603962583376723 1603962583376729
blue 1603962583376749 1603962583376754
blue 1603962583376775 1603962583376780
blue 1603962583376801 1603962583376806
blue 1603962583376827 1603962583376832
blue 1603962583376853 1603962583376859
blue 1603962583376879 1603962583376885
blue 1603962583376906 1603962583376911
blue 1603962583376931 1603962583376936
blue 1603962583376957 1603962583376962
blue 1603962583376984 1603962583377017
blue 1603962583377038 1603962583377044
blue 1603962583377065 1603962583377070
blue 1603962583377091 1603962583377096
blue 1603962583377116 1603962583377121
blue 1603962583377142 1603962583377147
blue 1603962583377168 1603962583377173
blue 1603962583377194 1603962583377199
blue 1603962583377220 1603962583377225
blue 1603962583377245 1603962583377250
blue 1603962583377271 1603962583377276
blue 1603962583377298 1603962583377303
blue 1603962583377325 1603962583377330
blue 1603962583377352 1603962583377357
blue 1603962583377378 1603962583377383
blue 1603962583377405 1603962583377409
blue 1603962583377431 1603962583377436
blue 1603962583377457 1603962583377462
blue 1603962583377484 1603962583377489
blue 1603962583377510 1603962583377515
blue 1603962583377556 1603962583377562
blue 1603962583377597 1603962583377604
blue 1603962583377636 1603962583377641
blue 1603962583377663 1603962583377669
blue 1603962583377691 1603962583377696
blue 1603962583377722 1603962583377727
blue 1603962583377748 1603962583377753
blue 1603962583377781 1603962583377786
blue 1603962583377807 1603962583377812
blue 1603962583377834 1603962583377838
blue 1603962583377864 1603962583377869
blue 1603962583377891 1603962583377897
blue 1603962583377918 1603962583377924
blue 1603962583377945 1603962583377951
blue 1603962583377972 1603962583377978
blue 1603962583377999 1603962583378005
blue 1603962583378026 1603962583378031
blue 1603962583378052 1603962583378058
blue 1603962583378079 1603962583378084
blue 1603962583378106 1603962583378111
blue 1603962583378133 1603962583378138
blue 1603962583378160 1603962583378165
blue 1603962583378187 1603962583378193
blue 1603962583378214 1603962583378220
blue 1603962583378241 1603962583378247
blue 1603962583378269 1603962583378274
blue 1603962583378296 1603962583378301
blue 1603962583378323 1603962583378329
blue 1603962583378375 1603962583378380
blue 1603962583378402 1603962583378407
blue 1603962583378429 1603962583378435
blue 1603962583378456 1603962583378462
blue 1603962583378483 1603962583378489
blue 1603962583378511 1603962583378516
blue 1603962583378538 1603962583378544
blue 1603962583378565 1603962583378570
blue 1603962583378592 1603962583378598
blue 1603962583378620 1603962583378625
blue 1603962583378647 1603962583378652
blue 1603962583378674 1603962583378679
blue 1603962583378701 1603962583378707
blue 1603962583378728 1603962583378734
blue 1603962583378755 1603962583378760
blue 1603962583378782 1603962583378787
blue 1603962583378809 1603962583378814
blue 1603962583378836 1603962583378842
blue 1603962583378864 1603962583378869
blue 1603962583378891 1603962583378896
blue 1603962583378918 1603962583378924
blue 1603962583378946 1603962583378951
blue 1603962583378972 1603962583378977
blue 1603962583379028 1603962583379033
blue 1603962583379055 1603962583379061
blue 1603962583379082 1603962583379088
blue 1603962583379109 1603962583379114
blue 1603962583379136 1603962583379141
blue 1603962583379163 1603962583379169
blue 1603962583379190 1603962583379196
blue 1603962583379217 1603962583379222
blue 1603962583379244 1603962583379249
blue 1603962583379270 1603962583379276
blue 1603962583379296 1603962583379302
blue 1603962583379323 1603962583379328
blue 1603962583379350 1603962583379355
blue 1603962583379376 1603962583379382
blue 1603962583379403 1603962583379408
blue 1603962583379429 1603962583379435
blue 1603962583379473 1603962583379479
blue 1603962583379500 1603962583379506
blue 1603962583379527 1603962583379533
blue 1603962583379555 1603962583379560
blue 1603962583379581 1603962583379587
blue 1603962583379608 1603962583379614
blue 1603962583379635 1603962583379641
blue 1603962583379662 1603962583379667
blue 1603962583379689 1603962583379694
blue 1603962583379716 1603962583379721
blue 1603962583379743 1603962583379749
blue 1603962583379770 1603962583379776
blue 1603962583379798 1603962583379803
blue 1603962583379825 1603962583379830
blue 1603962583379852 1603962583379857
blue 1603962583379879 1603962583379884
blue 1603962583379906 1603962583379911
blue 1603962583379933 1603962583379939
blue 1603962583379960 1603962583379966
blue 1603962583379987 1603962583379993
blue 1603962583380015 1603962583380020
blue 1603962583380042 1603962583380047
blue 1603962583380069 1603962583380074
blue 1603962583380096 1603962583380102
blue 1603962583380124 1603962583380129
blue 1603962583380151 1603962583380157
blue 1603962583380179 1603962583380184
blue 1603962583380225 1603962583380230
blue 1603962583380267 1603962583380272
blue 1603962583380294 1603962583380301
blue 1603962583380326 1603962583380331
blue 1603962583380352 1603962583380357
blue 1603962583380379 1603962583380384
blue 1603962583380405 1603962583380410
blue 1603962583380431 1603962583380436
blue 1603962583380456 1603962583380461
blue 1603962583380483 1603962583380488
blue 1603962583380509 1603962583380515
blue 1603962583380550 1603962583380556
blue 1603962583380576 1603962583380581
blue 1603962583380625 1603962583380630
blue 1603962583380651 1603962583380656
blue 1603962583380677 1603962583380682
blue 1603962583380710 1603962583380715
blue 1603962583380771 1603962583380781
blue 1603962583380827 1603962583380838
blue 1603962583380911 1603962583380916
blue 1603962583380952 1603962583380958
blue 1603962583380980 1603962583380986
blue 1603962583381016 1603962583381021
blue 1603962583381051 1603962583381056
blue 1603962583381078 1603962583381088
blue 1603962583381124 1603962583381131
blue 1603962583381162 1603962583381168
blue 1603962583381190 1603962583381195
blue 1603962583381230 1603962583381235
blue 1603962583381265 1603962583381270
blue 1603962583381292 1603962583381305
blue 1603962583381328 1603962583381333
blue 1603962583381370 1603962583381378
blue 1603962583381405 1603962583381411
blue 1603962583381433 1603962583381438
blue 1603962583381458 1603962583381463
blue 1603962583381510 1603962583381515
blue 1603962583381537 1603962583381542
blue 1603962583381562 1603962583381567
blue 1603962583381587 1603962583381592
blue 1603962583381613 1603962583381618
blue 1603962583381639 1603962583381644
blue 1603962583381665 1603962583381670
blue 1603962583381691 1603962583381696
blue 1603962583381717 1603962583381722
blue 1603962583381743 1603962583381748
blue 1603962583381769 1603962583381774
blue 1603962583381795 1603962583381800
blue 1603962583381821 1603962583381826
blue 1603962583381847 1603962583381853
blue 1603962583381874 1603962583381878
blue 1603962583381899 1603962583381904
blue 1603962583381925 1603962583381930
blue 1603962583381951 1603962583381955
blue 1603962583381976 1603962583381981
blue 1603962583382003 1603962583382008
blue 1603962583382029 1603962583382035
blue 1603962583382056 1603962583382061
blue 1603962583382082 1603962583382087
blue 1603962583382108 1603962583382112
blue 1603962583382134 1603962583382139
blue 1603962583382160 1603962583382165
blue 1603962583382187 1603962583382192
blue 1603962583382213 1603962583382218
blue 1603962583382239 1603962583382244
blue 1603962583382266 1603962583382271
blue 1603962583382292 1603962583382297
blue 1603962583382318 1603962583382323
blue 1603962583382343 1603962583382348
blue 1603962583382370 1603962583382375
blue 1603962583382395 1603962583382400
blue 1603962583382421 1603962583382426
blue 1603962583382447 1603962583382479
blue 1603962583382500 1603962583382506
blue 1603962583382527 1603962583382531
blue 1603962583382553 1603962583382558
blue 1603962583382579 1603962583382583
blue 1603962583382604 1603962583382609
blue 1603962583382650 1603962583382654
blue 1603962583382676 1603962583382681
blue 1603962583382702 1603962583382707
blue 1603962583382734 1603962583382739
blue 1603962583382763 1603962583382768
blue 1603962583382789 1603962583382794
blue 1603962583382821 1603962583382826
blue 1603962583382848 1603962583382853
blue 1603962583382874 1603962583382879
blue 1603962583382900 1603962583382905
blue 1603962583382925 1603962583382931
blue 1603962583382952 1603962583382957
blue 1603962583382978 1603962583382983
blue 1603962583383004 1603962583383009
blue 1603962583383030 1603962583383035
blue 1603962583383056 1603962583383061
blue 1603962583383082 1603962583383087
blue 1603962583383108 1603962583383113
blue 1603962583383134 1603962583383139
blue 1603962583383159 1603962583383164
blue 1603962583383185 1603962583383190
blue 1603962583383212 1603962583383217
blue 1603962583383238 1603962583383243
blue 1603962583383263 1603962583383268
blue 1603962583383289 1603962583383294
blue 1603962583383315 1603962583383320
blue 1603962583383340 1603962583383345
blue 1603962583383367 1603962583383372
blue 1603962583383393 1603962583383398
blue 1603962583383419 1603962583383423
blue 1603962583383445 1603962583383450
blue 1603962583383471 1603962583383476
blue 1603962583383496 1603962583383501
blue 1603962583383522 1603962583383528
blue 1603962583383549 1603962583383553
blue 1603962583383574 1603962583383579
blue 1603962583383600 1603962583383605
blue 1603962583383626 1603962583383631
blue 1603962583383652 1603962583383657
blue 1603962583383678 1603962583383684
blue 1603962583383705 1603962583383710
blue 1603962583383730 1603962583383735
blue 1603962583383755 1603962583383760
blue 1603962583383798 1603962583383803
blue 1603962583383828 1603962583383833
blue 1603962583383854 1603962583383860
blue 1603962583383881 1603962583383886
blue 1603962583383908 1603962583383913
blue 1603962583383934 1603962583383940
blue 1603962583383962 1603962583383967
blue 1603962583383989 1603962583383994
blue 1603962583384017 1603962583384022
blue 1603962583384045 1603962583384050
blue 1603962583384071 1603962583384077
blue 1603962583384099 1603962583384104
blue 1603962583384126 1603962583384131
blue 1603962583384152 1603962583384158
blue 1603962583384179 1603962583384185
blue 1603962583384206 1603962583384211
blue 1603962583384233 1603962583384238
blue 1603962583384288 1603962583384293
blue 1603962583384315 1603962583384320
blue 1603962583384341 1603962583384347
blue 1603962583384368 1603962583384374
blue 1603962583384406 1603962583384411
blue 1603962583384434 1603962583384439
blue 1603962583384462 1603962583384468
blue 1603962583384491 1603962583384496
blue 1603962583384519 1603962583384525
blue 1603962583384549 1603962583384554
blue 1603962583384577 1603962583384583
blue 1603962583384606 1603962583384612
blue 1603962583384635 1603962583384640
blue 1603962583384664 1603962583384669
blue 1603962583384718 1603962583384724
blue 1603962583384766 1603962583384772
blue 1603962583384797 1603962583384802
blue 1603962583384826 1603962583384831
blue 1603962583384855 1603962583384861
blue 1603962583384884 1603962583384890
blue 1603962583384914 1603962583384924
blue 1603962583384951 1603962583384957
blue 1603962583384979 1603962583384985
blue 1603962583385007 1603962583385013
blue 1603962583385036 1603962583385041
blue 1603962583385063 1603962583385068
blue 1603962583385090 1603962583385095
blue 1603962583385117 1603962583385122
blue 1603962583385154 1603962583385161
blue 1603962583385212 1603962583385222
blue 1603962583385295 1603962583385304
blue 1603962583385330 1603962583385336
blue 1603962583385361 1603962583385367
blue 1603962583385394 1603962583385401
blue 1603962583385425 1603962583385432
blue 1603962583385456 1603962583385463
blue 1603962583385488 1603962583385495
blue 1603962583385520 1603962583385527
blue 1603962583385553 1603962583385559
blue 1603962583385588 1603962583385594
blue 1603962583385667 1603962583385675
blue 1603962583385702 1603962583385708
blue 1603962583385733 1603962583385738
blue 1603962583385768 1603962583385776
blue 1603962583385802 1603962583385808
blue 1603962583385870 1603962583385876
blue 1603962583385908 1603962583385916
blue 1603962583385940 1603962583385946
blue 1603962583385997 1603962583386007
blue 1603962583386055 1603962583386065
blue 1603962583386101 1603962583386106
blue 1603962583386140 1603962583386145
blue 1603962583386166 1603962583386171
blue 1603962583386192 1603962583386197
blue 1603962583386219 1603962583386224
blue 1603962583386246 1603962583386251
blue 1603962583386273 1603962583386278
blue 1603962583386302 1603962583386308
blue 1603962583386347 1603962583386359
blue 1603962583386385 1603962583386393
blue 1603962583386432 1603962583386442
blue 1603962583386469 1603962583386474
blue 1603962583386507 1603962583386516
blue 1603962583386580 1603962583386591
blue 1603962583386651 1603962583386658
blue 1603962583386684 1603962583386693
blue 1603962583386724 1603962583386730
blue 1603962583386771 1603962583386782
blue 1603962583386828 1603962583386836
blue 1603962583386862 1603962583386868
blue 1603962583386891 1603962583386908
blue 1603962583386965 1603962583386975
blue 1603962583387004 1603962583387010
blue 1603962583387040 1603962583387045
blue 1603962583387073 1603962583387079
blue 1603962583387101 1603962583387107
blue 1603962583387129 1603962583387135
blue 1603962583387157 1603962583387162
blue 1603962583387184 1603962583387190
blue 1603962583387212 1603962583387218
blue 1603962583387240 1603962583387245
blue 1603962583387267 1603962583387273
blue 1603962583387294 1603962583387299
blue 1603962583387321 1603962583387326
blue 1603962583387348 1603962583387353
blue 1603962583387375 1603962583387381
blue 1603962583387403 1603962583387408
blue 1603962583387429 1603962583387434
blue 1603962583387457 1603962583387463
blue 1603962583387484 1603962583387490
blue 1603962583387512 1603962583387518
blue 1603962583387572 1603962583387578
blue 1603962583387599 1603962583387605
blue 1603962583387627 1603962583387632
blue 1603962583387654 1603962583387659
blue 1603962583387681 1603962583387687
blue 1603962583387709 1603962583387714
blue 1603962583387737 1603962583387742
blue 1603962583387764 1603962583387770
blue 1603962583387792 1603962583387797
blue 1603962583387818 1603962583387824
blue 1603962583387846 1603962583387851
blue 1603962583387874 1603962583387879
blue 1603962583387921 1603962583387926
blue 1603962583387948 1603962583387953
blue 1603962583387975 1603962583387980
blue 1603962583388002 1603962583388023
blue 1603962583388058 1603962583388066
blue 1603962583388095 1603962583388100
blue 1603962583388138 1603962583388145
blue 1603962583388169 1603962583388174
blue 1603962583388197 1603962583388203
blue 1603962583388226 1603962583388232
blue 1603962583388255 1603962583388261
blue 1603962583388344 1603962583388368
blue 1603962583388393 1603962583388399
blue 1603962583388423 1603962583388428
blue 1603962583388453 1603962583388458
blue 1603962583388481 1603962583388486
blue 1603962583388511 1603962583388516
blue 1603962583388540 1603962583388585
blue 1603962583388609 1603962583388615
blue 1603962583388640 1603962583388645
blue 1603962583388670 1603962583388676
blue 1603962583388701 1603962583388706
blue 1603962583388733 1603962583388739
blue 1603962583388763 1603962583388770
blue 1603962583388794 1603962583388800
blue 1603962583388828 1603962583388835
blue 1603962583388859 1603962583388865
blue 1603962583388894 1603962583388904
blue 1603962583388936 1603962583388942
blue 1603962583388971 1603962583388978
blue 1603962583389010 1603962583389018
blue 1603962583389050 1603962583389057
blue 1603962583389083 1603962583389088
blue 1603962583389175 1603962583389181
blue 1603962583389212 1603962583389217
blue 1603962583389247 1603962583389255
blue 1603962583389288 1603962583389295
blue 1603962583389326 1603962583389332
blue 1603962583389359 1603962583389368
blue 1603962583389399 1603962583389405
blue 1603962583389431 1603962583389438
blue 1603962583389467 1603962583389473
blue 1603962583389503 1603962583389510
blue 1603962583389538 1603962583389547
blue 1603962583389575 1603962583389582
blue 1603962583389613 1603962583389618
blue 1603962583389645 1603962583389652
blue 1603962583389718 1603962583389724
blue 1603962583389754 1603962583389760
blue 1603962583389788 1603962583389794
blue 1603962583389823 1603962583389830
blue 1603962583389866 1603962583389874
blue 1603962583389911 1603962583389920
blue 1603962583389949 1603962583389957
blue 1603962583389981 1603962583389987
blue 1603962583390011 1603962583390017
blue 1603962583390042 1603962583390048
blue 1603962583390073 1603962583390079
blue 1603962583390167 1603962583390176
blue 1603962583390213 1603962583390218
blue 1603962583390257 1603962583390266
blue 1603962583390304 1603962583390318
blue 1603962583390350 1603962583390363
blue 1603962583390402 1603962583390409
blue 1603962583390443 1603962583390456
blue 1603962583390486 1603962583390492
blue 1603962583390515 1603962583390520
blue 1603962583390542 1603962583390548
blue 1603962583390572 1603962583390578
blue 1603962583390601 1603962583390606
blue 1603962583390627 1603962583390632
blue 1603962583390653 1603962583390658
blue 1603962583390679 1603962583390684
blue 1603962583390706 1603962583390711
blue 1603962583390734 1603962583390739
blue 1603962583390762 1603962583390768
blue 1603962583390789 1603962583390795
blue 1603962583390817 1603962583390824
blue 1603962583390851 1603962583390857
blue 1603962583390880 1603962583390885
blue 1603962583390908 1603962583390914
blue 1603962583390937 1603962583390943
blue 1603962583390965 1603962583390971
blue 1603962583390992 1603962583390998
blue 1603962583391021 1603962583391026
blue 1603962583391050 1603962583391056
blue 1603962583391079 1603962583391084
blue 1603962583391106 1603962583391112
blue 1603962583391134 1603962583391140
blue 1603962583391163 1603962583391170
blue 1603962583391193 1603962583391200
blue 1603962583391225 1603962583391230
blue 1603962583391251 1603962583391257
blue 1603962583391278 1603962583391283
blue 1603962583391305 1603962583391310
blue 1603962583391331 1603962583391337
blue 1603962583391375 1603962583391383
blue 1603962583391409 1603962583391414
blue 1603962583391435 1603962583391440
blue 1603962583391462 1603962583391467
blue 1603962583391488 1603962583391493
blue 1603962583391514 1603962583391519
blue 1603962583391557 1603962583391562
blue 1603962583391583 1603962583391588
blue 1603962583391610 1603962583391615
blue 1603962583391637 1603962583391642
blue 1603962583391692 1603962583391698
blue 1603962583391719 1603962583391724
blue 1603962583391745 1603962583391751
blue 1603962583391772 1603962583391777
blue 1603962583391798 1603962583391803
blue 1603962583391824 1603962583391828
blue 1603962583391850 1603962583391855
blue 1603962583391876 1603962583391881
blue 1603962583391903 1603962583391908
blue 1603962583391948 1603962583391953
blue 1603962583391973 1603962583391978
blue 1603962583391999 1603962583392004
blue 1603962583392025 1603962583392030
blue 1603962583392052 1603962583392057
blue 1603962583392078 1603962583392083
blue 1603962583392105 1603962583392109
blue 1603962583392133 1603962583392139
blue 1603962583392159 1603962583392164
blue 1603962583392184 1603962583392190
blue 1603962583392211 1603962583392216
blue 1603962583392237 1603962583392245
blue 1603962583392283 1603962583392289
blue 1603962583392313 1603962583392318
blue 1603962583392339 1603962583392344
blue 1603962583392365 1603962583392371
blue 1603962583392391 1603962583392396
blue 1603962583392417 1603962583392423
blue 1603962583392443 1603962583392448
blue 1603962583392470 1603962583392475
blue 1603962583392496 1603962583392501
blue 1603962583392522 1603962583392528
blue 1603962583392549 1603962583392554
blue 1603962583392575 1603962583392581
blue 1603962583392602 1603962583392608
blue 1603962583392630 1603962583392635
blue 1603962583392656 1603962583392661
blue 1603962583392682 1603962583392687
blue 1603962583392708 1603962583392713
blue 1603962583392734 1603962583392740
blue 1603962583392761 1603962583392766
blue 1603962583392787 1603962583392792
blue 1603962583392813 1603962583392818
blue 1603962583392839 1603962583392844
blue 1603962583392865 1603962583392870
blue 1603962583392892 1603962583392897
blue 1603962583392918 1603962583392923
blue 1603962583392953 1603962583392958
blue 1603962583392979 1603962583392984
blue 1603962583393005 1603962583393010
blue 1603962583393031 1603962583393036
