white 1603962583317987 1603962583317996
white 1603962583318041 1603962583318048
white 1603962583318111 1603962583318117
white 1603962583318150 1603962583318155
white 1603962583318187 1603962583318200
white 1603962583318257 1603962583318272
white 1603962583318328 1603962583318343
white 1603962583318394 1603962583318400
white 1603962583318452 1603962583318459
white 1603962583318508 1603962583318513
white 1603962583318549 1603962583318563
white 1603962583318611 1603962583318616
white 1603962583318673 1603962583318680
white 1603962583318712 1603962583318717
white 1603962583318749 1603962583318761
white 1603962583318800 1603962583318805
white 1603962583318846 1603962583318852
white 1603962583318894 1603962583318902
white 1603962583318951 1603962583318958
white 1603962583318997 1603962583319003
white 1603962583319042 1603962583319048
white 1603962583319089 1603962583319096
white 1603962583319140 1603962583319147
white 1603962583319188 1603962583319195
white 1603962583319235 1603962583319241
white 1603962583319281 1603962583319288
white 1603962583319338 1603962583319344
white 1603962583319385 1603962583319392
white 1603962583319435 1603962583319442
white 1603962583319485 1603962583319492
white 1603962583319534 1603962583319540
white 1603962583319582 1603962583319590
white 1603962583319633 1603962583319640
white 1603962583319682 1603962583319689
white 1603962583319731 1603962583319738
white 1603962583319781 1603962583319788
white 1603962583319830 1603962583319837
white 1603962583319879 1603962583319887
white 1603962583319928 1603962583319935
white 1603962583319978 1603962583319985
white 1603962583320027 1603962583320034
white 1603962583320076 1603962583320083
white 1603962583320126 1603962583320132
white 1603962583320176 1603962583320182
white 1603962583320225 1603962583320231
white 1603962583320274 1603962583320280
white 1603962583320323 1603962583320330
white 1603962583320372 1603962583320380
white 1603962583320421 1603962583320428
white 1603962583320469 1603962583320476
white 1603962583320518 1603962583320526
white 1603962583320568 1603962583320575
white 1603962583320618 1603962583320625
white 1603962583320666 1603962583320673
white 1603962583320716 1603962583320723
white 1603962583320765 1603962583320772
white 1603962583320814 1603962583320821
white 1603962583320863 1603962583320870
white 1603962583320913 1603962583320920
white 1603962583320963 1603962583320970
white 1603962583321012 1603962583321019
white 1603962583321061 1603962583321068
white 1603962583321112 1603962583321119
white 1603962583321161 1603962583321168
white 1603962583321210 1603962583321218
white 1603962583321259 1603962583321265
white 1603962583321308 1603962583321316
white 1603962583321357 1603962583321364
white 1603962583321407 1603962583321414
white 1603962583321456 1603962583321463
white 1603962583321506 1603962583321523
white 1603962583321561 1603962583321567
white 1603962583321604 1603962583321609
white 1603962583321646 1603962583321653
white 1603962583321690 1603962583321697
white 1603962583321734 1603962583321741
white 1603962583321778 1603962583321784
white 1603962583321821 1603962583321827
white 1603962583321865 1603962583321871
white 1603962583321908 1603962583321914
white 1603962583321955 1603962583321961
white 1603962583321999 1603962583322005
white 1603962583322041 1603962583322047
white 1603962583322084 1603962583322090
white 1603962583322128 1603962583322134
white 1603962583322171 1603962583322177
white 1603962583322215 1603962583322222
white 1603962583322259 1603962583322265
white 1603962583322303 1603962583322310
white 1603962583322348 1603962583322354
white 1603962583322392 1603962583322398
white 1603962583322435 1603962583322441
white 1603962583322479 1603962583322485
white 1603962583322522 1603962583322528
white 1603962583322565 1603962583322571
white 1603962583322608 1603962583322614
white 1603962583322652 1603962583322658
white 1603962583322695 1603962583322701
white 1603962583322739 1603962583322745
white 1603962583322783 1603962583322789
white 1603962583322826 1603962583322832
white 1603962583322870 1603962583322876
white 1603962583322913 1603962583322919
white 1603962583322995 1603962583323001
white 1603962583323038 1603962583323043
white 1603962583323110 1603962583323116
white 1603962583323154 1603962583323160
white 1603962583323224 1603962583323230
white 1603962583323267 1603962583323273
white 1603962583323310 1603962583323316
white 1603962583323353 1603962583323359
white 1603962583323396 1603962583323402
white 1603962583323439 1603962583323446
white 1603962583323484 1603962583323490
white 1603962583323527 1603962583323534
white 1603962583323570 1603962583323577
white 1603962583323614 1603962583323620
white 1603962583323657 1603962583323664
white 1603962583323701 1603962583323707
white 1603962583323746 1603962583323752
white 1603962583323790 1603962583323796
white 1603962583323833 1603962583323839
white 1603962583323877 1603962583323883
white 1603962583323920 1603962583323926
white 1603962583323963 1603962583323970
white 1603962583324016 1603962583324022
white 1603962583324058 1603962583324063
white 1603962583324098 1603962583324104
white 1603962583324139 1603962583324145
white 1603962583324180 1603962583324185
white 1603962583324220 1603962583324226
white 1603962583324260 1603962583324266
white 1603962583324301 1603962583324307
white 1603962583324341 1603962583324347
white 1603962583324381 1603962583324386
white 1603962583324421 1603962583324426
white 1603962583324461 1603962583324467
white 1603962583324501 1603962583324507
white 1603962583324540 1603962583324546
white 1603962583324582 1603962583324588
white 1603962583324622 1603962583324628
white 1603962583324663 1603962583324668
white 1603962583324703 1603962583324708
white 1603962583324743 1603962583324749
white 1603962583324784 1603962583324790
white 1603962583324824 1603962583324830
white 1603962583324865 1603962583324870
white 1603962583324905 1603962583324910
white 1603962583324945 1603962583324951
white 1603962583324986 1603962583324992
white 1603962583325027 1603962583325033
white 1603962583325068 1603962583325074
white 1603962583325107 1603962583325113
white 1603962583325148 1603962583325154
white 1603962583325187 1603962583325193
white 1603962583325228 1603962583325234
white 1603962583325268 1603962583325273
white 1603962583325307 1603962583325313
white 1603962583325347 1603962583325352
white 1603962583325387 1603962583325393
white 1603962583325429 1603962583325434
white 1603962583325469 1603962583325475
white 1603962583325509 1603962583325515
white 1603962583325549 1603962583325555
white 1603962583325592 1603962583325597
white 1603962583325632 1603962583325638
white 1603962583325672 1603962583325678
white 1603962583325713 1603962583325719
white 1603962583325753 1603962583325758
white 1603962583325793 1603962583325799
white 1603962583325833 1603962583325839
white 1603962583325873 1603962583325879
white 1603962583325914 1603962583325920
white 1603962583325954 1603962583325960
white 1603962583325994 1603962583326000
white 1603962583326035 1603962583326041
white 1603962583326076 1603962583326081
white 1603962583326117 1603962583326122
white 1603962583326157 1603962583326193
white 1603962583326228 1603962583326234
white 1603962583326269 1603962583326275
white 1603962583326309 1603962583326315
white 1603962583326350 1603962583326355
white 1603962583326390 1603962583326396
white 1603962583326431 1603962583326436
white 1603962583326472 1603962583326478
white 1603962583326555 1603962583326561
white 1603962583326596 1603962583326602
white 1603962583326636 1603962583326641
white 1603962583326675 1603962583326681
white 1603962583326715 1603962583326721
white 1603962583326756 1603962583326762
white 1603962583326797 1603962583326802
white 1603962583326837 1603962583326843
white 1603962583326878 1603962583326884
white 1603962583326945 1603962583326951
white 1603962583326985 1603962583326991
white 1603962583327026 1603962583327032
white 1603962583327067 1603962583327072
white 1603962583327107 1603962583327113
white 1603962583327147 1603962583327153
white 1603962583327189 1603962583327194
white 1603962583327229 1603962583327234
white 1603962583327269 1603962583327275
white 1603962583327310 1603962583327315
white 1603962583327370 1603962583327376
white 1603962583327409 1603962583327415
white 1603962583327450 1603962583327456
white 1603962583327491 1603962583327497
white 1603962583327531 1603962583327537
white 1603962583327595 1603962583327602
white 1603962583327638 1603962583327644
white 1603962583327678 1603962583327684
white 1603962583327719 1603962583327724
white 1603962583327758 1603962583327764
white 1603962583327821 1603962583327827
white 1603962583327861 1603962583327867
white 1603962583327901 1603962583327907
white 1603962583327941 1603962583327947
white 1603962583327982 1603962583327988
white 1603962583328024 1603962583328030
white 1603962583328065 1603962583328072
white 1603962583328108 1603962583328114
white 1603962583328150 1603962583328156
white 1603962583328192 1603962583328198
white 1603962583328233 1603962583328239
white 1603962583328275 1603962583328282
white 1603962583328316 1603962583328322
white 1603962583328358 1603962583328364
white 1603962583328400 1603962583328407
white 1603962583328442 1603962583328448
white 1603962583328483 1603962583328489
white 1603962583328525 1603962583328531
white 1603962583328567 1603962583328573
white 1603962583328609 1603962583328616
white 1603962583328667 1603962583328681
white 1603962583328721 1603962583328728
white 1603962583328768 1603962583328774
white 1603962583328820 1603962583328830
white 1603962583328880 1603962583328887
white 1603962583328922 1603962583328927
white 1603962583328965 1603962583328970
white 1603962583329004 1603962583329010
white 1603962583329043 1603962583329049
white 1603962583329083 1603962583329089
white 1603962583329123 1603962583329128
white 1603962583329162 1603962583329168
white 1603962583329202 1603962583329207
white 1603962583329242 1603962583329247
white 1603962583329281 1603962583329286
white 1603962583329319 1603962583329325
white 1603962583329358 1603962583329364
white 1603962583329397 1603962583329403
white 1603962583329436 1603962583329442
white 1603962583329476 1603962583329481
white 1603962583329515 1603962583329521
white 1603962583329555 1603962583329560
white 1603962583329595 1603962583329600
white 1603962583329633 1603962583329638
white 1603962583329672 1603962583329678
white 1603962583329712 1603962583329718
white 1603962583329752 1603962583329757
white 1603962583329791 1603962583329797
white 1603962583329831 1603962583329836
white 1603962583329869 1603962583329875
white 1603962583329908 1603962583329914
white 1603962583329948 1603962583329954
white 1603962583329988 1603962583329993
white 1603962583330027 1603962583330033
white 1603962583330067 1603962583330072
white 1603962583330106 1603962583330112
white 1603962583330146 1603962583330152
white 1603962583330185 1603962583330191
white 1603962583330226 1603962583330232
white 1603962583330265 1603962583330271
white 1603962583330304 1603962583330310
white 1603962583330344 1603962583330350
white 1603962583330383 1603962583330389
white 1603962583330423 1603962583330428
white 1603962583330462 1603962583330468
white 1603962583330502 1603962583330507
white 1603962583330542 1603962583330547
white 1603962583330581 1603962583330587
white 1603962583330620 1603962583330626
white 1603962583330660 1603962583330666
white 1603962583330700 1603962583330705
white 1603962583330740 1603962583330745
white 1603962583330780 1603962583330786
white 1603962583330819 1603962583330825
white 1603962583330859 1603962583330864
white 1603962583330897 1603962583330902
white 1603962583330935 1603962583330941
white 1603962583330975 1603962583330980
white 1603962583331014 1603962583331020
white 1603962583331053 1603962583331059
white 1603962583331093 1603962583331099
white 1603962583331136 1603962583331141
white 1603962583331173 1603962583331177
white 1603962583331204 1603962583331209
white 1603962583331253 1603962583331263
white 1603962583331297 1603962583331303
white 1603962583331336 1603962583331342
white 1603962583331375 1603962583331381
white 1603962583331415 1603962583331421
white 1603962583331455 1603962583331460
white 1603962583331494 1603962583331500
white 1603962583331533 1603962583331539
white 1603962583331573 1603962583331579
white 1603962583331640 1603962583331645
white 1603962583331679 1603962583331685
white 1603962583331719 1603962583331724
white 1603962583331768 1603962583331787
white 1603962583331823 1603962583331842
white 1603962583331885 1603962583331892
white 1603962583331930 1603962583331936
white 1603962583331997 1603962583332002
white 1603962583332041 1603962583332047
white 1603962583332091 1603962583332098
white 1603962583332157 1603962583332176
white 1603962583332226 1603962583332234
white 1603962583332277 1603962583332282
white 1603962583332315 1603962583332321
white 1603962583332355 1603962583332360
white 1603962583332423 1603962583332429
white 1603962583332462 1603962583332467
white 1603962583332501 1603962583332507
white 1603962583332541 1603962583332546
white 1603962583332576 1603962583332581
white 1603962583332607 1603962583332612
white 1603962583332663 1603962583332669
white 1603962583332703 1603962583332709
white 1603962583332743 1603962583332748
white 1603962583332782 1603962583332787
white 1603962583332822 1603962583332827
white 1603962583332861 1603962583332867
white 1603962583332899 1603962583332905
white 1603962583332939 1603962583332945
white 1603962583332979 1603962583332985
white 1603962583333027 1603962583333033
white 1603962583333064 1603962583333070
white 1603962583333101 1603962583333106
white 1603962583333141 1603962583333147
white 1603962583333180 1603962583333187
white 1603962583333226 1603962583333233
white 1603962583333258 1603962583333263
white 1603962583333307 1603962583333311
white 1603962583333342 1603962583333349
white 1603962583333382 1603962583333387
white 1603962583333420 1603962583333424
white 1603962583333473 1603962583333480
white 1603962583333522 1603962583333527
white 1603962583333561 1603962583333565
white 1603962583333600 1603962583333606
white 1603962583333637 1603962583333644
white 1603962583333679 1603962583333683
white 1603962583333722 1603962583333729
white 1603962583333758 1603962583333791
white 1603962583333829 1603962583333835
white 1603962583333878 1603962583333883
white 1603962583333915 1603962583333920
white 1603962583333953 1603962583333958
white 1603962583333990 1603962583333996
white 1603962583334027 1603962583334032
white 1603962583334064 1603962583334069
white 1603962583334101 1603962583334106
white 1603962583334138 1603962583334143
white 1603962583334175 1603962583334180
white 1603962583334211 1603962583334217
white 1603962583334249 1603962583334255
white 1603962583334287 1603962583334293
white 1603962583334325 1603962583334330
white 1603962583334362 1603962583334367
white 1603962583334420 1603962583334426
white 1603962583334458 1603962583334463
white 1603962583334494 1603962583334499
white 1603962583334531 1603962583334536
white 1603962583334567 1603962583334573
white 1603962583334622 1603962583334632
white 1603962583334682 1603962583334693
white 1603962583334750 1603962583334757
white 1603962583334785 1603962583334791
white 1603962583334824 1603962583334829
white 1603962583334860 1603962583334866
white 1603962583334902 1603962583334909
white 1603962583334946 1603962583334952
white 1603962583334998 1603962583335005
white 1603962583335041 1603962583335047
white 1603962583335080 1603962583335085
white 1603962583335110 1603962583335114
white 1603962583335142 1603962583335151
white 1603962583335236 1603962583335241
white 1603962583335266 1603962583335270
white 1603962583335304 1603962583335309
white 1603962583335340 1603962583335345
white 1603962583335375 1603962583335380
white 1603962583335416 1603962583335422
white 1603962583335462 1603962583335472
white 1603962583335511 1603962583335516
white 1603962583335549 1603962583335554
white 1603962583335585 1603962583335589
white 1603962583335620 1603962583335625
white 1603962583335662 1603962583335668
white 1603962583335699 1603962583335704
white 1603962583335734 1603962583335739
white 1603962583335769 1603962583335774
white 1603962583335805 1603962583335811
white 1603962583335846 1603962583335852
white 1603962583335884 1603962583335889
white 1603962583335921 1603962583335927
white 1603962583335959 1603962583335964
white 1603962583336029 1603962583336034
white 1603962583336063 1603962583336068
white 1603962583336097 1603962583336102
white 1603962583336132 1603962583336137
white 1603962583336182 1603962583336187
white 1603962583336237 1603962583336244
white 1603962583336277 1603962583336285
white 1603962583336315 1603962583336320
white 1603962583336350 1603962583336355
white 1603962583336384 1603962583336389
white 1603962583336449 1603962583336454
white 1603962583336485 1603962583336490
white 1603962583336526 1603962583336531
white 1603962583336565 1603962583336572
white 1603962583336605 1603962583336610
white 1603962583336642 1603962583336647
white 1603962583336678 1603962583336683
white 1603962583336714 1603962583336719
white 1603962583336756 1603962583336761
white 1603962583336791 1603962583336797
white 1603962583336827 1603962583336831
white 1603962583336894 1603962583336899
white 1603962583336929 1603962583336934
white 1603962583336970 1603962583336975
white 1603962583337005 1603962583337014
white 1603962583337049 1603962583337056
white 1603962583337091 1603962583337095
white 1603962583337128 1603962583337133
white 1603962583337164 1603962583337168
white 1603962583337199 1603962583337205
white 1603962583337241 1603962583337246
white 1603962583337287 1603962583337293
white 1603962583337324 1603962583337329
white 1603962583337363 1603962583337368
white 1603962583337403 1603962583337408
white 1603962583337439 1603962583337445
white 1603962583337476 1603962583337482
white 1603962583337515 1603962583337520
white 1603962583337551 1603962583337556
white 1603962583337586 1603962583337591
white 1603962583337622 1603962583337627
white 1603962583337658 1603962583337663
white 1603962583337694 1603962583337699
white 1603962583337730 1603962583337735
white 1603962583337766 1603962583337771
white 1603962583337803 1603962583337808
white 1603962583337844 1603962583337848
white 1603962583337882 1603962583337887
white 1603962583337918 1603962583337923
white 1603962583337955 1603962583337960
white 1603962583337992 1603962583337997
white 1603962583338029 1603962583338034
white 1603962583338066 1603962583338071
white 1603962583338103 1603962583338108
white 1603962583338141 1603962583338146
white 1603962583338180 1603962583338185
white 1603962583338218 1603962583338223
white 1603962583338255 1603962583338260
white 1603962583338293 1603962583338298
white 1603962583338332 1603962583338338
white 1603962583338371 1603962583338376
white 1603962583338411 1603962583338416
white 1603962583338448 1603962583338453
white 1603962583338483 1603962583338489
white 1603962583338520 1603962583338525
white 1603962583338560 1603962583338569
white 1603962583338604 1603962583338609
white 1603962583338645 1603962583338650
white 1603962583338691 1603962583338698
white 1603962583338731 1603962583338737
white 1603962583338769 1603962583338775
white 1603962583338807 1603962583338813
white 1603962583338845 1603962583338851
white 1603962583338882 1603962583338888
white 1603962583338922 1603962583338927
white 1603962583338960 1603962583338965
white 1603962583338996 1603962583339001
white 1603962583339032 1603962583339037
white 1603962583339068 1603962583339073
white 1603962583339104 1603962583339109
white 1603962583339140 1603962583339145
white 1603962583339176 1603962583339181
white 1603962583339212 1603962583339217
white 1603962583339248 1603962583339253
white 1603962583339285 1603962583339290
white 1603962583339320 1603962583339325
white 1603962583339356 1603962583339361
white 1603962583339392 1603962583339398
white 1603962583339431 1603962583339436
white 1603962583339473 1603962583339478
white 1603962583339509 1603962583339514
white 1603962583339545 1603962583339550
white 1603962583339583 1603962583339589
white 1603962583339633 1603962583339641
white 1603962583339676 1603962583339682
white 1603962583339716 1603962583339721
white 1603962583339754 1603962583339760
white 1603962583339791 1603962583339796
white 1603962583339828 1603962583339833
white 1603962583339865 1603962583339870
white 1603962583339902 1603962583339907
white 1603962583339940 1603962583339946
white 1603962583339978 1603962583339983
white 1603962583340042 1603962583340047
white 1603962583340079 1603962583340085
white 1603962583340117 1603962583340122
white 1603962583340155 1603962583340160
white 1603962583340192 1603962583340197
white 1603962583340234 1603962583340240
white 1603962583340271 1603962583340276
white 1603962583340307 1603962583340312
white 1603962583340342 1603962583340348
white 1603962583340379 1603962583340384
white 1603962583340415 1603962583340420
white 1603962583340451 1603962583340456
white 1603962583340516 1603962583340521
white 1603962583340553 1603962583340559
white 1603962583340590 1603962583340595
white 1603962583340625 1603962583340631
white 1603962583340662 1603962583340667
white 1603962583340700 1603962583340705
white 1603962583340738 1603962583340746
white 1603962583340779 1603962583340785
white 1603962583340816 1603962583340821
white 1603962583340852 1603962583340885
white 1603962583340919 1603962583340924
white 1603962583340963 1603962583340967
white 1603962583341003 1603962583341008
white 1603962583341065 1603962583341071
white 1603962583341101 1603962583341107
white 1603962583341138 1603962583341143
white 1603962583341174 1603962583341179
white 1603962583341213 1603962583341220
white 1603962583341253 1603962583341258
white 1603962583341290 1603962583341295
white 1603962583341326 1603962583341331
white 1603962583341362 1603962583341367
white 1603962583341398 1603962583341403
white 1603962583341434 1603962583341439
white 1603962583341470 1603962583341476
white 1603962583341506 1603962583341511
white 1603962583341542 1603962583341547
white 1603962583341578 1603962583341583
white 1603962583341615 1603962583341620
white 1603962583341651 1603962583341656
white 1603962583341689 1603962583341695
white 1603962583341727 1603962583341732
white 1603962583341768 1603962583341773
white 1603962583341834 1603962583341840
white 1603962583341872 1603962583341878
white 1603962583341915 1603962583341923
white 1603962583341959 1603962583341965
white 1603962583341996 1603962583342001
white 1603962583342033 1603962583342038
white 1603962583342071 1603962583342078
white 1603962583342112 1603962583342117
white 1603962583342151 1603962583342156
white 1603962583342188 1603962583342193
white 1603962583342226 1603962583342231
white 1603962583342263 1603962583342268
white 1603962583342300 1603962583342305
white 1603962583342337 1603962583342342
white 1603962583342374 1603962583342379
white 1603962583342411 1603962583342416
white 1603962583342448 1603962583342453
white 1603962583342485 1603962583342490
white 1603962583342522 1603962583342528
white 1603962583342559 1603962583342565
white 1603962583342597 1603962583342602
white 1603962583342634 1603962583342640
white 1603962583342672 1603962583342677
white 1603962583342708 1603962583342713
white 1603962583342745 1603962583342750
white 1603962583342781 1603962583342786
white 1603962583342818 1603962583342823
white 1603962583342877 1603962583342882
white 1603962583342914 1603962583342919
white 1603962583342950 1603962583342955
white 1603962583342987 1603962583342993
white 1603962583343024 1603962583343030
white 1603962583343062 1603962583343067
white 1603962583343098 1603962583343103
white 1603962583343135 1603962583343140
white 1603962583343171 1603962583343176
white 1603962583343213 1603962583343218
white 1603962583343250 1603962583343256
white 1603962583343288 1603962583343294
white 1603962583343329 1603962583343335
white 1603962583343368 1603962583343373
white 1603962583343405 1603962583343411
white 1603962583343444 1603962583343450
white 1603962583343485 1603962583343490
white 1603962583343522 1603962583343527
white 1603962583343558 1603962583343563
white 1603962583343594 1603962583343599
white 1603962583343634 1603962583343640
white 1603962583343671 1603962583343676
white 1603962583343711 1603962583343717
white 1603962583343749 1603962583343754
white 1603962583343785 1603962583343791
white 1603962583343822 1603962583343827
white 1603962583343859 1603962583343865
white 1603962583343898 1603962583343903
white 1603962583343934 1603962583343940
white 1603962583343973 1603962583343978
white 1603962583344037 1603962583344043
white 1603962583344076 1603962583344081
white 1603962583344115 1603962583344123
white 1603962583344159 1603962583344166
white 1603962583344201 1603962583344206
white 1603962583344246 1603962583344252
white 1603962583344289 1603962583344294
white 1603962583344326 1603962583344334
white 1603962583344370 1603962583344376
white 1603962583344407 1603962583344413
white 1603962583344445 1603962583344451
white 1603962583344483 1603962583344489
white 1603962583344520 1603962583344525
white 1603962583344555 1603962583344560
white 1603962583344591 1603962583344596
white 1603962583344654 1603962583344660
white 1603962583344692 1603962583344697
white 1603962583344730 1603962583344735
white 1603962583344766 1603962583344771
white 1603962583344802 1603962583344807
white 1603962583344838 1603962583344842
white 1603962583344874 1603962583344879
white 1603962583344911 1603962583344917
white 1603962583344948 1603962583344953
white 1603962583344985 1603962583344990
white 1603962583345027 1603962583345034
white 1603962583345066 1603962583345070
white 1603962583345105 1603962583345111
white 1603962583345144 1603962583345149
white 1603962583345181 1603962583345186
white 1603962583345218 1603962583345223
white 1603962583345287 1603962583345294
white 1603962583345329 1603962583345334
white 1603962583345367 1603962583345373
white 1603962583345407 1603962583345412
white 1603962583345446 1603962583345452
white 1603962583345486 1603962583345492
white 1603962583345525 1603962583345531
white 1603962583345565 1603962583345570
white 1603962583345604 1603962583345610
white 1603962583345643 1603962583345648
white 1603962583345682 1603962583345688
white 1603962583345721 1603962583345727
white 1603962583345760 1603962583345766
white 1603962583345799 1603962583345805
white 1603962583345839 1603962583345845
white 1603962583345879 1603962583345884
white 1603962583345919 1603962583345926
white 1603962583345964 1603962583345970
white 1603962583346002 1603962583346008
white 1603962583346041 1603962583346047
white 1603962583346081 1603962583346086
white 1603962583346120 1603962583346126
white 1603962583346159 1603962583346165
white 1603962583346198 1603962583346204
white 1603962583346238 1603962583346244
white 1603962583346277 1603962583346283
white 1603962583346315 1603962583346321
white 1603962583346354 1603962583346360
white 1603962583346394 1603962583346399
white 1603962583346432 1603962583346437
white 1603962583346471 1603962583346477
white 1603962583346510 1603962583346516
white 1603962583346550 1603962583346556
white 1603962583346589 1603962583346595
white 1603962583346629 1603962583346635
white 1603962583346668 1603962583346674
white 1603962583346718 1603962583346725
white 1603962583346761 1603962583346767
white 1603962583346804 1603962583346810
white 1603962583346846 1603962583346852
white 1603962583346888 1603962583346894
white 1603962583346929 1603962583346935
white 1603962583346972 1603962583346978
white 1603962583347014 1603962583347020
white 1603962583347056 1603962583347062
white 1603962583347098 1603962583347104
white 1603962583347140 1603962583347146
white 1603962583347182 1603962583347188
white 1603962583347224 1603962583347230
white 1603962583347266 1603962583347273
white 1603962583347309 1603962583347315
white 1603962583347351 1603962583347357
white 1603962583347393 1603962583347399
white 1603962583347435 1603962583347441
white 1603962583347477 1603962583347483
white 1603962583347519 1603962583347525
white 1603962583347560 1603962583347566
white 1603962583347603 1603962583347609
white 1603962583347644 1603962583347650
white 1603962583347686 1603962583347692
white 1603962583347727 1603962583347733
white 1603962583347769 1603962583347775
white 1603962583347810 1603962583347817
white 1603962583347853 1603962583347859
white 1603962583347895 1603962583347902
white 1603962583347937 1603962583347944
white 1603962583347979 1603962583348024
white 1603962583348058 1603962583348064
white 1603962583348097 1603962583348103
white 1603962583348137 1603962583348142
white 1603962583348176 1603962583348181
white 1603962583348242 1603962583348247
white 1603962583348280 1603962583348286
white 1603962583348320 1603962583348325
white 1603962583348359 1603962583348365
white 1603962583348399 1603962583348404
white 1603962583348438 1603962583348444
white 1603962583348477 1603962583348482
white 1603962583348516 1603962583348522
white 1603962583348555 1603962583348561
white 1603962583348594 1603962583348600
white 1603962583348634 1603962583348640
white 1603962583348676 1603962583348681
white 1603962583348718 1603962583348723
white 1603962583348755 1603962583348761
white 1603962583348791 1603962583348798
white 1603962583348831 1603962583348836
white 1603962583348868 1603962583348874
white 1603962583348908 1603962583348913
white 1603962583348966 1603962583348972
white 1603962583349003 1603962583349008
white 1603962583349042 1603962583349048
white 1603962583349081 1603962583349087
white 1603962583349120 1603962583349126
white 1603962583349160 1603962583349166
white 1603962583349199 1603962583349205
white 1603962583349238 1603962583349244
white 1603962583349277 1603962583349283
white 1603962583349334 1603962583349339
white 1603962583349373 1603962583349378
white 1603962583349412 1603962583349418
white 1603962583349463 1603962583349470
white 1603962583349506 1603962583349512
white 1603962583349548 1603962583349555
white 1603962583349591 1603962583349597
white 1603962583349632 1603962583349638
white 1603962583349681 1603962583349697
white 1603962583349734 1603962583349740
white 1603962583349794 1603962583349800
white 1603962583349835 1603962583349841
white 1603962583349877 1603962583349883
white 1603962583349919 1603962583349926
white 1603962583349968 1603962583349975
white 1603962583350011 1603962583350017
white 1603962583350056 1603962583350061
white 1603962583350101 1603962583350108
white 1603962583350145 1603962583350152
white 1603962583350192 1603962583350200
white 1603962583350237 1603962583350243
white 1603962583350280 1603962583350286
white 1603962583350321 1603962583350327
white 1603962583350363 1603962583350370
white 1603962583350406 1603962583350412
white 1603962583350448 1603962583350454
white 1603962583350497 1603962583350503
white 1603962583350572 1603962583350581
white 1603962583350630 1603962583350637
white 1603962583350693 1603962583350701
white 1603962583350755 1603962583350764
white 1603962583350821 1603962583350830
white 1603962583350892 1603962583350902
white 1603962583350968 1603962583350977
white 1603962583351031 1603962583351039
white 1603962583351082 1603962583351089
white 1603962583351231 1603962583351238
white 1603962583351282 1603962583351289
white 1603962583351340 1603962583351347
white 1603962583351388 1603962583351394
white 1603962583351434 1603962583351441
white 1603962583351476 1603962583351481
white 1603962583351520 1603962583351525
white 1603962583351560 1603962583351567
white 1603962583351600 1603962583351606
white 1603962583351641 1603962583351647
white 1603962583351689 1603962583351694
white 1603962583351741 1603962583351747
white 1603962583351780 1603962583351787
white 1603962583351819 1603962583351825
white 1603962583351860 1603962583351865
white 1603962583351898 1603962583351904
white 1603962583351939 1603962583351945
white 1603962583351989 1603962583351995
white 1603962583352027 1603962583352033
white 1603962583352068 1603962583352075
white 1603962583352109 1603962583352116
white 1603962583352148 1603962583352154
white 1603962583352187 1603962583352192
white 1603962583352227 1603962583352232
white 1603962583352265 1603962583352271
white 1603962583352305 1603962583352311
white 1603962583352345 1603962583352350
white 1603962583352384 1603962583352399
white 1603962583352442 1603962583352448
white 1603962583352490 1603962583352516
white 1603962583352573 1603962583352588
white 1603962583352626 1603962583352631
white 1603962583352668 1603962583352674
white 1603962583352712 1603962583352717
white 1603962583352758 1603962583352763
white 1603962583352801 1603962583352809
white 1603962583352846 1603962583352854
white 1603962583352886 1603962583352894
white 1603962583352936 1603962583352941
white 1603962583352974 1603962583352979
white 1603962583353074 1603962583353079
white 1603962583353111 1603962583353116
white 1603962583353158 1603962583353164
white 1603962583353195 1603962583353203
white 1603962583353238 1603962583353244
white 1603962583353278 1603962583353285
white 1603962583353320 1603962583353325
white 1603962583353359 1603962583353364
white 1603962583353397 1603962583353403
white 1603962583353437 1603962583353444
white 1603962583353477 1603962583353484
white 1603962583353516 1603962583353522
white 1603962583353558 1603962583353563
white 1603962583353597 1603962583353603
white 1603962583353639 1603962583353644
white 1603962583353679 1603962583353685
white 1603962583353718 1603962583353726
white 1603962583353758 1603962583353775
white 1603962583353811 1603962583353817
white 1603962583353850 1603962583353862
white 1603962583353948 1603962583353955
white 1603962583353990 1603962583354000
white 1603962583354031 1603962583354037
white 1603962583354071 1603962583354078
white 1603962583354112 1603962583354118
white 1603962583354151 1603962583354163
white 1603962583354229 1603962583354237
white 1603962583354285 1603962583354297
white 1603962583354336 1603962583354340
white 1603962583354378 1603962583354384
white 1603962583354416 1603962583354421
white 1603962583354454 1603962583354460
white 1603962583354496 1603962583354501
white 1603962583354533 1603962583354540
white 1603962583354574 1603962583354580
white 1603962583354611 1603962583354617
white 1603962583354652 1603962583354657
white 1603962583354690 1603962583354696
white 1603962583354731 1603962583354736
white 1603962583354768 1603962583354774
white 1603962583354809 1603962583354814
white 1603962583354846 1603962583354852
white 1603962583354928 1603962583354934
white 1603962583354967 1603962583354973
white 1603962583355022 1603962583355032
white 1603962583355075 1603962583355085
white 1603962583355144 1603962583355150
white 1603962583355203 1603962583355213
white 1603962583355247 1603962583355252
white 1603962583355304 1603962583355312
white 1603962583355361 1603962583355370
white 1603962583355462 1603962583355471
white 1603962583355503 1603962583355511
white 1603962583355565 1603962583355570
white 1603962583355607 1603962583355615
white 1603962583355644 1603962583355651
white 1603962583355688 1603962583355692
white 1603962583355724 1603962583355730
white 1603962583355773 1603962583355784
white 1603962583355837 1603962583355845
white 1603962583355889 1603962583355895
white 1603962583355982 1603962583355988
white 1603962583356026 1603962583356032
white 1603962583356071 1603962583356082
white 1603962583356138 1603962583356146
white 1603962583356196 1603962583356202
white 1603962583356251 1603962583356258
white 1603962583356297 1603962583356302
white 1603962583356339 1603962583356344
white 1603962583356384 1603962583356390
white 1603962583356442 1603962583356514
white 1603962583356595 1603962583356609
white 1603962583356673 1603962583356682
white 1603962583356724 1603962583356739
white 1603962583356783 1603962583356794
white 1603962583356846 1603962583356852
white 1603962583356897 1603962583356903
white 1603962583356935 1603962583356945
white 1603962583356983 1603962583356989
white 1603962583357027 1603962583357039
white 1603962583357082 1603962583357088
white 1603962583357124 1603962583357132
white 1603962583357168 1603962583357173
white 1603962583357213 1603962583357221
white 1603962583357256 1603962583357263
white 1603962583357298 1603962583357304
white 1603962583357340 1603962583357347
white 1603962583357382 1603962583357388
white 1603962583357424 1603962583357431
white 1603962583357467 1603962583357473
white 1603962583357509 1603962583357515
white 1603962583357552 1603962583357558
white 1603962583357593 1603962583357600
white 1603962583357636 1603962583357642
white 1603962583357677 1603962583357683
white 1603962583357720 1603962583357726
white 1603962583357762 1603962583357768
white 1603962583357804 1603962583357810
white 1603962583357846 1603962583357852
white 1603962583357888 1603962583357894
white 1603962583357930 1603962583357936
white 1603962583357972 1603962583357979
white 1603962583358047 1603962583358053
white 1603962583358088 1603962583358094
white 1603962583358131 1603962583358137
white 1603962583358174 1603962583358180
white 1603962583358216 1603962583358223
white 1603962583358259 1603962583358265
white 1603962583358302 1603962583358308
white 1603962583358344 1603962583358349
white 1603962583358420 1603962583358426
white 1603962583358462 1603962583358469
white 1603962583358506 1603962583358513
white 1603962583358549 1603962583358556
white 1603962583358593 1603962583358599
white 1603962583358636 1603962583358642
white 1603962583358678 1603962583358684
white 1603962583358720 1603962583358726
white 1603962583358763 1603962583358769
white 1603962583358807 1603962583358813
white 1603962583358849 1603962583358855
white 1603962583358892 1603962583358898
white 1603962583358935 1603962583358941
white 1603962583358979 1603962583358984
white 1603962583359019 1603962583359025
white 1603962583359081 1603962583359087
white 1603962583359123 1603962583359129
white 1603962583359165 1603962583359172
white 1603962583359208 1603962583359214
white 1603962583359250 1603962583359255
white 1603962583359291 1603962583359296
white 1603962583359333 1603962583359339
white 1603962583359376 1603962583359382
white 1603962583359418 1603962583359424
white 1603962583359461 1603962583359467
white 1603962583359504 1603962583359510
white 1603962583359546 1603962583359552
white 1603962583359589 1603962583359595
white 1603962583359631 1603962583359637
white 1603962583359672 1603962583359678
white 1603962583359715 1603962583359721
white 1603962583359758 1603962583359764
white 1603962583359799 1603962583359805
white 1603962583359841 1603962583359848
white 1603962583359884 1603962583359890
white 1603962583359926 1603962583359933
white 1603962583359969 1603962583359975
white 1603962583360011 1603962583360018
white 1603962583360054 1603962583360060
white 1603962583360097 1603962583360103
white 1603962583360157 1603962583360163
white 1603962583360200 1603962583360206
white 1603962583360242 1603962583360248
white 1603962583360284 1603962583360290
white 1603962583360326 1603962583360332
white 1603962583360386 1603962583360392
white 1603962583360426 1603962583360432
white 1603962583360468 1603962583360474
white 1603962583360510 1603962583360517
white 1603962583360553 1603962583360559
white 1603962583360612 1603962583360617
white 1603962583360660 1603962583360666
white 1603962583360702 1603962583360709
white 1603962583360746 1603962583360752
white 1603962583360788 1603962583360795
white 1603962583360831 1603962583360837
white 1603962583360872 1603962583360878
white 1603962583360914 1603962583360920
white 1603962583360956 1603962583360963
white 1603962583360999 1603962583361005
white 1603962583361040 1603962583361047
white 1603962583361083 1603962583361089
white 1603962583361126 1603962583361132
white 1603962583361168 1603962583361174
white 1603962583361210 1603962583361216
white 1603962583361251 1603962583361258
white 1603962583361293 1603962583361299
white 1603962583361336 1603962583361342
white 1603962583361377 1603962583361383
white 1603962583361419 1603962583361425
white 1603962583361462 1603962583361468
white 1603962583361504 1603962583361510
white 1603962583361547 1603962583361553
white 1603962583361590 1603962583361596
white 1603962583361632 1603962583361638
white 1603962583361675 1603962583361681
white 1603962583361717 1603962583361723
white 1603962583361759 1603962583361765
white 1603962583361801 1603962583361807
white 1603962583361844 1603962583361850
white 1603962583361885 1603962583361891
white 1603962583361926 1603962583361932
white 1603962583361968 1603962583361974
white 1603962583362011 1603962583362017
white 1603962583362054 1603962583362060
white 1603962583362096 1603962583362102
white 1603962583362138 1603962583362144
white 1603962583362179 1603962583362185
white 1603962583362219 1603962583362226
white 1603962583362261 1603962583362268
white 1603962583362303 1603962583362309
white 1603962583362346 1603962583362352
white 1603962583362388 1603962583362395
white 1603962583362430 1603962583362437
white 1603962583362474 1603962583362480
white 1603962583362538 1603962583362544
white 1603962583362580 1603962583362587
white 1603962583362624 1603962583362630
white 1603962583362667 1603962583362673
white 1603962583362711 1603962583362717
white 1603962583362754 1603962583362760
white 1603962583362798 1603962583362804
white 1603962583362840 1603962583362846
white 1603962583362883 1603962583362889
white 1603962583362927 1603962583362934
white 1603962583362971 1603962583362978
white 1603962583363016 1603962583363022
white 1603962583363060 1603962583363067
white 1603962583363103 1603962583363110
white 1603962583363147 1603962583363153
white 1603962583363189 1603962583363195
white 1603962583363232 1603962583363239
white 1603962583363276 1603962583363283
white 1603962583363320 1603962583363327
white 1603962583363364 1603962583363370
white 1603962583363407 1603962583363413
white 1603962583363451 1603962583363457
white 1603962583363494 1603962583363501
white 1603962583363537 1603962583363543
white 1603962583363580 1603962583363586
white 1603962583363643 1603962583363650
white 1603962583363686 1603962583363692
white 1603962583363729 1603962583363735
white 1603962583363772 1603962583363778
white 1603962583363816 1603962583363822
white 1603962583363860 1603962583363866
white 1603962583363903 1603962583363910
white 1603962583363946 1603962583363953
white 1603962583363989 1603962583363995
white 1603962583364032 1603962583364038
white 1603962583364074 1603962583364080
white 1603962583364116 1603962583364122
white 1603962583364158 1603962583364164
white 1603962583364200 1603962583364206
white 1603962583364243 1603962583364249
white 1603962583364286 1603962583364292
white 1603962583364329 1603962583364335
white 1603962583364370 1603962583364376
white 1603962583364412 1603962583364436
white 1603962583364471 1603962583364477
white 1603962583364514 1603962583364520
white 1603962583364556 1603962583364562
white 1603962583364597 1603962583364604
white 1603962583364640 1603962583364646
white 1603962583364682 1603962583364688
white 1603962583364723 1603962583364730
white 1603962583364766 1603962583364773
white 1603962583364854 1603962583364864
white 1603962583364903 1603962583364914
white 1603962583364958 1603962583364966
white 1603962583364994 1603962583365000
white 1603962583365040 1603962583365045
white 1603962583365067 1603962583365072
white 1603962583365100 1603962583365110
white 1603962583365139 1603962583365143
white 1603962583365173 1603962583365177
white 1603962583365198 1603962583365205
white 1603962583365232 1603962583365236
white 1603962583365265 1603962583365270
white 1603962583365295 1603962583365301
white 1603962583365325 1603962583365329
white 1603962583365363 1603962583365369
white 1603962583365403 1603962583365407
white 1603962583365433 1603962583365440
white 1603962583365468 1603962583365472
white 1603962583365494 1603962583365503
white 1603962583365522 1603962583365533
white 1603962583365559 1603962583365566
white 1603962583365592 1603962583365597
white 1603962583365626 1603962583365636
white 1603962583365655 1603962583365661
white 1603962583365691 1603962583365695
white 1603962583365714 1603962583365723
white 1603962583365746 1603962583365751
white 1603962583365781 1603962583365786
white 1603962583365808 1603962583365813
white 1603962583365836 1603962583365841
white 1603962583365864 1603962583365869
white 1603962583365893 1603962583365898
white 1603962583365921 1603962583365926
white 1603962583365949 1603962583365954
white 1603962583365977 1603962583365983
white 1603962583366006 1603962583366011
white 1603962583366034 1603962583366039
white 1603962583366061 1603962583366067
white 1603962583366090 1603962583366095
white 1603962583366118 1603962583366124
white 1603962583366183 1603962583366189
white 1603962583366211 1603962583366216
white 1603962583366238 1603962583366243
white 1603962583366264 1603962583366270
white 1603962583366291 1603962583366297
white 1603962583366319 1603962583366324
white 1603962583366347 1603962583366353
white 1603962583366380 1603962583366386
white 1603962583366423 1603962583366428
white 1603962583366450 1603962583366455
white 1603962583366511 1603962583366516
white 1603962583366538 1603962583366543
white 1603962583366566 1603962583366572
white 1603962583366594 1603962583366600
white 1603962583366623 1603962583366628
white 1603962583366651 1603962583366657
white 1603962583366679 1603962583366685
white 1603962583366706 1603962583366712
white 1603962583366734 1603962583366740
white 1603962583366763 1603962583366768
white 1603962583366791 1603962583366796
white 1603962583366819 1603962583366825
white 1603962583366848 1603962583366854
white 1603962583366877 1603962583366883
white 1603962583366905 1603962583366910
white 1603962583366933 1603962583366939
white 1603962583366961 1603962583366966
white 1603962583366989 1603962583366994
white 1603962583367016 1603962583367021
white 1603962583367044 1603962583367049
white 1603962583367072 1603962583367077
white 1603962583367101 1603962583367106
white 1603962583367128 1603962583367133
white 1603962583367157 1603962583367163
white 1603962583367186 1603962583367191
white 1603962583367213 1603962583367219
white 1603962583367242 1603962583367248
white 1603962583367271 1603962583367276
white 1603962583367332 1603962583367339
white 1603962583367361 1603962583367366
white 1603962583367388 1603962583367393
white 1603962583367415 1603962583367421
white 1603962583367444 1603962583367449
white 1603962583367473 1603962583367479
white 1603962583367501 1603962583367507
white 1603962583367530 1603962583367536
white 1603962583367559 1603962583367565
white 1603962583367587 1603962583367592
white 1603962583367615 1603962583367620
white 1603962583367646 1603962583367651
white 1603962583367673 1603962583367678
white 1603962583367700 1603962583367705
white 1603962583367728 1603962583367733
white 1603962583367776 1603962583367781
white 1603962583367803 1603962583367809
white 1603962583367830 1603962583367835
white 1603962583367857 1603962583367863
white 1603962583367885 1603962583367890
white 1603962583367912 1603962583367917
white 1603962583367940 1603962583367945
white 1603962583367968 1603962583367973
white 1603962583367996 1603962583368001
white 1603962583368032 1603962583368037
white 1603962583368058 1603962583368063
white 1603962583368083 1603962583368088
white 1603962583368108 1603962583368112
white 1603962583368133 1603962583368138
white 1603962583368158 1603962583368163
white 1603962583368206 1603962583368211
white 1603962583368231 1603962583368236
white 1603962583368257 1603962583368262
white 1603962583368282 1603962583368287
white 1603962583368308 1603962583368313
white 1603962583368334 1603962583368340
white 1603962583368361 1603962583368366
white 1603962583368386 1603962583368392
white 1603962583368412 1603962583368417
white 1603962583368438 1603962583368443
white 1603962583368464 1603962583368469
white 1603962583368489 1603962583368494
white 1603962583368515 1603962583368520
white 1603962583368541 1603962583368546
white 1603962583368567 1603962583368572
white 1603962583368593 1603962583368598
white 1603962583368619 1603962583368624
white 1603962583368645 1603962583368650
white 1603962583368671 1603962583368675
white 1603962583368698 1603962583368704
white 1603962583368724 1603962583368729
white 1603962583368748 1603962583368753
white 1603962583368774 1603962583368779
white 1603962583368799 1603962583368804
white 1603962583368825 1603962583368830
white 1603962583368851 1603962583368856
white 1603962583368876 1603962583368881
white 1603962583368901 1603962583368906
white 1603962583368926 1603962583368931
white 1603962583368952 1603962583368956
white 1603962583368977 1603962583368982
white 1603962583369002 1603962583369008
white 1603962583369028 1603962583369034
white 1603962583369055 1603962583369060
white 1603962583369081 1603962583369086
white 1603962583369107 1603962583369112
white 1603962583369132 1603962583369138
white 1603962583369158 1603962583369163
white 1603962583369184 1603962583369189
white 1603962583369209 1603962583369214
white 1603962583369235 1603962583369240
white 1603962583369261 1603962583369267
white 1603962583369288 1603962583369293
white 1603962583369314 1603962583369320
white 1603962583369359 1603962583369364
white 1603962583369384 1603962583369389
white 1603962583369410 1603962583369415
white 1603962583369437 1603962583369442
white 1603962583369462 1603962583369467
white 1603962583369488 1603962583369493
white 1603962583369514 1603962583369519
white 1603962583369540 1603962583369545
white 1603962583369565 1603962583369574
white 1603962583369627 1603962583369640
white 1603962583369694 1603962583369699
white 1603962583369724 1603962583369729
white 1603962583369764 1603962583369769
white 1603962583369822 1603962583369829
white 1603962583369848 1603962583369853
white 1603962583369874 1603962583369879
white 1603962583369905 1603962583369910
white 1603962583369937 1603962583369974
white 1603962583369996 1603962583370002
white 1603962583370022 1603962583370027
white 1603962583370048 1603962583370053
white 1603962583370074 1603962583370078
white 1603962583370099 1603962583370104
white 1603962583370125 1603962583370130
white 1603962583370151 1603962583370156
white 1603962583370176 1603962583370181
white 1603962583370202 1603962583370207
white 1603962583370228 1603962583370232
white 1603962583370253 1603962583370259
white 1603962583370279 1603962583370285
white 1603962583370306 1603962583370311
white 1603962583370354 1603962583370360
white 1603962583370381 1603962583370386
white 1603962583370407 1603962583370412
white 1603962583370433 1603962583370437
white 1603962583370458 1603962583370463
white 1603962583370483 1603962583370488
white 1603962583370508 1603962583370513
white 1603962583370534 1603962583370539
white 1603962583370560 1603962583370565
white 1603962583370586 1603962583370591
white 1603962583370612 1603962583370617
white 1603962583370637 1603962583370642
white 1603962583370663 1603962583370668
white 1603962583370688 1603962583370693
white 1603962583370713 1603962583370718
white 1603962583370739 1603962583370745
white 1603962583370765 1603962583370770
white 1603962583370812 1603962583370820
white 1603962583370847 1603962583370855
white 1603962583370881 1603962583370888
white 1603962583370911 1603962583370917
white 1603962583370940 1603962583370946
white 1603962583370969 1603962583370974
white 1603962583370997 1603962583371004
white 1603962583371027 1603962583371033
white 1603962583371057 1603962583371063
white 1603962583371087 1603962583371093
white 1603962583371121 1603962583371127
white 1603962583371152 1603962583371158
white 1603962583371182 1603962583371187
white 1603962583371210 1603962583371216
white 1603962583371237 1603962583371241
white 1603962583371262 1603962583371267
white 1603962583371312 1603962583371317
white 1603962583371337 1603962583371342
white 1603962583371362 1603962583371367
white 1603962583371387 1603962583371392
white 1603962583371413 1603962583371418
white 1603962583371438 1603962583371443
white 1603962583371464 1603962583371468
white 1603962583371489 1603962583371494
white 1603962583371514 1603962583371519
white 1603962583371540 1603962583371544
white 1603962583371588 1603962583371593
white 1603962583371613 1603962583371618
white 1603962583371638 1603962583371643
white 1603962583371663 1603962583371668
white 1603962583371689 1603962583371694
white 1603962583371714 1603962583371719
white 1603962583371740 1603962583371745
white 1603962583371766 1603962583371771
white 1603962583371791 1603962583371796
white 1603962583371816 1603962583371821
white 1603962583371842 1603962583371847
white 1603962583371867 1603962583371872
white 1603962583371893 1603962583371898
white 1603962583371918 1603962583371923
white 1603962583371944 1603962583371949
white 1603962583371970 1603962583371975
white 1603962583371996 1603962583372001
white 1603962583372021 1603962583372026
white 1603962583372046 1603962583372051
white 1603962583372071 1603962583372076
white 1603962583372097 1603962583372102
white 1603962583372123 1603962583372128
white 1603962583372149 1603962583372154
white 1603962583372174 1603962583372179
white 1603962583372200 1603962583372205
white 1603962583372225 1603962583372230
white 1603962583372252 1603962583372256
white 1603962583372277 1603962583372282
white 1603962583372303 1603962583372308
white 1603962583372346 1603962583372351
white 1603962583372371 1603962583372376
white 1603962583372397 1603962583372402
white 1603962583372422 1603962583372427
white 1603962583372448 1603962583372453
white 1603962583372473 1603962583372478
white 1603962583372499 1603962583372504
white 1603962583372525 1603962583372529
white 1603962583372550 1603962583372555
white 1603962583372577 1603962583372582
white 1603962583372603 1603962583372608
white 1603962583372628 1603962583372634
white 1603962583372654 1603962583372660
white 1603962583372680 1603962583372685
white 1603962583372706 1603962583372711
white 1603962583372732 1603962583372737
white 1603962583372758 1603962583372763
white 1603962583372784 1603962583372789
white 1603962583372810 1603962583372815
white 1603962583372836 1603962583372841
white 1603962583372862 1603962583372867
white 1603962583372888 1603962583372893
white 1603962583372915 1603962583372920
white 1603962583372941 1603962583372946
white 1603962583372966 1603962583372972
white 1603962583372993 1603962583372998
white 1603962583373019 1603962583373024
white 1603962583373045 1603962583373049
white 1603962583373070 1603962583373076
white 1603962583373096 1603962583373101
white 1603962583373122 1603962583373127
white 1603962583373148 1603962583373154
white 1603962583373175 1603962583373180
white 1603962583373244 1603962583373249
white 1603962583373270 1603962583373275
white 1603962583373295 1603962583373300
white 1603962583373320 1603962583373325
white 1603962583373347 1603962583373352
white 1603962583373373 1603962583373377
white 1603962583373399 1603962583373404
white 1603962583373425 1603962583373430
white 1603962583373452 1603962583373457
white 1603962583373478 1603962583373483
white 1603962583373504 1603962583373509
white 1603962583373530 1603962583373535
white 1603962583373556 1603962583373562
white 1603962583373583 1603962583373587
white 1603962583373609 1603962583373614
white 1603962583373635 1603962583373641
white 1603962583373662 1603962583373667
white 1603962583373688 1603962583373693
white 1603962583373714 1603962583373718
white 1603962583373739 1603962583373744
white 1603962583373765 1603962583373770
white 1603962583373791 1603962583373796
white 1603962583373818 1603962583373823
white 1603962583373843 1603962583373848
white 1603962583373869 1603962583373873
white 1603962583373905 1603962583373911
white 1603962583373935 1603962583373944
white 1603962583373983 1603962583373990
white 1603962583374023 1603962583374029
white 1603962583374056 1603962583374061
white 1603962583374089 1603962583374094
white 1603962583374114 1603962583374119
white 1603962583374165 1603962583374171
white 1603962583374201 1603962583374206
white 1603962583374239 1603962583374245
white 1603962583374268 1603962583374273
white 1603962583374323 1603962583374329
white 1603962583374349 1603962583374354
white 1603962583374381 1603962583374390
white 1603962583374412 1603962583374417
white 1603962583374446 1603962583374450
white 1603962583374486 1603962583374492
white 1603962583374516 1603962583374527
white 1603962583374550 1603962583374554
white 1603962583374596 1603962583374602
white 1603962583374627 1603962583374641
white 1603962583374674 1603962583374680
white 1603962583374706 1603962583374713
white 1603962583374737 1603962583374743
white 1603962583374767 1603962583374772
white 1603962583374793 1603962583374799
white 1603962583374819 1603962583374824
white 1603962583374845 1603962583374849
white 1603962583374869 1603962583374875
white 1603962583374896 1603962583374902
white 1603962583374925 1603962583374930
white 1603962583374951 1603962583374956
white 1603962583374977 1603962583374982
white 1603962583375003 1603962583375009
white 1603962583375030 1603962583375060
white 1603962583375082 1603962583375087
white 1603962583375107 1603962583375112
white 1603962583375134 1603962583375139
white 1603962583375160 1603962583375165
white 1603962583375186 1603962583375191
white 1603962583375212 1603962583375218
white 1603962583375240 1603962583375245
white 1603962583375266 1603962583375271
white 1603962583375292 1603962583375297
white 1603962583375345 1603962583375350
white 1603962583375370 1603962583375375
white 1603962583375396 1603962583375401
white 1603962583375421 1603962583375427
white 1603962583375447 1603962583375453
white 1603962583375474 1603962583375479
white 1603962583375500 1603962583375506
white 1603962583375527 1603962583375532
white 1603962583375553 1603962583375558
white 1603962583375579 1603962583375583
white 1603962583375605 1603962583375610
white 1603962583375631 1603962583375636
white 1603962583375658 1603962583375662
white 1603962583375684 1603962583375689
white 1603962583375710 1603962583375715
white 1603962583375737 1603962583375743
white 1603962583375763 1603962583375768
white 1603962583375790 1603962583375795
white 1603962583375817 1603962583375822
white 1603962583375844 1603962583375849
white 1603962583375871 1603962583375877
white 1603962583375898 1603962583375904
white 1603962583375925 1603962583375931
white 1603962583375952 1603962583375957
white 1603962583375981 1603962583375988
white 1603962583376013 1603962583376018
white 1603962583376192 1603962583376203
white 1603962583376235 1603962583376240
white 1603962583376261 1603962583376266
white 1603962583376287 1603962583376292
white 1603962583376313 1603962583376317
white 1603962583376338 1603962583376343
white 1603962583376364 1603962583376370
white 1603962583376391 1603962583376396
white 1603962583376418 1603962583376422
white 1603962583376444 1603962583376449
white 1603962583376496 1603962583376502
white 1603962583376523 1603962583376528
white 1603962583376549 1603962583376554
white 1603962583376575 1603962583376581
white 1603962583376602 1603962583376607
white 1603962583376628 1603962583376633
white 1603962583376654 1603962583376660
white 1603962583376681 1603962583376686
white 1603962583376706 1603962583376711
white 1603962583376732 1603962583376738
white 1603962583376758 1603962583376763
white 1603962583376784 1603962583376789
white 1603962583376809 1603962583376815
white 1603962583376835 1603962583376841
white 1603962583376862 1603962583376867
white 1603962583376889 1603962583376894
white 1603962583376914 1603962583376919
white 1603962583376940 1603962583376945
white 1603962583376965 1603962583376971
white 1603962583377020 1603962583377025
white 1603962583377047 1603962583377053
white 1603962583377074 1603962583377079
white 1603962583377100 1603962583377104
white 1603962583377125 1603962583377130
white 1603962583377150 1603962583377155
white 1603962583377176 1603962583377182
white 1603962583377203 1603962583377208
white 1603962583377229 1603962583377233
white 1603962583377254 1603962583377259
white 1603962583377280 1603962583377285
white 1603962583377307 1603962583377312
white 1603962583377334 1603962583377339
white 1603962583377361 1603962583377366
white 1603962583377387 1603962583377392
white 1603962583377413 1603962583377418
white 1603962583377439 1603962583377445
white 1603962583377466 1603962583377471
white 1603962583377492 1603962583377498
white 1603962583377519 1603962583377524
white 1603962583377567 1603962583377577
white 1603962583377609 1603962583377616
white 1603962583377645 1603962583377650
white 1603962583377672 1603962583377678
white 1603962583377700 1603962583377705
white 1603962583377731 1603962583377736
white 1603962583377762 1603962583377768
white 1603962583377790 1603962583377795
white 1603962583377816 1603962583377821
white 1603962583377842 1603962583377847
white 1603962583377872 1603962583377878
white 1603962583377900 1603962583377905
white 1603962583377927 1603962583377932
white 1603962583377954 1603962583377960
white 1603962583377981 1603962583377987
white 1603962583378008 1603962583378013
white 1603962583378035 1603962583378040
white 1603962583378061 1603962583378066
white 1603962583378087 1603962583378093
white 1603962583378115 1603962583378120
white 1603962583378142 1603962583378147
white 1603962583378169 1603962583378174
white 1603962583378196 1603962583378202
white 1603962583378223 1603962583378229
white 1603962583378251 1603962583378256
white 1603962583378278 1603962583378283
white 1603962583378305 1603962583378311
white 1603962583378332 1603962583378338
white 1603962583378384 1603962583378389
white 1603962583378411 1603962583378416
white 1603962583378438 1603962583378444
white 1603962583378465 1603962583378471
white 1603962583378493 1603962583378498
white 1603962583378520 1603962583378525
white 1603962583378547 1603962583378552
white 1603962583378574 1603962583378580
white 1603962583378601 1603962583378607
white 1603962583378629 1603962583378634
white 1603962583378656 1603962583378661
white 1603962583378683 1603962583378688
white 1603962583378710 1603962583378716
white 1603962583378737 1603962583378742
white 1603962583378764 1603962583378769
white 1603962583378791 1603962583378796
white 1603962583378818 1603962583378824
white 1603962583378845 1603962583378851
white 1603962583378873 1603962583378878
white 1603962583378900 1603962583378906
white 1603962583378928 1603962583378933
white 1603962583378955 1603962583378960
white 1603962583378980 1603962583378986
white 1603962583379037 1603962583379043
white 1603962583379064 1603962583379069
white 1603962583379091 1603962583379097
white 1603962583379118 1603962583379123
white 1603962583379145 1603962583379150
white 1603962583379172 1603962583379178
white 1603962583379199 1603962583379205
white 1603962583379226 1603962583379231
white 1603962583379253 1603962583379258
white 1603962583379279 1603962583379284
white 1603962583379305 1603962583379311
white 1603962583379332 1603962583379337
white 1603962583379358 1603962583379364
white 1603962583379385 1603962583379391
white 1603962583379411 1603962583379417
white 1603962583379456 1603962583379461
white 1603962583379482 1603962583379488
white 1603962583379509 1603962583379515
white 1603962583379536 1603962583379542
white 1603962583379564 1603962583379569
white 1603962583379590 1603962583379596
white 1603962583379617 1603962583379623
white 1603962583379645 1603962583379650
white 1603962583379671 1603962583379676
white 1603962583379698 1603962583379703
white 1603962583379725 1603962583379730
white 1603962583379752 1603962583379758
white 1603962583379779 1603962583379785
white 1603962583379807 1603962583379812
white 1603962583379834 1603962583379839
white 1603962583379861 1603962583379866
white 1603962583379888 1603962583379893
white 1603962583379915 1603962583379920
white 1603962583379942 1603962583379948
white 1603962583379969 1603962583379975
white 1603962583379997 1603962583380002
white 1603962583380024 1603962583380029
white 1603962583380051 1603962583380056
white 1603962583380078 1603962583380084
white 1603962583380105 1603962583380111
white 1603962583380133 1603962583380138
white 1603962583380160 1603962583380166
white 1603962583380188 1603962583380212
white 1603962583380234 1603962583380239
white 1603962583380276 1603962583380282
white 1603962583380305 1603962583380313
white 1603962583380335 1603962583380339
white 1603962583380361 1603962583380367
white 1603962583380387 1603962583380392
white 1603962583380413 1603962583380418
white 1603962583380440 1603962583380445
white 1603962583380465 1603962583380471
white 1603962583380492 1603962583380497
white 1603962583380518 1603962583380536
white 1603962583380559 1603962583380564
white 1603962583380584 1603962583380590
white 1603962583380634 1603962583380639
white 1603962583380660 1603962583380665
white 1603962583380686 1603962583380690
white 1603962583380739 1603962583380745
white 1603962583380789 1603962583380799
white 1603962583380863 1603962583380875
white 1603962583380920 1603962583380926
white 1603962583380962 1603962583380968
white 1603962583380989 1603962583381003
white 1603962583381025 1603962583381031
white 1603962583381060 1603962583381065
white 1603962583381097 1603962583381105
white 1603962583381136 1603962583381148
white 1603962583381171 1603962583381177
white 1603962583381199 1603962583381216
white 1603962583381239 1603962583381244
white 1603962583381274 1603962583381279
white 1603962583381309 1603962583381315
white 1603962583381337 1603962583381355
white 1603962583381382 1603962583381387
white 1603962583381415 1603962583381421
white 1603962583381441 1603962583381446
white 1603962583381466 1603962583381472
white 1603962583381519 1603962583381524
white 1603962583381545 1603962583381550
white 1603962583381570 1603962583381575
white 1603962583381595 1603962583381600
white 1603962583381622 1603962583381627
white 1603962583381648 1603962583381653
white 1603962583381674 1603962583381679
white 1603962583381699 1603962583381705
white 1603962583381726 1603962583381731
white 1603962583381752 1603962583381757
white 1603962583381778 1603962583381783
white 1603962583381803 1603962583381808
white 1603962583381830 1603962583381835
white 1603962583381856 1603962583381861
white 1603962583381882 1603962583381887
white 1603962583381907 1603962583381912
white 1603962583381933 1603962583381938
white 1603962583381959 1603962583381964
white 1603962583381985 1603962583381990
white 1603962583382012 1603962583382017
white 1603962583382038 1603962583382043
white 1603962583382065 1603962583382070
white 1603962583382091 1603962583382096
white 1603962583382116 1603962583382121
white 1603962583382143 1603962583382148
white 1603962583382169 1603962583382174
white 1603962583382195 1603962583382201
white 1603962583382222 1603962583382227
white 1603962583382248 1603962583382253
white 1603962583382275 1603962583382280
white 1603962583382300 1603962583382305
white 1603962583382326 1603962583382332
white 1603962583382352 1603962583382357
white 1603962583382379 1603962583382383
white 1603962583382404 1603962583382409
white 1603962583382430 1603962583382434
white 1603962583382483 1603962583382487
white 1603962583382509 1603962583382514
white 1603962583382535 1603962583382540
white 1603962583382562 1603962583382566
white 1603962583382587 1603962583382592
white 1603962583382632 1603962583382637
white 1603962583382658 1603962583382663
white 1603962583382685 1603962583382690
white 1603962583382710 1603962583382715
white 1603962583382744 1603962583382749
white 1603962583382772 1603962583382777
white 1603962583382798 1603962583382803
white 1603962583382830 1603962583382835
white 1603962583382857 1603962583382862
white 1603962583382883 1603962583382888
white 1603962583382908 1603962583382913
white 1603962583382934 1603962583382939
white 1603962583382960 1603962583382965
white 1603962583382987 1603962583382992
white 1603962583383013 1603962583383018
white 1603962583383039 1603962583383044
white 1603962583383065 1603962583383070
white 1603962583383091 1603962583383096
white 1603962583383117 1603962583383122
white 1603962583383143 1603962583383147
white 1603962583383168 1603962583383173
white 1603962583383194 1603962583383199
white 1603962583383220 1603962583383226
white 1603962583383246 1603962583383251
white 1603962583383271 1603962583383277
white 1603962583383298 1603962583383303
white 1603962583383324 1603962583383329
white 1603962583383349 1603962583383354
white 1603962583383376 1603962583383381
white 1603962583383402 1603962583383407
white 1603962583383427 1603962583383432
white 1603962583383453 1603962583383458
white 1603962583383480 1603962583383485
white 1603962583383505 1603962583383510
white 1603962583383531 1603962583383536
white 1603962583383557 1603962583383562
white 1603962583383582 1603962583383588
white 1603962583383609 1603962583383614
white 1603962583383634 1603962583383639
white 1603962583383661 1603962583383666
white 1603962583383687 1603962583383692
white 1603962583383713 1603962583383718
white 1603962583383738 1603962583383743
white 1603962583383764 1603962583383768
white 1603962583383807 1603962583383812
white 1603962583383837 1603962583383842
white 1603962583383863 1603962583383869
white 1603962583383890 1603962583383895
white 1603962583383916 1603962583383921
white 1603962583383943 1603962583383949
white 1603962583383971 1603962583383976
white 1603962583383998 1603962583384003
white 1603962583384026 1603962583384031
white 1603962583384054 1603962583384059
white 1603962583384081 1603962583384086
white 1603962583384108 1603962583384113
white 1603962583384135 1603962583384140
white 1603962583384161 1603962583384167
white 1603962583384188 1603962583384194
white 1603962583384215 1603962583384220
white 1603962583384242 1603962583384247
white 1603962583384297 1603962583384302
white 1603962583384323 1603962583384329
white 1603962583384351 1603962583384356
white 1603962583384377 1603962583384392
white 1603962583384415 1603962583384421
white 1603962583384443 1603962583384449
white 1603962583384472 1603962583384477
white 1603962583384500 1603962583384506
white 1603962583384529 1603962583384535
white 1603962583384558 1603962583384564
white 1603962583384587 1603962583384593
white 1603962583384615 1603962583384621
white 1603962583384644 1603962583384650
white 1603962583384673 1603962583384679
white 1603962583384728 1603962583384737
white 1603962583384776 1603962583384783
white 1603962583384806 1603962583384812
white 1603962583384835 1603962583384841
white 1603962583384865 1603962583384870
white 1603962583384894 1603962583384900
white 1603962583384931 1603962583384937
white 1603962583384961 1603962583384966
white 1603962583384988 1603962583384994
white 1603962583385017 1603962583385023
white 1603962583385045 1603962583385050
white 1603962583385071 1603962583385077
white 1603962583385099 1603962583385104
white 1603962583385126 1603962583385131
white 1603962583385172 1603962583385184
white 1603962583385227 1603962583385265
white 1603962583385308 1603962583385314
white 1603962583385340 1603962583385347
white 1603962583385371 1603962583385379
white 1603962583385406 1603962583385412
white 1603962583385436 1603962583385442
white 1603962583385468 1603962583385474
white 1603962583385499 1603962583385505
white 1603962583385532 1603962583385539
white 1603962583385564 1603962583385572
white 1603962583385599 1603962583385651
white 1603962583385680 1603962583385686
white 1603962583385712 1603962583385718
white 1603962583385743 1603962583385750
white 1603962583385781 1603962583385787
white 1603962583385844 1603962583385851
white 1603962583385880 1603962583385887
white 1603962583385921 1603962583385926
white 1603962583385953 1603962583385967
white 1603962583386016 1603962583386026
white 1603962583386074 1603962583386084
white 1603962583386111 1603962583386117
white 1603962583386148 1603962583386154
white 1603962583386175 1603962583386179
white 1603962583386201 1603962583386206
white 1603962583386228 1603962583386233
white 1603962583386255 1603962583386260
white 1603962583386282 1603962583386287
white 1603962583386312 1603962583386319
white 1603962583386363 1603962583386370
white 1603962583386400 1603962583386403
white 1603962583386449 1603962583386455
white 1603962583386478 1603962583386484
white 1603962583386522 1603962583386540
white 1603962583386607 1603962583386619
white 1603962583386663 1603962583386669
white 1603962583386697 1603962583386706
white 1603962583386736 1603962583386743
white 1603962583386792 1603962583386804
white 1603962583386841 1603962583386847
white 1603962583386872 1603962583386878
white 1603962583386917 1603962583386926
white 1603962583386981 1603962583386989
white 1603962583387014 1603962583387022
white 1603962583387049 1603962583387055
white 1603962583387083 1603962583387088
white 1603962583387110 1603962583387116
white 1603962583387138 1603962583387144
white 1603962583387166 1603962583387171
white 1603962583387194 1603962583387199
white 1603962583387222 1603962583387227
white 1603962583387249 1603962583387254
white 1603962583387276 1603962583387282
white 1603962583387303 1603962583387308
white 1603962583387330 1603962583387335
white 1603962583387357 1603962583387362
white 1603962583387385 1603962583387390
white 1603962583387411 1603962583387417
white 1603962583387438 1603962583387443
white 1603962583387466 1603962583387471
white 1603962583387494 1603962583387499
white 1603962583387521 1603962583387526
white 1603962583387582 1603962583387587
white 1603962583387609 1603962583387614
white 1603962583387636 1603962583387641
white 1603962583387662 1603962583387668
white 1603962583387690 1603962583387696
white 1603962583387718 1603962583387724
white 1603962583387746 1603962583387752
white 1603962583387773 1603962583387779
white 1603962583387800 1603962583387806
white 1603962583387828 1603962583387833
white 1603962583387855 1603962583387861
white 1603962583387883 1603962583387900
white 1603962583387930 1603962583387935
white 1603962583387957 1603962583387962
white 1603962583387984 1603962583387989
white 1603962583388029 1603962583388038
white 1603962583388074 1603962583388080
white 1603962583388104 1603962583388110
white 1603962583388149 1603962583388155
white 1603962583388178 1603962583388183
white 1603962583388207 1603962583388212
white 1603962583388236 1603962583388241
white 1603962583388265 1603962583388278
white 1603962583388372 1603962583388379
white 1603962583388403 1603962583388409
white 1603962583388433 1603962583388438
white 1603962583388462 1603962583388467
white 1603962583388490 1603962583388496
white 1603962583388520 1603962583388526
white 1603962583388589 1603962583388595
white 1603962583388619 1603962583388624
white 1603962583388650 1603962583388656
white 1603962583388681 1603962583388686
white 1603962583388711 1603962583388717
white 1603962583388743 1603962583388750
white 1603962583388774 1603962583388779
white 1603962583388804 1603962583388810
white 1603962583388840 1603962583388845
white 1603962583388870 1603962583388877
white 1603962583388911 1603962583388918
white 1603962583388947 1603962583388954
white 1603962583388983 1603962583388989
white 1603962583389023 1603962583389030
white 1603962583389062 1603962583389068
white 1603962583389092 1603962583389099
white 1603962583389186 1603962583389192
white 1603962583389221 1603962583389227
white 1603962583389262 1603962583389270
white 1603962583389301 1603962583389308
white 1603962583389336 1603962583389343
white 1603962583389375 1603962583389382
white 1603962583389410 1603962583389416
white 1603962583389443 1603962583389449
white 1603962583389480 1603962583389486
white 1603962583389514 1603962583389520
white 1603962583389553 1603962583389560
white 1603962583389588 1603962583389594
white 1603962583389622 1603962583389628
white 1603962583389696 1603962583389702
white 1603962583389729 1603962583389736
white 1603962583389764 1603962583389771
white 1603962583389799 1603962583389805
white 1603962583389838 1603962583389846
white 1603962583389880 1603962583389888
white 1603962583389926 1603962583389936
white 1603962583389960 1603962583389966
white 1603962583389991 1603962583389997
white 1603962583390022 1603962583390028
white 1603962583390053 1603962583390059
white 1603962583390083 1603962583390089
white 1603962583390181 1603962583390187
white 1603962583390226 1603962583390239
white 1603962583390272 1603962583390281
white 1603962583390323 1603962583390335
white 1603962583390367 1603962583390381
white 1603962583390419 1603962583390424
white 1603962583390462 1603962583390468
white 1603962583390496 1603962583390501
white 1603962583390524 1603962583390529
white 1603962583390553 1603962583390559
white 1603962583390582 1603962583390588
white 1603962583390610 1603962583390615
white 1603962583390635 1603962583390641
white 1603962583390662 1603962583390667
white 1603962583390688 1603962583390694
white 1603962583390715 1603962583390721
white 1603962583390743 1603962583390749
white 1603962583390771 1603962583390777
white 1603962583390799 1603962583390804
white 1603962583390829 1603962583390836
white 1603962583390861 1603962583390866
white 1603962583390888 1603962583390893
white 1603962583390918 1603962583390923
white 1603962583390947 1603962583390952
white 1603962583390975 1603962583390980
white 1603962583391002 1603962583391008
white 1603962583391031 1603962583391036
white 1603962583391060 1603962583391065
white 1603962583391088 1603962583391093
white 1603962583391115 1603962583391121
white 1603962583391145 1603962583391150
white 1603962583391174 1603962583391179
white 1603962583391205 1603962583391211
white 1603962583391234 1603962583391239
white 1603962583391260 1603962583391265
white 1603962583391287 1603962583391292
white 1603962583391314 1603962583391319
white 1603962583391341 1603962583391346
white 1603962583391390 1603962583391396
white 1603962583391418 1603962583391423
white 1603962583391444 1603962583391449
white 1603962583391471 1603962583391475
white 1603962583391497 1603962583391502
white 1603962583391523 1603962583391528
white 1603962583391565 1603962583391570
white 1603962583391592 1603962583391597
white 1603962583391619 1603962583391624
white 1603962583391645 1603962583391651
white 1603962583391701 1603962583391706
white 1603962583391727 1603962583391733
white 1603962583391754 1603962583391760
white 1603962583391781 1603962583391786
white 1603962583391806 1603962583391811
white 1603962583391832 1603962583391837
white 1603962583391858 1603962583391863
white 1603962583391885 1603962583391890
white 1603962583391911 1603962583391935
white 1603962583391956 1603962583391961
white 1603962583391982 1603962583391987
white 1603962583392008 1603962583392013
white 1603962583392033 1603962583392039
white 1603962583392060 1603962583392065
white 1603962583392087 1603962583392092
white 1603962583392113 1603962583392119
white 1603962583392142 1603962583392147
white 1603962583392168 1603962583392173
white 1603962583392193 1603962583392198
white 1603962583392219 1603962583392224
white 1603962583392257 1603962583392263
white 1603962583392294 1603962583392300
white 1603962583392321 1603962583392326
white 1603962583392347 1603962583392353
white 1603962583392374 1603962583392379
white 1603962583392400 1603962583392405
white 1603962583392426 1603962583392431
white 1603962583392452 1603962583392457
white 1603962583392479 1603962583392484
white 1603962583392505 1603962583392510
white 1603962583392531 1603962583392536
white 1603962583392558 1603962583392563
white 1603962583392584 1603962583392590
white 1603962583392612 1603962583392618
white 1603962583392638 1603962583392643
white 1603962583392665 1603962583392669
white 1603962583392690 1603962583392695
white 1603962583392716 1603962583392722
white 1603962583392743 1603962583392748
white 1603962583392769 1603962583392775
white 1603962583392795 1603962583392800
white 1603962583392822 1603962583392826
white 1603962583392848 1603962583392853
white 1603962583392874 1603962583392879
white 1603962583392900 1603962583392906
white 1603962583392935 1603962583392941
white 1603962583392961 1603962583392966
white 1603962583392987 1603962583392992
white 1603962583393013 1603962583393019
white 1603962583393040 1603962583393049
