red 1603962583317795
red 1603962583318007
red 1603962583318057
red 1603962583318125
red 1603962583318163
red 1603962583318215
red 1603962583318285
red 1603962583318352
red 1603962583318417
red 1603962583318475
red 1603962583318521
red 1603962583318573
red 1603962583318628
red 1603962583318687
red 1603962583318724
red 1603962583318774
red 1603962583318814
red 1603962583318859
red 1603962583318914
red 1603962583318966
red 1603962583319011
red 1603962583319057
red 1603962583319111
red 1603962583319156
red 1603962583319204
red 1603962583319250
red 1603962583319298
red 1603962583319352
red 1603962583319400
red 1603962583319452
red 1603962583319501
red 1603962583319550
red 1603962583319600
red 1603962583319649
red 1603962583319698
red 1603962583319748
red 1603962583319797
red 1603962583319846
red 1603962583319895
red 1603962583319945
red 1603962583319994
red 1603962583320043
red 1603962583320092
red 1603962583320142
red 1603962583320191
red 1603962583320240
red 1603962583320290
red 1603962583320339
red 1603962583320388
red 1603962583320437
red 1603962583320486
red 1603962583320535
red 1603962583320585
red 1603962583320633
red 1603962583320682
red 1603962583320732
red 1603962583320781
red 1603962583320830
red 1603962583320880
red 1603962583320930
red 1603962583320979
red 1603962583321028
red 1603962583321079
red 1603962583321129
red 1603962583321178
red 1603962583321227
red 1603962583321275
red 1603962583321325
red 1603962583321374
red 1603962583321423
red 1603962583321473
red 1603962583321531
red 1603962583321574
red 1603962583321617
red 1603962583321662
red 1603962583321705
red 1603962583321749
red 1603962583321792
red 1603962583321835
red 1603962583321879
red 1603962583321925
red 1603962583321970
red 1603962583322013
red 1603962583322055
red 1603962583322098
red 1603962583322142
red 1603962583322186
red 1603962583322230
red 1603962583322274
red 1603962583322318
red 1603962583322362
red 1603962583322406
red 1603962583322450
red 1603962583322493
red 1603962583322536
red 1603962583322579
red 1603962583322623
red 1603962583322667
red 1603962583322710
red 1603962583322754
red 1603962583322797
red 1603962583322841
red 1603962583322884
red 1603962583322964
red 1603962583323009
red 1603962583323052
red 1603962583323125
red 1603962583323169
red 1603962583323238
red 1603962583323282
red 1603962583323324
red 1603962583323368
red 1603962583323410
red 1603962583323454
red 1603962583323498
red 1603962583323542
red 1603962583323585
red 1603962583323629
red 1603962583323672
red 1603962583323716
red 1603962583323761
red 1603962583323804
red 1603962583323847
red 1603962583323891
red 1603962583323934
red 1603962583323978
red 1603962583324030
red 1603962583324071
red 1603962583324112
red 1603962583324153
red 1603962583324193
red 1603962583324234
red 1603962583324273
red 1603962583324315
red 1603962583324354
red 1603962583324394
red 1603962583324434
red 1603962583324474
red 1603962583324514
red 1603962583324554
red 1603962583324595
red 1603962583324636
red 1603962583324676
red 1603962583324716
red 1603962583324757
red 1603962583324798
red 1603962583324838
red 1603962583324878
red 1603962583324918
red 1603962583324959
red 1603962583324999
red 1603962583325041
red 1603962583325081
red 1603962583325121
red 1603962583325161
red 1603962583325200
red 1603962583325241
red 1603962583325281
red 1603962583325320
red 1603962583325360
red 1603962583325401
red 1603962583325442
red 1603962583325483
red 1603962583325523
red 1603962583325563
red 1603962583325605
red 1603962583325646
red 1603962583325686
red 1603962583325726
red 1603962583325767
red 1603962583325806
red 1603962583325847
red 1603962583325887
red 1603962583325928
red 1603962583325967
red 1603962583326008
red 1603962583326049
red 1603962583326089
red 1603962583326131
red 1603962583326200
red 1603962583326242
red 1603962583326282
red 1603962583326323
red 1603962583326363
red 1603962583326403
red 1603962583326444
red 1603962583326485
red 1603962583326569
red 1603962583326609
red 1603962583326649
red 1603962583326689
red 1603962583326730
red 1603962583326770
red 1603962583326810
red 1603962583326851
red 1603962583326892
red 1603962583326959
red 1603962583326999
red 1603962583327040
red 1603962583327079
red 1603962583327120
red 1603962583327161
red 1603962583327202
red 1603962583327242
red 1603962583327283
red 1603962583327343
red 1603962583327383
red 1603962583327423
red 1603962583327463
red 1603962583327505
red 1603962583327545
red 1603962583327611
red 1603962583327651
red 1603962583327692
red 1603962583327732
red 1603962583327771
red 1603962583327834
red 1603962583327874
red 1603962583327914
red 1603962583327954
red 1603962583327995
red 1603962583328038
red 1603962583328080
red 1603962583328122
red 1603962583328164
red 1603962583328206
red 1603962583328247
red 1603962583328289
red 1603962583328330
red 1603962583328372
red 1603962583328414
red 1603962583328456
red 1603962583328497
red 1603962583328539
red 1603962583328581
red 1603962583328624
red 1603962583328693
red 1603962583328738
red 1603962583328782
red 1603962583328843
red 1603962583328895
red 1603962583328933
red 1603962583328978
red 1603962583329017
red 1603962583329057
red 1603962583329096
red 1603962583329136
red 1603962583329175
red 1603962583329215
red 1603962583329255
red 1603962583329294
red 1603962583329333
red 1603962583329371
red 1603962583329410
red 1603962583329449
red 1603962583329489
red 1603962583329529
red 1603962583329568
red 1603962583329608
red 1603962583329646
red 1603962583329686
red 1603962583329725
red 1603962583329765
red 1603962583329804
red 1603962583329844
red 1603962583329882
red 1603962583329922
red 1603962583329961
red 1603962583330001
red 1603962583330040
red 1603962583330080
red 1603962583330120
red 1603962583330159
red 1603962583330199
red 1603962583330239
red 1603962583330278
red 1603962583330318
red 1603962583330357
red 1603962583330396
red 1603962583330436
red 1603962583330475
red 1603962583330515
red 1603962583330555
red 1603962583330594
red 1603962583330633
red 1603962583330673
red 1603962583330713
red 1603962583330754
red 1603962583330793
red 1603962583330833
red 1603962583330872
red 1603962583330909
red 1603962583330948
red 1603962583330988
red 1603962583331027
red 1603962583331067
red 1603962583331106
red 1603962583331149
red 1603962583331183
red 1603962583331215
red 1603962583331272
red 1603962583331310
red 1603962583331349
red 1603962583331388
red 1603962583331429
red 1603962583331468
red 1603962583331507
red 1603962583331547
red 1603962583331614
red 1603962583331653
red 1603962583331692
red 1603962583331732
red 1603962583331797
red 1603962583331854
red 1603962583331901
red 1603962583331944
red 1603962583332013
red 1603962583332056
red 1603962583332107
red 1603962583332187
red 1603962583332247
red 1603962583332290
red 1603962583332328
red 1603962583332368
red 1603962583332436
red 1603962583332475
red 1603962583332515
red 1603962583332555
red 1603962583332586
red 1603962583332618
red 1603962583332677
red 1603962583332716
red 1603962583332756
red 1603962583332795
red 1603962583332835
red 1603962583332874
red 1603962583332912
red 1603962583332953
red 1603962583333003
red 1603962583333040
red 1603962583333077
red 1603962583333116
red 1603962583333153
red 1603962583333198
red 1603962583333239
red 1603962583333268
red 1603962583333317
red 1603962583333357
red 1603962583333394
red 1603962583333429
red 1603962583333491
red 1603962583333536
red 1603962583333571
red 1603962583333612
red 1603962583333653
red 1603962583333693
red 1603962583333737
red 1603962583333802
red 1603962583333843
red 1603962583333890
red 1603962583333927
red 1603962583333965
red 1603962583334002
red 1603962583334039
red 1603962583334076
red 1603962583334113
red 1603962583334150
red 1603962583334187
red 1603962583334224
red 1603962583334262
red 1603962583334300
red 1603962583334337
red 1603962583334375
red 1603962583334433
red 1603962583334470
red 1603962583334506
red 1603962583334543
red 1603962583334579
red 1603962583334647
red 1603962583334706
red 1603962583334765
red 1603962583334799
red 1603962583334836
red 1603962583334873
red 1603962583334919
red 1603962583334960
red 1603962583335013
red 1603962583335053
red 1603962583335091
red 1603962583335120
red 1603962583335157
red 1603962583335246
red 1603962583335275
red 1603962583335316
red 1603962583335352
red 1603962583335388
red 1603962583335432
red 1603962583335482
red 1603962583335525
red 1603962583335561
red 1603962583335596
red 1603962583335631
red 1603962583335674
red 1603962583335712
red 1603962583335746
red 1603962583335781
red 1603962583335819
red 1603962583335859
red 1603962583335897
red 1603962583335934
red 1603962583335999
red 1603962583336041
red 1603962583336075
red 1603962583336109
red 1603962583336144
red 1603962583336194
red 1603962583336252
red 1603962583336293
red 1603962583336326
red 1603962583336361
red 1603962583336396
red 1603962583336461
red 1603962583336496
red 1603962583336540
red 1603962583336581
red 1603962583336617
red 1603962583336654
red 1603962583336689
red 1603962583336728
red 1603962583336768
red 1603962583336804
red 1603962583336837
red 1603962583336906
red 1603962583336941
red 1603962583336981
red 1603962583337023
red 1603962583337063
red 1603962583337102
red 1603962583337139
red 1603962583337175
red 1603962583337212
red 1603962583337254
red 1603962583337300
red 1603962583337339
red 1603962583337375
red 1603962583337414
red 1603962583337452
red 1603962583337490
red 1603962583337527
red 1603962583337562
red 1603962583337598
red 1603962583337634
red 1603962583337669
red 1603962583337706
red 1603962583337742
red 1603962583337778
red 1603962583337814
red 1603962583337856
red 1603962583337894
red 1603962583337930
red 1603962583337967
red 1603962583338004
red 1603962583338041
red 1603962583338078
red 1603962583338114
red 1603962583338153
red 1603962583338192
red 1603962583338230
red 1603962583338267
red 1603962583338305
red 1603962583338345
red 1603962583338385
red 1603962583338424
red 1603962583338460
red 1603962583338495
red 1603962583338532
red 1603962583338578
red 1603962583338616
red 1603962583338658
red 1603962583338705
red 1603962583338744
red 1603962583338782
red 1603962583338820
red 1603962583338858
red 1603962583338895
red 1603962583338934
red 1603962583338971
red 1603962583339008
red 1603962583339044
red 1603962583339079
red 1603962583339116
red 1603962583339151
red 1603962583339188
red 1603962583339224
red 1603962583339260
red 1603962583339296
red 1603962583339332
red 1603962583339368
red 1603962583339405
red 1603962583339446
red 1603962583339485
red 1603962583339520
red 1603962583339558
red 1603962583339598
red 1603962583339649
red 1603962583339690
red 1603962583339729
red 1603962583339767
red 1603962583339803
red 1603962583339841
red 1603962583339877
red 1603962583339915
red 1603962583339953
red 1603962583340017
red 1603962583340054
red 1603962583340092
red 1603962583340130
red 1603962583340167
red 1603962583340205
red 1603962583340247
red 1603962583340283
red 1603962583340319
red 1603962583340355
red 1603962583340392
red 1603962583340427
red 1603962583340463
red 1603962583340529
red 1603962583340566
red 1603962583340602
red 1603962583340638
red 1603962583340674
red 1603962583340713
red 1603962583340755
red 1603962583340792
red 1603962583340828
red 1603962583340893
red 1603962583340930
red 1603962583340976
red 1603962583341015
red 1603962583341078
red 1603962583341114
red 1603962583341150
red 1603962583341186
red 1603962583341228
red 1603962583341265
red 1603962583341302
red 1603962583341338
red 1603962583341374
red 1603962583341410
red 1603962583341446
red 1603962583341482
red 1603962583341518
red 1603962583341554
red 1603962583341590
red 1603962583341627
red 1603962583341663
red 1603962583341702
red 1603962583341739
red 1603962583341780
red 1603962583341848
red 1603962583341885
red 1603962583341933
red 1603962583341972
red 1603962583342008
red 1603962583342046
red 1603962583342087
red 1603962583342125
red 1603962583342163
red 1603962583342200
red 1603962583342238
red 1603962583342275
red 1603962583342312
red 1603962583342349
red 1603962583342386
red 1603962583342423
red 1603962583342460
red 1603962583342497
red 1603962583342535
red 1603962583342572
red 1603962583342609
red 1603962583342647
red 1603962583342683
red 1603962583342720
red 1603962583342756
red 1603962583342793
red 1603962583342830
red 1603962583342889
red 1603962583342926
red 1603962583342962
red 1603962583343000
red 1603962583343037
red 1603962583343074
red 1603962583343110
red 1603962583343147
red 1603962583343183
red 1603962583343226
red 1603962583343263
red 1603962583343303
red 1603962583343342
red 1603962583343380
red 1603962583343418
red 1603962583343458
red 1603962583343497
red 1603962583343534
red 1603962583343570
red 1603962583343607
red 1603962583343647
red 1603962583343683
red 1603962583343725
red 1603962583343761
red 1603962583343798
red 1603962583343834
red 1603962583343872
red 1603962583343910
red 1603962583343949
red 1603962583344011
red 1603962583344050
red 1603962583344088
red 1603962583344135
red 1603962583344177
red 1603962583344215
red 1603962583344260
red 1603962583344302
red 1603962583344343
red 1603962583344383
red 1603962583344420
red 1603962583344458
red 1603962583344496
red 1603962583344532
red 1603962583344567
red 1603962583344603
red 1603962583344667
red 1603962583344705
red 1603962583344742
red 1603962583344778
red 1603962583344814
red 1603962583344850
red 1603962583344886
red 1603962583344924
red 1603962583344960
red 1603962583344998
red 1603962583345041
red 1603962583345077
red 1603962583345119
red 1603962583345156
red 1603962583345193
red 1603962583345230
red 1603962583345302
red 1603962583345341
red 1603962583345380
red 1603962583345420
red 1603962583345460
red 1603962583345499
red 1603962583345538
red 1603962583345577
red 1603962583345617
red 1603962583345656
red 1603962583345695
red 1603962583345734
red 1603962583345773
red 1603962583345812
red 1603962583345852
red 1603962583345892
red 1603962583345938
red 1603962583345977
red 1603962583346015
red 1603962583346054
red 1603962583346094
red 1603962583346133
red 1603962583346172
red 1603962583346212
red 1603962583346251
red 1603962583346289
red 1603962583346329
red 1603962583346367
red 1603962583346406
red 1603962583346445
red 1603962583346484
red 1603962583346523
red 1603962583346563
red 1603962583346602
red 1603962583346642
red 1603962583346681
red 1603962583346733
red 1603962583346775
red 1603962583346818
red 1603962583346859
red 1603962583346902
red 1603962583346943
red 1603962583346986
red 1603962583347028
red 1603962583347070
red 1603962583347112
red 1603962583347154
red 1603962583347196
red 1603962583347238
red 1603962583347280
red 1603962583347323
red 1603962583347365
red 1603962583347407
red 1603962583347449
red 1603962583347491
red 1603962583347533
red 1603962583347574
red 1603962583347616
red 1603962583347658
red 1603962583347699
red 1603962583347741
red 1603962583347783
red 1603962583347824
red 1603962583347867
red 1603962583347910
red 1603962583347951
red 1603962583348032
red 1603962583348071
red 1603962583348111
red 1603962583348149
red 1603962583348216
red 1603962583348255
red 1603962583348294
red 1603962583348333
red 1603962583348372
red 1603962583348412
red 1603962583348451
red 1603962583348489
red 1603962583348529
red 1603962583348568
red 1603962583348608
red 1603962583348648
red 1603962583348691
red 1603962583348731
red 1603962583348767
red 1603962583348805
red 1603962583348843
red 1603962583348881
red 1603962583348921
red 1603962583348979
red 1603962583349016
red 1603962583349055
red 1603962583349094
red 1603962583349133
red 1603962583349173
red 1603962583349213
red 1603962583349251
red 1603962583349291
red 1603962583349346
red 1603962583349386
red 1603962583349425
red 1603962583349478
red 1603962583349520
red 1603962583349563
red 1603962583349604
red 1603962583349646
red 1603962583349706
red 1603962583349748
red 1603962583349808
red 1603962583349848
red 1603962583349891
red 1603962583349934
red 1603962583349983
red 1603962583350027
red 1603962583350069
red 1603962583350116
red 1603962583350165
red 1603962583350208
red 1603962583350251
red 1603962583350294
red 1603962583350335
red 1603962583350378
red 1603962583350419
red 1603962583350462
red 1603962583350511
red 1603962583350592
red 1603962583350649
red 1603962583350713
red 1603962583350777
red 1603962583350843
red 1603962583350915
red 1603962583350989
red 1603962583351048
red 1603962583351099
red 1603962583351248
red 1603962583351298
red 1603962583351359
red 1603962583351404
red 1603962583351450
red 1603962583351488
red 1603962583351532
red 1603962583351574
red 1603962583351614
red 1603962583351654
red 1603962583351704
red 1603962583351754
red 1603962583351794
red 1603962583351832
red 1603962583351872
red 1603962583351912
red 1603962583351952
red 1603962583352002
red 1603962583352041
red 1603962583352083
red 1603962583352123
red 1603962583352161
red 1603962583352199
red 1603962583352240
red 1603962583352278
red 1603962583352318
red 1603962583352358
red 1603962583352413
red 1603962583352454
red 1603962583352523
red 1603962583352597
red 1603962583352639
red 1603962583352685
red 1603962583352725
red 1603962583352772
red 1603962583352819
red 1603962583352861
red 1603962583352904
red 1603962583352949
red 1603962583353046
red 1603962583353086
red 1603962583353123
red 1603962583353173
red 1603962583353212
red 1603962583353251
red 1603962583353291
red 1603962583353332
red 1603962583353371
red 1603962583353411
red 1603962583353452
red 1603962583353491
red 1603962583353529
red 1603962583353570
red 1603962583353610
red 1603962583353654
red 1603962583353692
red 1603962583353732
red 1603962583353784
red 1603962583353824
red 1603962583353886
red 1603962583353963
red 1603962583354007
red 1603962583354044
red 1603962583354085
red 1603962583354125
red 1603962583354184
red 1603962583354247
red 1603962583354307
red 1603962583354348
red 1603962583354390
red 1603962583354427
red 1603962583354469
red 1603962583354507
red 1603962583354548
red 1603962583354585
red 1603962583354626
red 1603962583354663
red 1603962583354705
red 1603962583354742
red 1603962583354783
red 1603962583354820
red 1603962583354861
red 1603962583354940
red 1603962583354983
red 1603962583355042
red 1603962583355098
red 1603962583355160
red 1603962583355220
red 1603962583355258
red 1603962583355323
red 1603962583355378
red 1603962583355480
red 1603962583355518
red 1603962583355577
red 1603962583355621
red 1603962583355658
red 1603962583355698
red 1603962583355740
red 1603962583355796
red 1603962583355855
red 1603962583355910
red 1603962583355999
red 1603962583356043
red 1603962583356094
red 1603962583356154
red 1603962583356210
red 1603962583356266
red 1603962583356312
red 1603962583356352
red 1603962583356398
red 1603962583356527
red 1603962583356635
red 1603962583356693
red 1603962583356752
red 1603962583356810
red 1603962583356866
red 1603962583356909
red 1603962583356951
red 1603962583356996
red 1603962583357048
red 1603962583357098
red 1603962583357141
red 1603962583357181
red 1603962583357229
red 1603962583357270
red 1603962583357311
red 1603962583357355
red 1603962583357396
red 1603962583357439
red 1603962583357481
red 1603962583357523
red 1603962583357565
red 1603962583357608
red 1603962583357650
red 1603962583357691
red 1603962583357734
red 1603962583357776
red 1603962583357818
red 1603962583357860
red 1603962583357902
red 1603962583357944
red 1603962583358019
red 1603962583358061
red 1603962583358102
red 1603962583358145
red 1603962583358188
red 1603962583358231
red 1603962583358273
red 1603962583358316
red 1603962583358357
red 1603962583358434
red 1603962583358477
red 1603962583358521
red 1603962583358564
red 1603962583358607
red 1603962583358649
red 1603962583358692
red 1603962583358735
red 1603962583358778
red 1603962583358820
red 1603962583358863
red 1603962583358906
red 1603962583358950
red 1603962583358992
red 1603962583359033
red 1603962583359095
red 1603962583359137
red 1603962583359179
red 1603962583359222
red 1603962583359263
red 1603962583359305
red 1603962583359347
red 1603962583359390
red 1603962583359432
red 1603962583359475
red 1603962583359518
red 1603962583359560
red 1603962583359603
red 1603962583359644
red 1603962583359686
red 1603962583359729
red 1603962583359771
red 1603962583359813
red 1603962583359856
red 1603962583359898
red 1603962583359941
red 1603962583359983
red 1603962583360026
red 1603962583360068
red 1603962583360111
red 1603962583360171
red 1603962583360214
red 1603962583360256
red 1603962583360298
red 1603962583360340
red 1603962583360400
red 1603962583360440
red 1603962583360482
red 1603962583360525
red 1603962583360573
red 1603962583360628
red 1603962583360674
red 1603962583360717
red 1603962583360760
red 1603962583360803
red 1603962583360845
red 1603962583360886
red 1603962583360928
red 1603962583360970
red 1603962583361012
red 1603962583361055
red 1603962583361097
red 1603962583361139
red 1603962583361182
red 1603962583361223
red 1603962583361266
red 1603962583361308
red 1603962583361350
red 1603962583361391
red 1603962583361433
red 1603962583361476
red 1603962583361518
red 1603962583361561
red 1603962583361604
red 1603962583361646
red 1603962583361689
red 1603962583361731
red 1603962583361773
red 1603962583361815
red 1603962583361858
red 1603962583361899
red 1603962583361940
red 1603962583361982
red 1603962583362025
red 1603962583362068
red 1603962583362110
red 1603962583362152
red 1603962583362192
red 1603962583362233
red 1603962583362275
red 1603962583362317
red 1603962583362360
red 1603962583362402
red 1603962583362445
red 1603962583362510
red 1603962583362552
red 1603962583362595
red 1603962583362638
red 1603962583362682
red 1603962583362726
red 1603962583362769
red 1603962583362812
red 1603962583362854
red 1603962583362898
red 1603962583362942
red 1603962583362986
red 1603962583363030
red 1603962583363074
red 1603962583363118
red 1603962583363161
red 1603962583363203
red 1603962583363247
red 1603962583363291
red 1603962583363335
red 1603962583363378
red 1603962583363422
red 1603962583363465
red 1603962583363509
red 1603962583363551
red 1603962583363594
red 1603962583363658
red 1603962583363700
red 1603962583363743
red 1603962583363786
red 1603962583363830
red 1603962583363874
red 1603962583363918
red 1603962583363961
red 1603962583364003
red 1603962583364046
red 1603962583364088
red 1603962583364130
red 1603962583364172
red 1603962583364214
red 1603962583364257
red 1603962583364300
red 1603962583364343
red 1603962583364384
red 1603962583364443
red 1603962583364485
red 1603962583364528
red 1603962583364570
red 1603962583364612
red 1603962583364654
red 1603962583364696
red 1603962583364738
red 1603962583364790
red 1603962583364870
red 1603962583364922
red 1603962583364972
red 1603962583365005
red 1603962583365050
red 1603962583365076
red 1603962583365117
red 1603962583365150
red 1603962583365181
red 1603962583365208
red 1603962583365239
red 1603962583365274
red 1603962583365304
red 1603962583365333
red 1603962583365373
red 1603962583365412
red 1603962583365447
red 1603962583365475
red 1603962583365507
red 1603962583365540
red 1603962583365571
red 1603962583365600
red 1603962583365640
red 1603962583365665
red 1603962583365698
red 1603962583365729
red 1603962583365754
red 1603962583365790
red 1603962583365817
red 1603962583365845
red 1603962583365873
red 1603962583365902
red 1603962583365930
red 1603962583365958
red 1603962583365987
red 1603962583366015
red 1603962583366043
red 1603962583366071
red 1603962583366099
red 1603962583366127
red 1603962583366193
red 1603962583366220
red 1603962583366247
red 1603962583366274
red 1603962583366300
red 1603962583366328
red 1603962583366357
red 1603962583366390
red 1603962583366432
red 1603962583366490
red 1603962583366520
red 1603962583366547
red 1603962583366575
red 1603962583366604
red 1603962583366632
red 1603962583366660
red 1603962583366689
red 1603962583366715
red 1603962583366744
red 1603962583366772
red 1603962583366800
red 1603962583366829
red 1603962583366858
red 1603962583366887
red 1603962583366914
red 1603962583366943
red 1603962583366970
red 1603962583366998
red 1603962583367025
red 1603962583367053
red 1603962583367081
red 1603962583367110
red 1603962583367137
red 1603962583367167
red 1603962583367195
red 1603962583367223
red 1603962583367252
red 1603962583367280
red 1603962583367343
red 1603962583367370
red 1603962583367397
red 1603962583367425
red 1603962583367453
red 1603962583367482
red 1603962583367511
red 1603962583367540
red 1603962583367569
red 1603962583367596
red 1603962583367625
red 1603962583367655
red 1603962583367682
red 1603962583367709
red 1603962583367737
red 1603962583367785
red 1603962583367812
red 1603962583367839
red 1603962583367867
red 1603962583367894
red 1603962583367921
red 1603962583367949
red 1603962583367977
red 1603962583368005
red 1603962583368041
red 1603962583368066
red 1603962583368091
red 1603962583368116
red 1603962583368141
red 1603962583368167
red 1603962583368214
red 1603962583368240
red 1603962583368265
red 1603962583368291
red 1603962583368317
red 1603962583368343
red 1603962583368369
red 1603962583368395
red 1603962583368421
red 1603962583368447
red 1603962583368473
red 1603962583368498
red 1603962583368524
red 1603962583368550
red 1603962583368576
red 1603962583368602
red 1603962583368628
red 1603962583368653
red 1603962583368679
red 1603962583368707
red 1603962583368732
red 1603962583368757
red 1603962583368782
red 1603962583368807
red 1603962583368833
red 1603962583368859
red 1603962583368884
red 1603962583368909
red 1603962583368935
red 1603962583368960
red 1603962583368985
red 1603962583369011
red 1603962583369037
red 1603962583369063
red 1603962583369089
red 1603962583369115
red 1603962583369141
red 1603962583369166
red 1603962583369192
red 1603962583369218
red 1603962583369244
red 1603962583369270
red 1603962583369297
red 1603962583369341
red 1603962583369367
red 1603962583369393
red 1603962583369419
red 1603962583369445
red 1603962583369470
red 1603962583369496
red 1603962583369522
red 1603962583369548
red 1603962583369582
red 1603962583369646
red 1603962583369704
red 1603962583369733
red 1603962583369775
red 1603962583369832
red 1603962583369856
red 1603962583369882
red 1603962583369914
red 1603962583369978
red 1603962583370006
red 1603962583370031
red 1603962583370056
red 1603962583370082
red 1603962583370107
red 1603962583370134
red 1603962583370160
red 1603962583370185
red 1603962583370211
red 1603962583370236
red 1603962583370262
red 1603962583370288
red 1603962583370315
red 1603962583370364
red 1603962583370390
red 1603962583370415
red 1603962583370441
red 1603962583370466
red 1603962583370491
red 1603962583370517
red 1603962583370542
red 1603962583370569
red 1603962583370594
red 1603962583370620
red 1603962583370646
red 1603962583370672
red 1603962583370697
red 1603962583370722
red 1603962583370748
red 1603962583370774
red 1603962583370824
red 1603962583370861
red 1603962583370892
red 1603962583370921
red 1603962583370950
red 1603962583370978
red 1603962583371008
red 1603962583371037
red 1603962583371067
red 1603962583371097
red 1603962583371131
red 1603962583371162
red 1603962583371192
red 1603962583371219
red 1603962583371245
red 1603962583371271
red 1603962583371320
red 1603962583371345
red 1603962583371370
red 1603962583371396
red 1603962583371421
red 1603962583371447
red 1603962583371472
red 1603962583371497
red 1603962583371523
red 1603962583371548
red 1603962583371596
red 1603962583371621
red 1603962583371647
red 1603962583371672
red 1603962583371698
red 1603962583371722
red 1603962583371749
red 1603962583371774
red 1603962583371800
red 1603962583371825
red 1603962583371850
red 1603962583371876
red 1603962583371901
red 1603962583371927
red 1603962583371952
red 1603962583371979
red 1603962583372005
red 1603962583372030
red 1603962583372055
red 1603962583372079
red 1603962583372106
red 1603962583372132
red 1603962583372157
red 1603962583372183
red 1603962583372208
red 1603962583372233
red 1603962583372260
red 1603962583372286
red 1603962583372329
red 1603962583372355
red 1603962583372380
red 1603962583372405
red 1603962583372431
red 1603962583372456
red 1603962583372481
red 1603962583372508
red 1603962583372533
red 1603962583372559
red 1603962583372586
red 1603962583372612
red 1603962583372637
red 1603962583372663
red 1603962583372688
red 1603962583372714
red 1603962583372741
red 1603962583372767
red 1603962583372792
red 1603962583372819
red 1603962583372845
red 1603962583372871
red 1603962583372897
red 1603962583372924
red 1603962583372949
red 1603962583372975
red 1603962583373002
red 1603962583373028
red 1603962583373053
red 1603962583373079
red 1603962583373105
red 1603962583373131
red 1603962583373157
red 1603962583373183
red 1603962583373253
red 1603962583373278
red 1603962583373303
red 1603962583373329
red 1603962583373356
red 1603962583373381
red 1603962583373407
red 1603962583373434
red 1603962583373461
red 1603962583373486
red 1603962583373513
red 1603962583373539
red 1603962583373565
red 1603962583373591
red 1603962583373618
red 1603962583373644
red 1603962583373671
red 1603962583373697
red 1603962583373722
red 1603962583373748
red 1603962583373774
red 1603962583373800
red 1603962583373826
red 1603962583373852
red 1603962583373883
red 1603962583373915
red 1603962583373957
red 1603962583373995
red 1603962583374034
red 1603962583374065
red 1603962583374097
red 1603962583374123
red 1603962583374179
red 1603962583374209
red 1603962583374250
red 1603962583374277
red 1603962583374332
red 1603962583374357
red 1603962583374394
red 1603962583374420
red 1603962583374462
red 1603962583374495
red 1603962583374530
red 1603962583374572
red 1603962583374606
red 1603962583374647
red 1603962583374684
red 1603962583374718
red 1603962583374748
red 1603962583374776
red 1603962583374803
red 1603962583374828
red 1603962583374853
red 1603962583374878
red 1603962583374905
red 1603962583374933
red 1603962583374959
red 1603962583374985
red 1603962583375013
red 1603962583375064
red 1603962583375090
red 1603962583375115
red 1603962583375143
red 1603962583375169
red 1603962583375195
red 1603962583375221
red 1603962583375249
red 1603962583375275
red 1603962583375327
red 1603962583375354
red 1603962583375379
red 1603962583375404
red 1603962583375430
red 1603962583375456
red 1603962583375482
red 1603962583375509
red 1603962583375536
red 1603962583375562
red 1603962583375587
red 1603962583375613
red 1603962583375640
red 1603962583375666
red 1603962583375693
red 1603962583375719
red 1603962583375746
red 1603962583375772
red 1603962583375799
red 1603962583375826
red 1603962583375853
red 1603962583375880
red 1603962583375907
red 1603962583375934
red 1603962583375961
red 1603962583375992
red 1603962583376022
red 1603962583376215
red 1603962583376244
red 1603962583376269
red 1603962583376295
red 1603962583376321
red 1603962583376347
red 1603962583376373
red 1603962583376400
red 1603962583376426
red 1603962583376452
red 1603962583376506
red 1603962583376531
red 1603962583376558
red 1603962583376584
red 1603962583376611
red 1603962583376637
red 1603962583376663
red 1603962583376689
red 1603962583376715
red 1603962583376741
red 1603962583376766
red 1603962583376793
red 1603962583376818
red 1603962583376844
red 1603962583376871
red 1603962583376898
red 1603962583376923
red 1603962583376949
red 1603962583376975
red 1603962583377029
red 1603962583377056
red 1603962583377083
red 1603962583377108
red 1603962583377133
red 1603962583377159
red 1603962583377185
red 1603962583377211
red 1603962583377237
red 1603962583377263
red 1603962583377289
red 1603962583377316
red 1603962583377343
red 1603962583377370
red 1603962583377396
red 1603962583377422
red 1603962583377449
red 1603962583377475
red 1603962583377501
red 1603962583377528
red 1603962583377584
red 1603962583377625
red 1603962583377654
red 1603962583377682
red 1603962583377709
red 1603962583377739
red 1603962583377772
red 1603962583377798
red 1603962583377825
red 1603962583377851
red 1603962583377882
red 1603962583377909
red 1603962583377936
red 1603962583377963
red 1603962583377990
red 1603962583378017
red 1603962583378043
red 1603962583378070
red 1603962583378097
red 1603962583378124
red 1603962583378151
red 1603962583378178
red 1603962583378205
red 1603962583378232
red 1603962583378259
red 1603962583378287
red 1603962583378314
red 1603962583378365
red 1603962583378393
red 1603962583378420
red 1603962583378447
red 1603962583378474
red 1603962583378502
red 1603962583378529
red 1603962583378556
red 1603962583378583
red 1603962583378611
red 1603962583378638
red 1603962583378665
red 1603962583378692
red 1603962583378719
red 1603962583378746
red 1603962583378773
red 1603962583378800
red 1603962583378827
red 1603962583378854
red 1603962583378882
red 1603962583378909
red 1603962583378937
red 1603962583378963
red 1603962583378989
red 1603962583379046
red 1603962583379073
red 1603962583379100
red 1603962583379127
red 1603962583379154
red 1603962583379181
red 1603962583379208
red 1603962583379235
red 1603962583379261
red 1603962583379288
red 1603962583379314
red 1603962583379341
red 1603962583379367
red 1603962583379394
red 1603962583379420
red 1603962583379464
red 1603962583379491
red 1603962583379518
red 1603962583379545
red 1603962583379572
red 1603962583379599
red 1603962583379626
red 1603962583379653
red 1603962583379680
red 1603962583379707
red 1603962583379734
red 1603962583379761
red 1603962583379788
red 1603962583379816
red 1603962583379843
red 1603962583379870
red 1603962583379897
red 1603962583379924
red 1603962583379951
red 1603962583379978
red 1603962583380006
red 1603962583380033
red 1603962583380060
red 1603962583380087
red 1603962583380114
red 1603962583380142
red 1603962583380169
red 1603962583380215
red 1603962583380251
red 1603962583380285
red 1603962583380317
red 1603962583380343
red 1603962583380370
red 1603962583380396
red 1603962583380421
red 1603962583380448
red 1603962583380474
red 1603962583380500
red 1603962583380540
red 1603962583380568
red 1603962583380593
red 1603962583380643
red 1603962583380669
red 1603962583380698
red 1603962583380751
red 1603962583380804
red 1603962583380899
red 1603962583380929
red 1603962583380971
red 1603962583381007
red 1603962583381041
red 1603962583381069
red 1603962583381111
red 1603962583381152
red 1603962583381181
red 1603962583381220
red 1603962583381248
red 1603962583381283
red 1603962583381318
red 1603962583381359
red 1603962583381393
red 1603962583381424
red 1603962583381449
red 1603962583381501
red 1603962583381528
red 1603962583381554
red 1603962583381579
red 1603962583381604
red 1603962583381631
red 1603962583381657
red 1603962583381683
red 1603962583381708
red 1603962583381734
red 1603962583381761
red 1603962583381786
red 1603962583381812
red 1603962583381839
red 1603962583381865
red 1603962583381891
red 1603962583381916
red 1603962583381942
red 1603962583381967
red 1603962583381994
red 1603962583382020
red 1603962583382047
red 1603962583382073
red 1603962583382099
red 1603962583382125
red 1603962583382152
red 1603962583382178
red 1603962583382204
red 1603962583382230
red 1603962583382257
red 1603962583382283
red 1603962583382309
red 1603962583382335
red 1603962583382361
red 1603962583382387
red 1603962583382413
red 1603962583382438
red 1603962583382491
red 1603962583382518
red 1603962583382544
red 1603962583382570
red 1603962583382596
red 1603962583382641
red 1603962583382667
red 1603962583382694
red 1603962583382719
red 1603962583382753
red 1603962583382781
red 1603962583382809
red 1603962583382839
red 1603962583382865
red 1603962583382891
red 1603962583382917
red 1603962583382943
red 1603962583382969
red 1603962583382995
red 1603962583383022
red 1603962583383047
red 1603962583383074
red 1603962583383100
red 1603962583383126
red 1603962583383151
red 1603962583383177
red 1603962583383203
red 1603962583383229
red 1603962583383254
red 1603962583383281
red 1603962583383307
red 1603962583383332
red 1603962583383358
red 1603962583383385
red 1603962583383410
red 1603962583383435
red 1603962583383462
red 1603962583383488
red 1603962583383513
red 1603962583383540
red 1603962583383565
red 1603962583383591
red 1603962583383618
red 1603962583383643
red 1603962583383670
red 1603962583383696
red 1603962583383722
red 1603962583383747
red 1603962583383772
red 1603962583383815
red 1603962583383846
red 1603962583383872
red 1603962583383899
red 1603962583383925
red 1603962583383952
red 1603962583383980
red 1603962583384007
red 1603962583384035
red 1603962583384063
red 1603962583384090
red 1603962583384117
red 1603962583384143
red 1603962583384170
red 1603962583384197
red 1603962583384224
red 1603962583384278
red 1603962583384305
red 1603962583384333
red 1603962583384359
red 1603962583384396
red 1603962583384425
red 1603962583384453
red 1603962583384481
red 1603962583384510
red 1603962583384539
red 1603962583384568
red 1603962583384597
red 1603962583384625
red 1603962583384654
red 1603962583384682
red 1603962583384743
red 1603962583384787
red 1603962583384816
red 1603962583384845
red 1603962583384875
red 1603962583384904
red 1603962583384941
red 1603962583384970
red 1603962583384997
red 1603962583385026
red 1603962583385054
red 1603962583385081
red 1603962583385108
red 1603962583385135
red 1603962583385192
red 1603962583385280
red 1603962583385319
red 1603962583385351
red 1603962583385383
red 1603962583385415
red 1603962583385446
red 1603962583385478
red 1603962583385509
red 1603962583385544
red 1603962583385577
red 1603962583385656
red 1603962583385691
red 1603962583385722
red 1603962583385756
red 1603962583385792
red 1603962583385856
red 1603962583385891
red 1603962583385930
red 1603962583385978
red 1603962583386035
red 1603962583386088
red 1603962583386132
red 1603962583386157
red 1603962583386183
red 1603962583386210
red 1603962583386237
red 1603962583386264
red 1603962583386291
red 1603962583386328
red 1603962583386375
red 1603962583386410
red 1603962583386459
red 1603962583386490
red 1603962583386549
red 1603962583386624
red 1603962583386673
red 1603962583386712
red 1603962583386748
red 1603962583386813
red 1603962583386852
red 1603962583386882
red 1603962583386950
red 1603962583386994
red 1603962583387029
red 1603962583387059
red 1603962583387092
red 1603962583387120
red 1603962583387148
red 1603962583387175
red 1603962583387203
red 1603962583387231
red 1603962583387258
red 1603962583387285
red 1603962583387312
red 1603962583387339
red 1603962583387366
red 1603962583387394
red 1603962583387420
red 1603962583387448
red 1603962583387475
red 1603962583387503
red 1603962583387530
red 1603962583387590
red 1603962583387617
red 1603962583387645
red 1603962583387672
red 1603962583387700
red 1603962583387728
red 1603962583387755
red 1603962583387782
red 1603962583387810
red 1603962583387837
red 1603962583387865
red 1603962583387912
red 1603962583387939
red 1603962583387966
red 1603962583387993
red 1603962583388045
red 1603962583388085
red 1603962583388114
red 1603962583388159
red 1603962583388187
red 1603962583388216
red 1603962583388245
red 1603962583388288
red 1603962583388383
red 1603962583388413
red 1603962583388443
red 1603962583388471
red 1603962583388500
red 1603962583388529
red 1603962583388599
red 1603962583388629
red 1603962583388660
red 1603962583388691
red 1603962583388722
red 1603962583388754
red 1603962583388784
red 1603962583388817
red 1603962583388849
red 1603962583388881
red 1603962583388925
red 1603962583388960
red 1603962583388993
red 1603962583389036
red 1603962583389073
red 1603962583389108
red 1603962583389198
red 1603962583389233
red 1603962583389276
red 1603962583389315
red 1603962583389348
red 1603962583389387
red 1603962583389420
red 1603962583389455
red 1603962583389491
red 1603962583389526
red 1603962583389565
red 1603962583389599
red 1603962583389634
red 1603962583389708
red 1603962583389741
red 1603962583389775
red 1603962583389811
red 1603962583389852
red 1603962583389895
red 1603962583389940
red 1603962583389971
red 1603962583390001
red 1603962583390032
red 1603962583390063
red 1603962583390133
red 1603962583390198
red 1603962583390243
red 1603962583390288
red 1603962583390340
red 1603962583390390
red 1603962583390430
red 1603962583390473
red 1603962583390506
red 1603962583390533
red 1603962583390563
red 1603962583390592
red 1603962583390618
red 1603962583390644
red 1603962583390670
red 1603962583390697
red 1603962583390724
red 1603962583390753
red 1603962583390780
red 1603962583390808
red 1603962583390841
red 1603962583390871
red 1603962583390898
red 1603962583390927
red 1603962583390956
red 1603962583390983
red 1603962583391012
red 1603962583391040
red 1603962583391069
red 1603962583391098
red 1603962583391125
red 1603962583391154
red 1603962583391182
red 1603962583391215
red 1603962583391243
red 1603962583391268
red 1603962583391296
red 1603962583391323
red 1603962583391350
red 1603962583391400
red 1603962583391426
red 1603962583391453
red 1603962583391479
red 1603962583391505
red 1603962583391548
red 1603962583391574
red 1603962583391601
red 1603962583391628
red 1603962583391654
red 1603962583391710
red 1603962583391737
red 1603962583391763
red 1603962583391789
red 1603962583391814
red 1603962583391841
red 1603962583391867
red 1603962583391894
red 1603962583391939
red 1603962583391965
red 1603962583391990
red 1603962583392016
red 1603962583392042
red 1603962583392069
red 1603962583392096
red 1603962583392124
red 1603962583392150
red 1603962583392176
red 1603962583392202
red 1603962583392228
red 1603962583392267
red 1603962583392304
red 1603962583392330
red 1603962583392356
red 1603962583392383
red 1603962583392409
red 1603962583392434
red 1603962583392461
red 1603962583392487
red 1603962583392513
red 1603962583392540
red 1603962583392566
red 1603962583392593
red 1603962583392621
red 1603962583392647
red 1603962583392673
red 1603962583392698
red 1603962583392725
red 1603962583392752
red 1603962583392778
red 1603962583392804
red 1603962583392830
red 1603962583392856
red 1603962583392883
red 1603962583392909
red 1603962583392944
red 1603962583392970
red 1603962583392996
red 1603962583393022
